Copyright 1986-2022 Xilinx, Inc. All Rights Reserved. Copyright 2022-2023 Advanced Micro Devices, Inc. All Rights Reserved.
---------------------------------------------------------------------------------------------------------------------------------------------
| Tool Version : Vivado v.2023.2 (lin64) Build 4029153 Fri Oct 13 20:13:54 MDT 2023
| Date         : Wed Mar 26 17:35:49 2025
| Host         : Caribou-VM-HEPHY running 64-bit Rocky Linux release 8.9 (Green Obsidian)
| Command      : report_utilization -file LED_CH_wrapper_utilization_placed.rpt -pb LED_CH_wrapper_utilization_placed.pb
| Design       : LED_CH_wrapper
| Device       : xczu9eg-ffvb1156-2-e
| Speed File   : -2
| Design State : Fully Placed
---------------------------------------------------------------------------------------------------------------------------------------------

Utilization Design Information

Table of Contents
-----------------
1. CLB Logic
1.1 Summary of Registers by Type
2. CLB Logic Distribution
3. BLOCKRAM
4. ARITHMETIC
5. I/O
6. CLOCK
7. ADVANCED
8. CONFIGURATION
9. Primitives
10. Black Boxes
11. Instantiated Netlists

1. CLB Logic
------------

+----------------------------+------+-------+------------+-----------+-------+
|          Site Type         | Used | Fixed | Prohibited | Available | Util% |
+----------------------------+------+-------+------------+-----------+-------+
| CLB LUTs                   |  903 |     0 |          0 |    274080 |  0.33 |
|   LUT as Logic             |  825 |     0 |          0 |    274080 |  0.30 |
|   LUT as Memory            |   78 |     0 |          0 |    144000 |  0.05 |
|     LUT as Distributed RAM |   36 |     0 |            |           |       |
|     LUT as Shift Register  |   42 |     0 |            |           |       |
| CLB Registers              | 1035 |     0 |          0 |    548160 |  0.19 |
|   Register as Flip Flop    | 1035 |     0 |          0 |    548160 |  0.19 |
|   Register as Latch        |    0 |     0 |          0 |    548160 |  0.00 |
| CARRY8                     |    3 |     0 |          0 |     34260 | <0.01 |
| F7 Muxes                   |    2 |     0 |          0 |    137040 | <0.01 |
| F8 Muxes                   |    0 |     0 |          0 |     68520 |  0.00 |
| F9 Muxes                   |    0 |     0 |          0 |     34260 |  0.00 |
+----------------------------+------+-------+------------+-----------+-------+
* Warning! LUT value is adjusted to account for LUT combining.


1.1 Summary of Registers by Type
--------------------------------

+-------+--------------+-------------+--------------+
| Total | Clock Enable | Synchronous | Asynchronous |
+-------+--------------+-------------+--------------+
| 0     |            _ |           - |            - |
| 0     |            _ |           - |          Set |
| 0     |            _ |           - |        Reset |
| 0     |            _ |         Set |            - |
| 0     |            _ |       Reset |            - |
| 0     |          Yes |           - |            - |
| 33    |          Yes |           - |          Set |
| 69    |          Yes |           - |        Reset |
| 25    |          Yes |         Set |            - |
| 908   |          Yes |       Reset |            - |
+-------+--------------+-------------+--------------+


2. CLB Logic Distribution
-------------------------

+--------------------------------------------+------+-------+------------+-----------+-------+
|                  Site Type                 | Used | Fixed | Prohibited | Available | Util% |
+--------------------------------------------+------+-------+------------+-----------+-------+
| CLB                                        |  207 |     0 |          0 |     34260 |  0.60 |
|   CLBL                                     |   95 |     0 |            |           |       |
|   CLBM                                     |  112 |     0 |            |           |       |
| LUT as Logic                               |  825 |     0 |          0 |    274080 |  0.30 |
|   using O5 output only                     |   42 |       |            |           |       |
|   using O6 output only                     |  513 |       |            |           |       |
|   using O5 and O6                          |  270 |       |            |           |       |
| LUT as Memory                              |   78 |     0 |          0 |    144000 |  0.05 |
|   LUT as Distributed RAM                   |   36 |     0 |            |           |       |
|     using O5 output only                   |    0 |       |            |           |       |
|     using O6 output only                   |    0 |       |            |           |       |
|     using O5 and O6                        |   36 |       |            |           |       |
|   LUT as Shift Register                    |   42 |     0 |            |           |       |
|     using O5 output only                   |    0 |       |            |           |       |
|     using O6 output only                   |   42 |       |            |           |       |
|     using O5 and O6                        |    0 |       |            |           |       |
| CLB Registers                              | 1035 |     0 |          0 |    548160 |  0.19 |
|   Register driven from within the CLB      |  577 |       |            |           |       |
|   Register driven from outside the CLB     |  458 |       |            |           |       |
|     LUT in front of the register is unused |  330 |       |            |           |       |
|     LUT in front of the register is used   |  128 |       |            |           |       |
| Unique Control Sets                        |   70 |       |          0 |     68520 |  0.10 |
+--------------------------------------------+------+-------+------------+-----------+-------+
* * Note: Available Control Sets calculated as Slices * 2, Review the Control Sets Report for more information regarding control sets.


3. BLOCKRAM
-----------

+----------------+------+-------+------------+-----------+-------+
|    Site Type   | Used | Fixed | Prohibited | Available | Util% |
+----------------+------+-------+------------+-----------+-------+
| Block RAM Tile |    0 |     0 |          0 |       912 |  0.00 |
|   RAMB36/FIFO* |    0 |     0 |          0 |       912 |  0.00 |
|   RAMB18       |    0 |     0 |          0 |      1824 |  0.00 |
+----------------+------+-------+------------+-----------+-------+
* Note: Each Block RAM Tile only has one FIFO logic available and therefore can accommodate only one FIFO36E2 or one FIFO18E2. However, if a FIFO18E2 occupies a Block RAM Tile, that tile can still accommodate a RAMB18E2


4. ARITHMETIC
-------------

+-----------+------+-------+------------+-----------+-------+
| Site Type | Used | Fixed | Prohibited | Available | Util% |
+-----------+------+-------+------------+-----------+-------+
| DSPs      |    0 |     0 |          0 |      2520 |  0.00 |
+-----------+------+-------+------------+-----------+-------+


5. I/O
------

+------------------+------+-------+------------+-----------+-------+
|     Site Type    | Used | Fixed | Prohibited | Available | Util% |
+------------------+------+-------+------------+-----------+-------+
| Bonded IOB       |    8 |     8 |          0 |       328 |  2.44 |
| HPIOB_M          |    0 |     0 |          0 |        96 |  0.00 |
| HPIOB_S          |    0 |     0 |          0 |        96 |  0.00 |
| HDIOB_M          |    4 |     4 |          0 |        60 |  6.67 |
|   INPUT          |    0 |       |            |           |       |
|   OUTPUT         |    4 |       |            |           |       |
|   BIDIR          |    0 |       |            |           |       |
| HDIOB_S          |    4 |     4 |          0 |        60 |  6.67 |
|   INPUT          |    0 |       |            |           |       |
|   OUTPUT         |    4 |       |            |           |       |
|   BIDIR          |    0 |       |            |           |       |
| HPIOB_SNGL       |    0 |     0 |          0 |        16 |  0.00 |
| HPIOBDIFFINBUF   |    0 |     0 |          0 |        96 |  0.00 |
| HPIOBDIFFOUTBUF  |    0 |     0 |          0 |        96 |  0.00 |
| HDIOBDIFFINBUF   |    0 |     0 |          0 |        60 |  0.00 |
| BITSLICE_CONTROL |    0 |     0 |          0 |        32 |  0.00 |
| BITSLICE_RX_TX   |    0 |     0 |          0 |      1248 |  0.00 |
| BITSLICE_TX      |    0 |     0 |          0 |        32 |  0.00 |
| RIU_OR           |    0 |     0 |          0 |        16 |  0.00 |
+------------------+------+-------+------------+-----------+-------+


6. CLOCK
--------

+----------------------+------+-------+------------+-----------+-------+
|       Site Type      | Used | Fixed | Prohibited | Available | Util% |
+----------------------+------+-------+------------+-----------+-------+
| GLOBAL CLOCK BUFFERs |    1 |     0 |          0 |       404 |  0.25 |
|   BUFGCE             |    0 |     0 |          0 |       116 |  0.00 |
|   BUFGCE_DIV         |    0 |     0 |          0 |        16 |  0.00 |
|   BUFG_GT            |    0 |     0 |          0 |       168 |  0.00 |
|   BUFG_PS            |    1 |     0 |          0 |        72 |  1.39 |
|   BUFGCTRL*          |    0 |     0 |          0 |        32 |  0.00 |
| PLL                  |    0 |     0 |          0 |         8 |  0.00 |
| MMCM                 |    0 |     0 |          0 |         4 |  0.00 |
+----------------------+------+-------+------------+-----------+-------+
* Note: Each used BUFGCTRL counts as two GLOBAL CLOCK BUFFERs. This table does not include global clocking resources, only buffer cell usage. See the Clock Utilization Report (report_clock_utilization) for detailed accounting of global clocking resource availability.


7. ADVANCED
-----------

+-----------------+------+-------+------------+-----------+--------+
|    Site Type    | Used | Fixed | Prohibited | Available |  Util% |
+-----------------+------+-------+------------+-----------+--------+
| GTHE4_CHANNEL   |    0 |     0 |          0 |        24 |   0.00 |
| GTHE4_COMMON    |    0 |     0 |          0 |         6 |   0.00 |
| OBUFDS_GTE4     |    0 |     0 |          0 |        12 |   0.00 |
| OBUFDS_GTE4_ADV |    0 |     0 |          0 |        12 |   0.00 |
| PS8             |    1 |     0 |          0 |         1 | 100.00 |
| SYSMONE4        |    0 |     0 |          0 |         1 |   0.00 |
+-----------------+------+-------+------------+-----------+--------+


8. CONFIGURATION
----------------

+-------------+------+-------+------------+-----------+-------+
|  Site Type  | Used | Fixed | Prohibited | Available | Util% |
+-------------+------+-------+------------+-----------+-------+
| BSCANE2     |    0 |     0 |          0 |         4 |  0.00 |
| DNA_PORTE2  |    0 |     0 |          0 |         1 |  0.00 |
| EFUSE_USR   |    0 |     0 |          0 |         1 |  0.00 |
| FRAME_ECCE4 |    0 |     0 |          0 |         1 |  0.00 |
| ICAPE3      |    0 |     0 |          0 |         2 |  0.00 |
| MASTER_JTAG |    0 |     0 |          0 |         1 |  0.00 |
| STARTUPE3   |    0 |     0 |          0 |         1 |  0.00 |
+-------------+------+-------+------------+-----------+-------+


9. Primitives
-------------

+----------+------+---------------------+
| Ref Name | Used | Functional Category |
+----------+------+---------------------+
| FDRE     |  908 |            Register |
| LUT6     |  346 |                 CLB |
| LUT3     |  193 |                 CLB |
| LUT5     |  190 |                 CLB |
| LUT4     |  190 |                 CLB |
| LUT2     |  125 |                 CLB |
| FDCE     |   69 |            Register |
| RAMD32   |   62 |                 CLB |
| LUT1     |   51 |                 CLB |
| SRLC32E  |   33 |                 CLB |
| FDPE     |   33 |            Register |
| FDSE     |   25 |            Register |
| RAMS32   |   10 |                 CLB |
| SRL16E   |    9 |                 CLB |
| OBUF     |    8 |                 I/O |
| CARRY8   |    3 |                 CLB |
| MUXF7    |    2 |                 CLB |
| PS8      |    1 |            Advanced |
| BUFG_PS  |    1 |               Clock |
+----------+------+---------------------+


10. Black Boxes
---------------

+----------+------+
| Ref Name | Used |
+----------+------+


11. Instantiated Netlists
-------------------------

+-------------------------------+------+
|            Ref Name           | Used |
+-------------------------------+------+
| LED_CH_zynq_ultra_ps_e_0_0    |    1 |
| LED_CH_rst_ps8_0_99M_0        |    1 |
| LED_CH_led_blink_patterns_0_0 |    1 |
| LED_CH_axi_gpio_0_0           |    1 |
| LED_CH_auto_pc_0              |    1 |
| LED_CH_auto_ds_0              |    1 |
+-------------------------------+------+


