
*** Running vivado
    with args -log gig_ethernet_pcs_pma_1.vds -m64 -product Vivado -mode batch -messageDb vivado.pb -notrace -source gig_ethernet_pcs_pma_1.tcl


****** Vivado v2023.2 (64-bit)
  **** SW Build 4029153 on Fri Oct 13 20:13:54 MDT 2023
  **** IP Build 4028589 on Sat Oct 14 00:45:43 MDT 2023
  **** SharedData Build 4025554 on Tue Oct 10 17:18:54 MDT 2023
    ** Copyright 1986-2022 Xilinx, Inc. All Rights Reserved.
    ** Copyright 2022-2023 Advanced Micro Devices, Inc. All Rights Reserved.

source gig_ethernet_pcs_pma_1.tcl -notrace
create_project: Time (s): cpu = 00:00:05 ; elapsed = 00:00:07 . Memory (MB): peak = 1571.090 ; gain = 38.828 ; free physical = 43258 ; free virtual = 59664
INFO: [IP_Flow 19-234] Refreshing IP repositories
WARNING: [IP_Flow 19-2248] Failed to load user IP repository '/home/pct/Caribou/MPW4_Helmut/MPW3/ip_repo/control_register_1.0'; Can't find the specified path.
If this directory should no longer be in your list of user repositories, go to the IP Settings dialog and remove it.
WARNING: [IP_Flow 19-2248] Failed to load user IP repository '/home/pct/Caribou/MPW4_Helmut/MPW3/ip-repo'; Can't find the specified path.
If this directory should no longer be in your list of user repositories, go to the IP Settings dialog and remove it.
INFO: [IP_Flow 19-2313] Loaded Vivado IP repository '/home/pct/Caribou/vivado/Vivado/2023.2/data/ip'.
INFO: [IP_Flow 19-6924] IPCACHE: Running cache check for IP inst: gig_ethernet_pcs_pma_1
INFO: [IP_Flow 19-6922] IPCACHE: Exporting cached entry 4b633471ff368aa6 to dir: /home/pct/Caribou/MPW4_Helmut/MPW4/caribou-soc/caribou-soc.runs/gig_ethernet_pcs_pma_1_synth_1
INFO: [IP_Flow 19-6928] IPCACHE: copied cached file /home/pct/Caribou/MPW4_Helmut/MPW4/caribou-soc/caribou-soc.cache/ip/2023.2/4/b/4b633471ff368aa6/gig_ethernet_pcs_pma_1.dcp to /home/pct/Caribou/MPW4_Helmut/MPW4/caribou-soc/caribou-soc.runs/gig_ethernet_pcs_pma_1_synth_1/gig_ethernet_pcs_pma_1.dcp.
INFO: [IP_Flow 19-6928] IPCACHE: copied cached file /home/pct/Caribou/MPW4_Helmut/MPW4/caribou-soc/caribou-soc.cache/ip/2023.2/4/b/4b633471ff368aa6/gig_ethernet_pcs_pma_1_stub.v to /home/pct/Caribou/MPW4_Helmut/MPW4/caribou-soc/caribou-soc.runs/gig_ethernet_pcs_pma_1_synth_1/gig_ethernet_pcs_pma_1_stub.v.
INFO: [IP_Flow 19-6928] IPCACHE: copied cached file /home/pct/Caribou/MPW4_Helmut/MPW4/caribou-soc/caribou-soc.cache/ip/2023.2/4/b/4b633471ff368aa6/gig_ethernet_pcs_pma_1_stub.vhdl to /home/pct/Caribou/MPW4_Helmut/MPW4/caribou-soc/caribou-soc.runs/gig_ethernet_pcs_pma_1_synth_1/gig_ethernet_pcs_pma_1_stub.vhdl.
INFO: [IP_Flow 19-6928] IPCACHE: copied cached file /home/pct/Caribou/MPW4_Helmut/MPW4/caribou-soc/caribou-soc.cache/ip/2023.2/4/b/4b633471ff368aa6/gig_ethernet_pcs_pma_1_sim_netlist.v to /home/pct/Caribou/MPW4_Helmut/MPW4/caribou-soc/caribou-soc.runs/gig_ethernet_pcs_pma_1_synth_1/gig_ethernet_pcs_pma_1_sim_netlist.v.
INFO: [IP_Flow 19-6928] IPCACHE: copied cached file /home/pct/Caribou/MPW4_Helmut/MPW4/caribou-soc/caribou-soc.cache/ip/2023.2/4/b/4b633471ff368aa6/gig_ethernet_pcs_pma_1_sim_netlist.vhdl to /home/pct/Caribou/MPW4_Helmut/MPW4/caribou-soc/caribou-soc.runs/gig_ethernet_pcs_pma_1_synth_1/gig_ethernet_pcs_pma_1_sim_netlist.vhdl.
INFO: [IP_Flow 19-4838] Using cached IP synthesis design for IP gig_ethernet_pcs_pma_1, cache-ID = 4b633471ff368aa6.
INFO: [Common 17-206] Exiting Vivado at Mon Mar 24 09:30:28 2025...
