
*** Running vivado
    with args -log caribou_top_xbar_0.vds -m64 -product Vivado -mode batch -messageDb vivado.pb -notrace -source caribou_top_xbar_0.tcl


****** Vivado v2023.2 (64-bit)
  **** SW Build 4029153 on Fri Oct 13 20:13:54 MDT 2023
  **** IP Build 4028589 on Sat Oct 14 00:45:43 MDT 2023
  **** SharedData Build 4025554 on Tue Oct 10 17:18:54 MDT 2023
    ** Copyright 1986-2022 Xilinx, Inc. All Rights Reserved.
    ** Copyright 2022-2023 Advanced Micro Devices, Inc. All Rights Reserved.

source caribou_top_xbar_0.tcl -notrace
create_project: Time (s): cpu = 00:00:05 ; elapsed = 00:00:06 . Memory (MB): peak = 1576.434 ; gain = 2.016 ; free physical = 43851 ; free virtual = 60257
INFO: [IP_Flow 19-234] Refreshing IP repositories
WARNING: [IP_Flow 19-2248] Failed to load user IP repository '/home/pct/Caribou/MPW4_Helmut/MPW3/ip_repo/control_register_1.0'; Can't find the specified path.
If this directory should no longer be in your list of user repositories, go to the IP Settings dialog and remove it.
WARNING: [IP_Flow 19-2248] Failed to load user IP repository '/home/pct/Caribou/MPW4_Helmut/MPW3/ip-repo'; Can't find the specified path.
If this directory should no longer be in your list of user repositories, go to the IP Settings dialog and remove it.
INFO: [IP_Flow 19-2313] Loaded Vivado IP repository '/home/pct/Caribou/vivado/Vivado/2023.2/data/ip'.
INFO: [IP_Flow 19-6924] IPCACHE: Running cache check for IP inst: caribou_top_xbar_0
Command: synth_design -top caribou_top_xbar_0 -part xc7z045ffg900-2 -incremental_mode off -mode out_of_context
Starting synth_design
Attempting to get a license for feature 'Synthesis' and/or device 'xc7z045'
INFO: [Common 17-349] Got license for feature 'Synthesis' and/or device 'xc7z045'
INFO: [Device 21-403] Loading part xc7z045ffg900-2
INFO: [Synth 8-7079] Multithreading enabled for synth_design using a maximum of 4 processes.
INFO: [Synth 8-7078] Launching helper process for spawning children vivado processes
INFO: [Synth 8-7075] Helper process launched with PID 3095505
---------------------------------------------------------------------------------
Starting RTL Elaboration : Time (s): cpu = 00:00:03 ; elapsed = 00:00:04 . Memory (MB): peak = 2415.387 ; gain = 400.746 ; free physical = 41025 ; free virtual = 57433
---------------------------------------------------------------------------------
INFO: [Synth 8-6157] synthesizing module 'caribou_top_xbar_0' [/home/pct/Caribou/MPW4_Helmut/MPW4/caribou-soc/caribou-soc.srcs/sources_1/bd/caribou_top/ip/caribou_top_xbar_0/synth/caribou_top_xbar_0.v:53]
INFO: [Synth 8-6157] synthesizing module 'axi_crossbar_v2_1_30_axi_crossbar' [/home/pct/Caribou/MPW4_Helmut/MPW4/caribou-soc/caribou-soc.srcs/sources_1/bd/caribou_top/ipshared/fb47/hdl/axi_crossbar_v2_1_vl_rfs.v:4871]
INFO: [Synth 8-6157] synthesizing module 'axi_crossbar_v2_1_30_crossbar' [/home/pct/Caribou/MPW4_Helmut/MPW4/caribou-soc/caribou-soc.srcs/sources_1/bd/caribou_top/ipshared/fb47/hdl/axi_crossbar_v2_1_vl_rfs.v:2232]
INFO: [Synth 8-6157] synthesizing module 'axi_crossbar_v2_1_30_si_transactor' [/home/pct/Caribou/MPW4_Helmut/MPW4/caribou-soc/caribou-soc.srcs/sources_1/bd/caribou_top/ipshared/fb47/hdl/axi_crossbar_v2_1_vl_rfs.v:3791]
INFO: [Synth 8-6157] synthesizing module 'axi_crossbar_v2_1_30_addr_decoder' [/home/pct/Caribou/MPW4_Helmut/MPW4/caribou-soc/caribou-soc.srcs/sources_1/bd/caribou_top/ipshared/fb47/hdl/axi_crossbar_v2_1_vl_rfs.v:790]
INFO: [Synth 8-6157] synthesizing module 'generic_baseblocks_v2_1_1_comparator_static' [/home/pct/Caribou/MPW4_Helmut/MPW4/caribou-soc/caribou-soc.srcs/sources_1/bd/caribou_top/ipshared/10ab/hdl/generic_baseblocks_v2_1_vl_rfs.v:2119]
INFO: [Synth 8-6157] synthesizing module 'generic_baseblocks_v2_1_1_carry_and' [/home/pct/Caribou/MPW4_Helmut/MPW4/caribou-soc/caribou-soc.srcs/sources_1/bd/caribou_top/ipshared/10ab/hdl/generic_baseblocks_v2_1_vl_rfs.v:60]
INFO: [Synth 8-6155] done synthesizing module 'generic_baseblocks_v2_1_1_carry_and' (0#1) [/home/pct/Caribou/MPW4_Helmut/MPW4/caribou-soc/caribou-soc.srcs/sources_1/bd/caribou_top/ipshared/10ab/hdl/generic_baseblocks_v2_1_vl_rfs.v:60]
INFO: [Synth 8-6155] done synthesizing module 'generic_baseblocks_v2_1_1_comparator_static' (0#1) [/home/pct/Caribou/MPW4_Helmut/MPW4/caribou-soc/caribou-soc.srcs/sources_1/bd/caribou_top/ipshared/10ab/hdl/generic_baseblocks_v2_1_vl_rfs.v:2119]
INFO: [Synth 8-6157] synthesizing module 'generic_baseblocks_v2_1_1_comparator_static__parameterized0' [/home/pct/Caribou/MPW4_Helmut/MPW4/caribou-soc/caribou-soc.srcs/sources_1/bd/caribou_top/ipshared/10ab/hdl/generic_baseblocks_v2_1_vl_rfs.v:2119]
INFO: [Synth 8-6155] done synthesizing module 'generic_baseblocks_v2_1_1_comparator_static__parameterized0' (0#1) [/home/pct/Caribou/MPW4_Helmut/MPW4/caribou-soc/caribou-soc.srcs/sources_1/bd/caribou_top/ipshared/10ab/hdl/generic_baseblocks_v2_1_vl_rfs.v:2119]
INFO: [Synth 8-6157] synthesizing module 'generic_baseblocks_v2_1_1_comparator_static__parameterized1' [/home/pct/Caribou/MPW4_Helmut/MPW4/caribou-soc/caribou-soc.srcs/sources_1/bd/caribou_top/ipshared/10ab/hdl/generic_baseblocks_v2_1_vl_rfs.v:2119]
INFO: [Synth 8-6155] done synthesizing module 'generic_baseblocks_v2_1_1_comparator_static__parameterized1' (0#1) [/home/pct/Caribou/MPW4_Helmut/MPW4/caribou-soc/caribou-soc.srcs/sources_1/bd/caribou_top/ipshared/10ab/hdl/generic_baseblocks_v2_1_vl_rfs.v:2119]
INFO: [Synth 8-6157] synthesizing module 'generic_baseblocks_v2_1_1_comparator_static__parameterized2' [/home/pct/Caribou/MPW4_Helmut/MPW4/caribou-soc/caribou-soc.srcs/sources_1/bd/caribou_top/ipshared/10ab/hdl/generic_baseblocks_v2_1_vl_rfs.v:2119]
INFO: [Synth 8-6155] done synthesizing module 'generic_baseblocks_v2_1_1_comparator_static__parameterized2' (0#1) [/home/pct/Caribou/MPW4_Helmut/MPW4/caribou-soc/caribou-soc.srcs/sources_1/bd/caribou_top/ipshared/10ab/hdl/generic_baseblocks_v2_1_vl_rfs.v:2119]
INFO: [Synth 8-6157] synthesizing module 'generic_baseblocks_v2_1_1_comparator_static__parameterized3' [/home/pct/Caribou/MPW4_Helmut/MPW4/caribou-soc/caribou-soc.srcs/sources_1/bd/caribou_top/ipshared/10ab/hdl/generic_baseblocks_v2_1_vl_rfs.v:2119]
INFO: [Synth 8-6155] done synthesizing module 'generic_baseblocks_v2_1_1_comparator_static__parameterized3' (0#1) [/home/pct/Caribou/MPW4_Helmut/MPW4/caribou-soc/caribou-soc.srcs/sources_1/bd/caribou_top/ipshared/10ab/hdl/generic_baseblocks_v2_1_vl_rfs.v:2119]
INFO: [Synth 8-6157] synthesizing module 'generic_baseblocks_v2_1_1_comparator_static__parameterized4' [/home/pct/Caribou/MPW4_Helmut/MPW4/caribou-soc/caribou-soc.srcs/sources_1/bd/caribou_top/ipshared/10ab/hdl/generic_baseblocks_v2_1_vl_rfs.v:2119]
INFO: [Synth 8-6155] done synthesizing module 'generic_baseblocks_v2_1_1_comparator_static__parameterized4' (0#1) [/home/pct/Caribou/MPW4_Helmut/MPW4/caribou-soc/caribou-soc.srcs/sources_1/bd/caribou_top/ipshared/10ab/hdl/generic_baseblocks_v2_1_vl_rfs.v:2119]
INFO: [Synth 8-6157] synthesizing module 'generic_baseblocks_v2_1_1_comparator_static__parameterized5' [/home/pct/Caribou/MPW4_Helmut/MPW4/caribou-soc/caribou-soc.srcs/sources_1/bd/caribou_top/ipshared/10ab/hdl/generic_baseblocks_v2_1_vl_rfs.v:2119]
INFO: [Synth 8-6155] done synthesizing module 'generic_baseblocks_v2_1_1_comparator_static__parameterized5' (0#1) [/home/pct/Caribou/MPW4_Helmut/MPW4/caribou-soc/caribou-soc.srcs/sources_1/bd/caribou_top/ipshared/10ab/hdl/generic_baseblocks_v2_1_vl_rfs.v:2119]
INFO: [Synth 8-6157] synthesizing module 'generic_baseblocks_v2_1_1_comparator_static__parameterized6' [/home/pct/Caribou/MPW4_Helmut/MPW4/caribou-soc/caribou-soc.srcs/sources_1/bd/caribou_top/ipshared/10ab/hdl/generic_baseblocks_v2_1_vl_rfs.v:2119]
INFO: [Synth 8-6155] done synthesizing module 'generic_baseblocks_v2_1_1_comparator_static__parameterized6' (0#1) [/home/pct/Caribou/MPW4_Helmut/MPW4/caribou-soc/caribou-soc.srcs/sources_1/bd/caribou_top/ipshared/10ab/hdl/generic_baseblocks_v2_1_vl_rfs.v:2119]
INFO: [Synth 8-6157] synthesizing module 'generic_baseblocks_v2_1_1_comparator_static__parameterized7' [/home/pct/Caribou/MPW4_Helmut/MPW4/caribou-soc/caribou-soc.srcs/sources_1/bd/caribou_top/ipshared/10ab/hdl/generic_baseblocks_v2_1_vl_rfs.v:2119]
INFO: [Synth 8-6155] done synthesizing module 'generic_baseblocks_v2_1_1_comparator_static__parameterized7' (0#1) [/home/pct/Caribou/MPW4_Helmut/MPW4/caribou-soc/caribou-soc.srcs/sources_1/bd/caribou_top/ipshared/10ab/hdl/generic_baseblocks_v2_1_vl_rfs.v:2119]
INFO: [Synth 8-6157] synthesizing module 'generic_baseblocks_v2_1_1_comparator_static__parameterized8' [/home/pct/Caribou/MPW4_Helmut/MPW4/caribou-soc/caribou-soc.srcs/sources_1/bd/caribou_top/ipshared/10ab/hdl/generic_baseblocks_v2_1_vl_rfs.v:2119]
INFO: [Synth 8-6155] done synthesizing module 'generic_baseblocks_v2_1_1_comparator_static__parameterized8' (0#1) [/home/pct/Caribou/MPW4_Helmut/MPW4/caribou-soc/caribou-soc.srcs/sources_1/bd/caribou_top/ipshared/10ab/hdl/generic_baseblocks_v2_1_vl_rfs.v:2119]
INFO: [Synth 8-6157] synthesizing module 'generic_baseblocks_v2_1_1_comparator_static__parameterized9' [/home/pct/Caribou/MPW4_Helmut/MPW4/caribou-soc/caribou-soc.srcs/sources_1/bd/caribou_top/ipshared/10ab/hdl/generic_baseblocks_v2_1_vl_rfs.v:2119]
INFO: [Synth 8-6155] done synthesizing module 'generic_baseblocks_v2_1_1_comparator_static__parameterized9' (0#1) [/home/pct/Caribou/MPW4_Helmut/MPW4/caribou-soc/caribou-soc.srcs/sources_1/bd/caribou_top/ipshared/10ab/hdl/generic_baseblocks_v2_1_vl_rfs.v:2119]
INFO: [Synth 8-6157] synthesizing module 'generic_baseblocks_v2_1_1_comparator_static__parameterized10' [/home/pct/Caribou/MPW4_Helmut/MPW4/caribou-soc/caribou-soc.srcs/sources_1/bd/caribou_top/ipshared/10ab/hdl/generic_baseblocks_v2_1_vl_rfs.v:2119]
INFO: [Synth 8-6155] done synthesizing module 'generic_baseblocks_v2_1_1_comparator_static__parameterized10' (0#1) [/home/pct/Caribou/MPW4_Helmut/MPW4/caribou-soc/caribou-soc.srcs/sources_1/bd/caribou_top/ipshared/10ab/hdl/generic_baseblocks_v2_1_vl_rfs.v:2119]
INFO: [Synth 8-6157] synthesizing module 'generic_baseblocks_v2_1_1_comparator_static__parameterized11' [/home/pct/Caribou/MPW4_Helmut/MPW4/caribou-soc/caribou-soc.srcs/sources_1/bd/caribou_top/ipshared/10ab/hdl/generic_baseblocks_v2_1_vl_rfs.v:2119]
INFO: [Synth 8-6155] done synthesizing module 'generic_baseblocks_v2_1_1_comparator_static__parameterized11' (0#1) [/home/pct/Caribou/MPW4_Helmut/MPW4/caribou-soc/caribou-soc.srcs/sources_1/bd/caribou_top/ipshared/10ab/hdl/generic_baseblocks_v2_1_vl_rfs.v:2119]
INFO: [Synth 8-6157] synthesizing module 'generic_baseblocks_v2_1_1_comparator_static__parameterized12' [/home/pct/Caribou/MPW4_Helmut/MPW4/caribou-soc/caribou-soc.srcs/sources_1/bd/caribou_top/ipshared/10ab/hdl/generic_baseblocks_v2_1_vl_rfs.v:2119]
INFO: [Synth 8-6155] done synthesizing module 'generic_baseblocks_v2_1_1_comparator_static__parameterized12' (0#1) [/home/pct/Caribou/MPW4_Helmut/MPW4/caribou-soc/caribou-soc.srcs/sources_1/bd/caribou_top/ipshared/10ab/hdl/generic_baseblocks_v2_1_vl_rfs.v:2119]
INFO: [Synth 8-6155] done synthesizing module 'axi_crossbar_v2_1_30_addr_decoder' (0#1) [/home/pct/Caribou/MPW4_Helmut/MPW4/caribou-soc/caribou-soc.srcs/sources_1/bd/caribou_top/ipshared/fb47/hdl/axi_crossbar_v2_1_vl_rfs.v:790]
INFO: [Synth 8-6157] synthesizing module 'axi_data_fifo_v2_1_28_axic_srl_fifo' [/home/pct/Caribou/MPW4_Helmut/MPW4/caribou-soc/caribou-soc.srcs/sources_1/bd/caribou_top/ipshared/279e/hdl/axi_data_fifo_v2_1_vl_rfs.v:694]
INFO: [Synth 8-6157] synthesizing module 'axi_data_fifo_v2_1_28_ndeep_srl' [/home/pct/Caribou/MPW4_Helmut/MPW4/caribou-soc/caribou-soc.srcs/sources_1/bd/caribou_top/ipshared/279e/hdl/axi_data_fifo_v2_1_vl_rfs.v:1129]
INFO: [Synth 8-6157] synthesizing module 'SRLC32E' [/home/pct/Caribou/vivado/Vivado/2023.2/scripts/rt/data/unisim_comp.v:133887]
INFO: [Synth 8-6155] done synthesizing module 'SRLC32E' (0#1) [/home/pct/Caribou/vivado/Vivado/2023.2/scripts/rt/data/unisim_comp.v:133887]
INFO: [Synth 8-6155] done synthesizing module 'axi_data_fifo_v2_1_28_ndeep_srl' (0#1) [/home/pct/Caribou/MPW4_Helmut/MPW4/caribou-soc/caribou-soc.srcs/sources_1/bd/caribou_top/ipshared/279e/hdl/axi_data_fifo_v2_1_vl_rfs.v:1129]
INFO: [Synth 8-6155] done synthesizing module 'axi_data_fifo_v2_1_28_axic_srl_fifo' (0#1) [/home/pct/Caribou/MPW4_Helmut/MPW4/caribou-soc/caribou-soc.srcs/sources_1/bd/caribou_top/ipshared/279e/hdl/axi_data_fifo_v2_1_vl_rfs.v:694]
INFO: [Synth 8-6157] synthesizing module 'axi_crossbar_v2_1_30_arbiter_resp' [/home/pct/Caribou/MPW4_Helmut/MPW4/caribou-soc/caribou-soc.srcs/sources_1/bd/caribou_top/ipshared/fb47/hdl/axi_crossbar_v2_1_vl_rfs.v:1020]
INFO: [Synth 8-6155] done synthesizing module 'axi_crossbar_v2_1_30_arbiter_resp' (0#1) [/home/pct/Caribou/MPW4_Helmut/MPW4/caribou-soc/caribou-soc.srcs/sources_1/bd/caribou_top/ipshared/fb47/hdl/axi_crossbar_v2_1_vl_rfs.v:1020]
INFO: [Synth 8-6157] synthesizing module 'generic_baseblocks_v2_1_1_mux_enc' [/home/pct/Caribou/MPW4_Helmut/MPW4/caribou-soc/caribou-soc.srcs/sources_1/bd/caribou_top/ipshared/10ab/hdl/generic_baseblocks_v2_1_vl_rfs.v:2436]
INFO: [Synth 8-6157] synthesizing module 'MUXF7' [/home/pct/Caribou/vivado/Vivado/2023.2/scripts/rt/data/unisim_comp.v:85238]
INFO: [Synth 8-6155] done synthesizing module 'MUXF7' (0#1) [/home/pct/Caribou/vivado/Vivado/2023.2/scripts/rt/data/unisim_comp.v:85238]
INFO: [Synth 8-6157] synthesizing module 'MUXF8' [/home/pct/Caribou/vivado/Vivado/2023.2/scripts/rt/data/unisim_comp.v:85275]
INFO: [Synth 8-6155] done synthesizing module 'MUXF8' (0#1) [/home/pct/Caribou/vivado/Vivado/2023.2/scripts/rt/data/unisim_comp.v:85275]
INFO: [Synth 8-6155] done synthesizing module 'generic_baseblocks_v2_1_1_mux_enc' (0#1) [/home/pct/Caribou/MPW4_Helmut/MPW4/caribou-soc/caribou-soc.srcs/sources_1/bd/caribou_top/ipshared/10ab/hdl/generic_baseblocks_v2_1_vl_rfs.v:2436]
INFO: [Synth 8-6155] done synthesizing module 'axi_crossbar_v2_1_30_si_transactor' (0#1) [/home/pct/Caribou/MPW4_Helmut/MPW4/caribou-soc/caribou-soc.srcs/sources_1/bd/caribou_top/ipshared/fb47/hdl/axi_crossbar_v2_1_vl_rfs.v:3791]
INFO: [Synth 8-6157] synthesizing module 'axi_crossbar_v2_1_30_si_transactor__parameterized0' [/home/pct/Caribou/MPW4_Helmut/MPW4/caribou-soc/caribou-soc.srcs/sources_1/bd/caribou_top/ipshared/fb47/hdl/axi_crossbar_v2_1_vl_rfs.v:3791]
INFO: [Synth 8-6157] synthesizing module 'generic_baseblocks_v2_1_1_mux_enc__parameterized0' [/home/pct/Caribou/MPW4_Helmut/MPW4/caribou-soc/caribou-soc.srcs/sources_1/bd/caribou_top/ipshared/10ab/hdl/generic_baseblocks_v2_1_vl_rfs.v:2436]
INFO: [Synth 8-6155] done synthesizing module 'generic_baseblocks_v2_1_1_mux_enc__parameterized0' (0#1) [/home/pct/Caribou/MPW4_Helmut/MPW4/caribou-soc/caribou-soc.srcs/sources_1/bd/caribou_top/ipshared/10ab/hdl/generic_baseblocks_v2_1_vl_rfs.v:2436]
INFO: [Synth 8-6155] done synthesizing module 'axi_crossbar_v2_1_30_si_transactor__parameterized0' (0#1) [/home/pct/Caribou/MPW4_Helmut/MPW4/caribou-soc/caribou-soc.srcs/sources_1/bd/caribou_top/ipshared/fb47/hdl/axi_crossbar_v2_1_vl_rfs.v:3791]
INFO: [Synth 8-6157] synthesizing module 'axi_crossbar_v2_1_30_splitter' [/home/pct/Caribou/MPW4_Helmut/MPW4/caribou-soc/caribou-soc.srcs/sources_1/bd/caribou_top/ipshared/fb47/hdl/axi_crossbar_v2_1_vl_rfs.v:4451]
INFO: [Synth 8-6155] done synthesizing module 'axi_crossbar_v2_1_30_splitter' (0#1) [/home/pct/Caribou/MPW4_Helmut/MPW4/caribou-soc/caribou-soc.srcs/sources_1/bd/caribou_top/ipshared/fb47/hdl/axi_crossbar_v2_1_vl_rfs.v:4451]
INFO: [Synth 8-6157] synthesizing module 'axi_crossbar_v2_1_30_wdata_router' [/home/pct/Caribou/MPW4_Helmut/MPW4/caribou-soc/caribou-soc.srcs/sources_1/bd/caribou_top/ipshared/fb47/hdl/axi_crossbar_v2_1_vl_rfs.v:4724]
INFO: [Synth 8-6157] synthesizing module 'axi_data_fifo_v2_1_28_axic_reg_srl_fifo' [/home/pct/Caribou/MPW4_Helmut/MPW4/caribou-soc/caribou-soc.srcs/sources_1/bd/caribou_top/ipshared/279e/hdl/axi_data_fifo_v2_1_vl_rfs.v:884]
INFO: [Synth 8-6157] synthesizing module 'axi_data_fifo_v2_1_28_ndeep_srl__parameterized0' [/home/pct/Caribou/MPW4_Helmut/MPW4/caribou-soc/caribou-soc.srcs/sources_1/bd/caribou_top/ipshared/279e/hdl/axi_data_fifo_v2_1_vl_rfs.v:1129]
INFO: [Synth 8-6155] done synthesizing module 'axi_data_fifo_v2_1_28_ndeep_srl__parameterized0' (0#1) [/home/pct/Caribou/MPW4_Helmut/MPW4/caribou-soc/caribou-soc.srcs/sources_1/bd/caribou_top/ipshared/279e/hdl/axi_data_fifo_v2_1_vl_rfs.v:1129]
INFO: [Synth 8-155] case statement is not full and has no default [/home/pct/Caribou/MPW4_Helmut/MPW4/caribou-soc/caribou-soc.srcs/sources_1/bd/caribou_top/ipshared/279e/hdl/axi_data_fifo_v2_1_vl_rfs.v:982]
INFO: [Synth 8-6155] done synthesizing module 'axi_data_fifo_v2_1_28_axic_reg_srl_fifo' (0#1) [/home/pct/Caribou/MPW4_Helmut/MPW4/caribou-soc/caribou-soc.srcs/sources_1/bd/caribou_top/ipshared/279e/hdl/axi_data_fifo_v2_1_vl_rfs.v:884]
INFO: [Synth 8-6155] done synthesizing module 'axi_crossbar_v2_1_30_wdata_router' (0#1) [/home/pct/Caribou/MPW4_Helmut/MPW4/caribou-soc/caribou-soc.srcs/sources_1/bd/caribou_top/ipshared/fb47/hdl/axi_crossbar_v2_1_vl_rfs.v:4724]
INFO: [Synth 8-6157] synthesizing module 'axi_crossbar_v2_1_30_si_transactor__parameterized1' [/home/pct/Caribou/MPW4_Helmut/MPW4/caribou-soc/caribou-soc.srcs/sources_1/bd/caribou_top/ipshared/fb47/hdl/axi_crossbar_v2_1_vl_rfs.v:3791]
INFO: [Synth 8-6157] synthesizing module 'axi_data_fifo_v2_1_28_axic_srl_fifo__parameterized0' [/home/pct/Caribou/MPW4_Helmut/MPW4/caribou-soc/caribou-soc.srcs/sources_1/bd/caribou_top/ipshared/279e/hdl/axi_data_fifo_v2_1_vl_rfs.v:694]
INFO: [Synth 8-6157] synthesizing module 'axi_data_fifo_v2_1_28_ndeep_srl__parameterized1' [/home/pct/Caribou/MPW4_Helmut/MPW4/caribou-soc/caribou-soc.srcs/sources_1/bd/caribou_top/ipshared/279e/hdl/axi_data_fifo_v2_1_vl_rfs.v:1129]
INFO: [Synth 8-6155] done synthesizing module 'axi_data_fifo_v2_1_28_ndeep_srl__parameterized1' (0#1) [/home/pct/Caribou/MPW4_Helmut/MPW4/caribou-soc/caribou-soc.srcs/sources_1/bd/caribou_top/ipshared/279e/hdl/axi_data_fifo_v2_1_vl_rfs.v:1129]
INFO: [Synth 8-6155] done synthesizing module 'axi_data_fifo_v2_1_28_axic_srl_fifo__parameterized0' (0#1) [/home/pct/Caribou/MPW4_Helmut/MPW4/caribou-soc/caribou-soc.srcs/sources_1/bd/caribou_top/ipshared/279e/hdl/axi_data_fifo_v2_1_vl_rfs.v:694]
INFO: [Synth 8-6155] done synthesizing module 'axi_crossbar_v2_1_30_si_transactor__parameterized1' (0#1) [/home/pct/Caribou/MPW4_Helmut/MPW4/caribou-soc/caribou-soc.srcs/sources_1/bd/caribou_top/ipshared/fb47/hdl/axi_crossbar_v2_1_vl_rfs.v:3791]
INFO: [Synth 8-6157] synthesizing module 'axi_crossbar_v2_1_30_si_transactor__parameterized2' [/home/pct/Caribou/MPW4_Helmut/MPW4/caribou-soc/caribou-soc.srcs/sources_1/bd/caribou_top/ipshared/fb47/hdl/axi_crossbar_v2_1_vl_rfs.v:3791]
INFO: [Synth 8-6155] done synthesizing module 'axi_crossbar_v2_1_30_si_transactor__parameterized2' (0#1) [/home/pct/Caribou/MPW4_Helmut/MPW4/caribou-soc/caribou-soc.srcs/sources_1/bd/caribou_top/ipshared/fb47/hdl/axi_crossbar_v2_1_vl_rfs.v:3791]
INFO: [Synth 8-6157] synthesizing module 'axi_crossbar_v2_1_30_wdata_router__parameterized0' [/home/pct/Caribou/MPW4_Helmut/MPW4/caribou-soc/caribou-soc.srcs/sources_1/bd/caribou_top/ipshared/fb47/hdl/axi_crossbar_v2_1_vl_rfs.v:4724]
INFO: [Synth 8-6157] synthesizing module 'axi_data_fifo_v2_1_28_axic_reg_srl_fifo__parameterized0' [/home/pct/Caribou/MPW4_Helmut/MPW4/caribou-soc/caribou-soc.srcs/sources_1/bd/caribou_top/ipshared/279e/hdl/axi_data_fifo_v2_1_vl_rfs.v:884]
INFO: [Synth 8-155] case statement is not full and has no default [/home/pct/Caribou/MPW4_Helmut/MPW4/caribou-soc/caribou-soc.srcs/sources_1/bd/caribou_top/ipshared/279e/hdl/axi_data_fifo_v2_1_vl_rfs.v:982]
INFO: [Synth 8-6155] done synthesizing module 'axi_data_fifo_v2_1_28_axic_reg_srl_fifo__parameterized0' (0#1) [/home/pct/Caribou/MPW4_Helmut/MPW4/caribou-soc/caribou-soc.srcs/sources_1/bd/caribou_top/ipshared/279e/hdl/axi_data_fifo_v2_1_vl_rfs.v:884]
INFO: [Synth 8-6155] done synthesizing module 'axi_crossbar_v2_1_30_wdata_router__parameterized0' (0#1) [/home/pct/Caribou/MPW4_Helmut/MPW4/caribou-soc/caribou-soc.srcs/sources_1/bd/caribou_top/ipshared/fb47/hdl/axi_crossbar_v2_1_vl_rfs.v:4724]
INFO: [Synth 8-6157] synthesizing module 'axi_crossbar_v2_1_30_addr_decoder__parameterized0' [/home/pct/Caribou/MPW4_Helmut/MPW4/caribou-soc/caribou-soc.srcs/sources_1/bd/caribou_top/ipshared/fb47/hdl/axi_crossbar_v2_1_vl_rfs.v:790]
INFO: [Synth 8-6157] synthesizing module 'generic_baseblocks_v2_1_1_comparator_static__parameterized13' [/home/pct/Caribou/MPW4_Helmut/MPW4/caribou-soc/caribou-soc.srcs/sources_1/bd/caribou_top/ipshared/10ab/hdl/generic_baseblocks_v2_1_vl_rfs.v:2119]
INFO: [Synth 8-6155] done synthesizing module 'generic_baseblocks_v2_1_1_comparator_static__parameterized13' (0#1) [/home/pct/Caribou/MPW4_Helmut/MPW4/caribou-soc/caribou-soc.srcs/sources_1/bd/caribou_top/ipshared/10ab/hdl/generic_baseblocks_v2_1_vl_rfs.v:2119]
INFO: [Synth 8-6157] synthesizing module 'generic_baseblocks_v2_1_1_comparator_static__parameterized14' [/home/pct/Caribou/MPW4_Helmut/MPW4/caribou-soc/caribou-soc.srcs/sources_1/bd/caribou_top/ipshared/10ab/hdl/generic_baseblocks_v2_1_vl_rfs.v:2119]
INFO: [Synth 8-6155] done synthesizing module 'generic_baseblocks_v2_1_1_comparator_static__parameterized14' (0#1) [/home/pct/Caribou/MPW4_Helmut/MPW4/caribou-soc/caribou-soc.srcs/sources_1/bd/caribou_top/ipshared/10ab/hdl/generic_baseblocks_v2_1_vl_rfs.v:2119]
INFO: [Synth 8-6155] done synthesizing module 'axi_crossbar_v2_1_30_addr_decoder__parameterized0' (0#1) [/home/pct/Caribou/MPW4_Helmut/MPW4/caribou-soc/caribou-soc.srcs/sources_1/bd/caribou_top/ipshared/fb47/hdl/axi_crossbar_v2_1_vl_rfs.v:790]
INFO: [Synth 8-6157] synthesizing module 'axi_data_fifo_v2_1_28_axic_srl_fifo__parameterized1' [/home/pct/Caribou/MPW4_Helmut/MPW4/caribou-soc/caribou-soc.srcs/sources_1/bd/caribou_top/ipshared/279e/hdl/axi_data_fifo_v2_1_vl_rfs.v:694]
INFO: [Synth 8-6155] done synthesizing module 'axi_data_fifo_v2_1_28_axic_srl_fifo__parameterized1' (0#1) [/home/pct/Caribou/MPW4_Helmut/MPW4/caribou-soc/caribou-soc.srcs/sources_1/bd/caribou_top/ipshared/279e/hdl/axi_data_fifo_v2_1_vl_rfs.v:694]
INFO: [Synth 8-6157] synthesizing module 'axi_crossbar_v2_1_30_wdata_mux' [/home/pct/Caribou/MPW4_Helmut/MPW4/caribou-soc/caribou-soc.srcs/sources_1/bd/caribou_top/ipshared/fb47/hdl/axi_crossbar_v2_1_vl_rfs.v:4550]
INFO: [Synth 8-6157] synthesizing module 'axi_data_fifo_v2_1_28_axic_reg_srl_fifo__parameterized1' [/home/pct/Caribou/MPW4_Helmut/MPW4/caribou-soc/caribou-soc.srcs/sources_1/bd/caribou_top/ipshared/279e/hdl/axi_data_fifo_v2_1_vl_rfs.v:884]
INFO: [Synth 8-155] case statement is not full and has no default [/home/pct/Caribou/MPW4_Helmut/MPW4/caribou-soc/caribou-soc.srcs/sources_1/bd/caribou_top/ipshared/279e/hdl/axi_data_fifo_v2_1_vl_rfs.v:982]
INFO: [Synth 8-6155] done synthesizing module 'axi_data_fifo_v2_1_28_axic_reg_srl_fifo__parameterized1' (0#1) [/home/pct/Caribou/MPW4_Helmut/MPW4/caribou-soc/caribou-soc.srcs/sources_1/bd/caribou_top/ipshared/279e/hdl/axi_data_fifo_v2_1_vl_rfs.v:884]
INFO: [Synth 8-6157] synthesizing module 'generic_baseblocks_v2_1_1_mux_enc__parameterized1' [/home/pct/Caribou/MPW4_Helmut/MPW4/caribou-soc/caribou-soc.srcs/sources_1/bd/caribou_top/ipshared/10ab/hdl/generic_baseblocks_v2_1_vl_rfs.v:2436]
INFO: [Synth 8-6155] done synthesizing module 'generic_baseblocks_v2_1_1_mux_enc__parameterized1' (0#1) [/home/pct/Caribou/MPW4_Helmut/MPW4/caribou-soc/caribou-soc.srcs/sources_1/bd/caribou_top/ipshared/10ab/hdl/generic_baseblocks_v2_1_vl_rfs.v:2436]
INFO: [Synth 8-6155] done synthesizing module 'axi_crossbar_v2_1_30_wdata_mux' (0#1) [/home/pct/Caribou/MPW4_Helmut/MPW4/caribou-soc/caribou-soc.srcs/sources_1/bd/caribou_top/ipshared/fb47/hdl/axi_crossbar_v2_1_vl_rfs.v:4550]
INFO: [Synth 8-6157] synthesizing module 'axi_register_slice_v2_1_29_axi_register_slice' [/home/pct/Caribou/MPW4_Helmut/MPW4/caribou-soc/caribou-soc.srcs/sources_1/bd/caribou_top/ipshared/ff9f/hdl/axi_register_slice_v2_1_vl_rfs.v:3718]
INFO: [Synth 8-6157] synthesizing module 'axi_infrastructure_v1_1_0_axi2vector' [/home/pct/Caribou/MPW4_Helmut/MPW4/caribou-soc/caribou-soc.srcs/sources_1/bd/caribou_top/ipshared/ec67/hdl/axi_infrastructure_v1_1_vl_rfs.v:59]
INFO: [Synth 8-6155] done synthesizing module 'axi_infrastructure_v1_1_0_axi2vector' (0#1) [/home/pct/Caribou/MPW4_Helmut/MPW4/caribou-soc/caribou-soc.srcs/sources_1/bd/caribou_top/ipshared/ec67/hdl/axi_infrastructure_v1_1_vl_rfs.v:59]
INFO: [Synth 8-6157] synthesizing module 'axi_infrastructure_v1_1_0_vector2axi' [/home/pct/Caribou/MPW4_Helmut/MPW4/caribou-soc/caribou-soc.srcs/sources_1/bd/caribou_top/ipshared/ec67/hdl/axi_infrastructure_v1_1_vl_rfs.v:473]
INFO: [Synth 8-6155] done synthesizing module 'axi_infrastructure_v1_1_0_vector2axi' (0#1) [/home/pct/Caribou/MPW4_Helmut/MPW4/caribou-soc/caribou-soc.srcs/sources_1/bd/caribou_top/ipshared/ec67/hdl/axi_infrastructure_v1_1_vl_rfs.v:473]
INFO: [Synth 8-6157] synthesizing module 'axi_register_slice_v2_1_29_axic_register_slice' [/home/pct/Caribou/MPW4_Helmut/MPW4/caribou-soc/caribou-soc.srcs/sources_1/bd/caribou_top/ipshared/ff9f/hdl/axi_register_slice_v2_1_vl_rfs.v:1492]
INFO: [Synth 8-6155] done synthesizing module 'axi_register_slice_v2_1_29_axic_register_slice' (0#1) [/home/pct/Caribou/MPW4_Helmut/MPW4/caribou-soc/caribou-soc.srcs/sources_1/bd/caribou_top/ipshared/ff9f/hdl/axi_register_slice_v2_1_vl_rfs.v:1492]
INFO: [Synth 8-6157] synthesizing module 'axi_register_slice_v2_1_29_axic_register_slice__parameterized0' [/home/pct/Caribou/MPW4_Helmut/MPW4/caribou-soc/caribou-soc.srcs/sources_1/bd/caribou_top/ipshared/ff9f/hdl/axi_register_slice_v2_1_vl_rfs.v:1492]
INFO: [Synth 8-6155] done synthesizing module 'axi_register_slice_v2_1_29_axic_register_slice__parameterized0' (0#1) [/home/pct/Caribou/MPW4_Helmut/MPW4/caribou-soc/caribou-soc.srcs/sources_1/bd/caribou_top/ipshared/ff9f/hdl/axi_register_slice_v2_1_vl_rfs.v:1492]
INFO: [Synth 8-6157] synthesizing module 'axi_register_slice_v2_1_29_axic_register_slice__parameterized1' [/home/pct/Caribou/MPW4_Helmut/MPW4/caribou-soc/caribou-soc.srcs/sources_1/bd/caribou_top/ipshared/ff9f/hdl/axi_register_slice_v2_1_vl_rfs.v:1492]
INFO: [Synth 8-6155] done synthesizing module 'axi_register_slice_v2_1_29_axic_register_slice__parameterized1' (0#1) [/home/pct/Caribou/MPW4_Helmut/MPW4/caribou-soc/caribou-soc.srcs/sources_1/bd/caribou_top/ipshared/ff9f/hdl/axi_register_slice_v2_1_vl_rfs.v:1492]
INFO: [Synth 8-6157] synthesizing module 'axi_register_slice_v2_1_29_axic_register_slice__parameterized2' [/home/pct/Caribou/MPW4_Helmut/MPW4/caribou-soc/caribou-soc.srcs/sources_1/bd/caribou_top/ipshared/ff9f/hdl/axi_register_slice_v2_1_vl_rfs.v:1492]
INFO: [Synth 8-6155] done synthesizing module 'axi_register_slice_v2_1_29_axic_register_slice__parameterized2' (0#1) [/home/pct/Caribou/MPW4_Helmut/MPW4/caribou-soc/caribou-soc.srcs/sources_1/bd/caribou_top/ipshared/ff9f/hdl/axi_register_slice_v2_1_vl_rfs.v:1492]
INFO: [Synth 8-6155] done synthesizing module 'axi_register_slice_v2_1_29_axi_register_slice' (0#1) [/home/pct/Caribou/MPW4_Helmut/MPW4/caribou-soc/caribou-soc.srcs/sources_1/bd/caribou_top/ipshared/ff9f/hdl/axi_register_slice_v2_1_vl_rfs.v:3718]
WARNING: [Synth 8-7071] port 'aclk2x' of module 'axi_register_slice_v2_1_29_axi_register_slice' is unconnected for instance 'reg_slice_mi' [/home/pct/Caribou/MPW4_Helmut/MPW4/caribou-soc/caribou-soc.srcs/sources_1/bd/caribou_top/ipshared/fb47/hdl/axi_crossbar_v2_1_vl_rfs.v:3116]
WARNING: [Synth 8-7023] instance 'reg_slice_mi' of module 'axi_register_slice_v2_1_29_axi_register_slice' has 93 connections declared, but only 92 given [/home/pct/Caribou/MPW4_Helmut/MPW4/caribou-soc/caribou-soc.srcs/sources_1/bd/caribou_top/ipshared/fb47/hdl/axi_crossbar_v2_1_vl_rfs.v:3116]
WARNING: [Synth 8-7071] port 'aclk2x' of module 'axi_register_slice_v2_1_29_axi_register_slice' is unconnected for instance 'reg_slice_mi' [/home/pct/Caribou/MPW4_Helmut/MPW4/caribou-soc/caribou-soc.srcs/sources_1/bd/caribou_top/ipshared/fb47/hdl/axi_crossbar_v2_1_vl_rfs.v:3116]
WARNING: [Synth 8-7023] instance 'reg_slice_mi' of module 'axi_register_slice_v2_1_29_axi_register_slice' has 93 connections declared, but only 92 given [/home/pct/Caribou/MPW4_Helmut/MPW4/caribou-soc/caribou-soc.srcs/sources_1/bd/caribou_top/ipshared/fb47/hdl/axi_crossbar_v2_1_vl_rfs.v:3116]
WARNING: [Synth 8-7071] port 'aclk2x' of module 'axi_register_slice_v2_1_29_axi_register_slice' is unconnected for instance 'reg_slice_mi' [/home/pct/Caribou/MPW4_Helmut/MPW4/caribou-soc/caribou-soc.srcs/sources_1/bd/caribou_top/ipshared/fb47/hdl/axi_crossbar_v2_1_vl_rfs.v:3116]
WARNING: [Synth 8-7023] instance 'reg_slice_mi' of module 'axi_register_slice_v2_1_29_axi_register_slice' has 93 connections declared, but only 92 given [/home/pct/Caribou/MPW4_Helmut/MPW4/caribou-soc/caribou-soc.srcs/sources_1/bd/caribou_top/ipshared/fb47/hdl/axi_crossbar_v2_1_vl_rfs.v:3116]
WARNING: [Synth 8-7071] port 'aclk2x' of module 'axi_register_slice_v2_1_29_axi_register_slice' is unconnected for instance 'reg_slice_mi' [/home/pct/Caribou/MPW4_Helmut/MPW4/caribou-soc/caribou-soc.srcs/sources_1/bd/caribou_top/ipshared/fb47/hdl/axi_crossbar_v2_1_vl_rfs.v:3116]
WARNING: [Synth 8-7023] instance 'reg_slice_mi' of module 'axi_register_slice_v2_1_29_axi_register_slice' has 93 connections declared, but only 92 given [/home/pct/Caribou/MPW4_Helmut/MPW4/caribou-soc/caribou-soc.srcs/sources_1/bd/caribou_top/ipshared/fb47/hdl/axi_crossbar_v2_1_vl_rfs.v:3116]
WARNING: [Synth 8-7071] port 'aclk2x' of module 'axi_register_slice_v2_1_29_axi_register_slice' is unconnected for instance 'reg_slice_mi' [/home/pct/Caribou/MPW4_Helmut/MPW4/caribou-soc/caribou-soc.srcs/sources_1/bd/caribou_top/ipshared/fb47/hdl/axi_crossbar_v2_1_vl_rfs.v:3116]
WARNING: [Synth 8-7023] instance 'reg_slice_mi' of module 'axi_register_slice_v2_1_29_axi_register_slice' has 93 connections declared, but only 92 given [/home/pct/Caribou/MPW4_Helmut/MPW4/caribou-soc/caribou-soc.srcs/sources_1/bd/caribou_top/ipshared/fb47/hdl/axi_crossbar_v2_1_vl_rfs.v:3116]
WARNING: [Synth 8-7071] port 'aclk2x' of module 'axi_register_slice_v2_1_29_axi_register_slice' is unconnected for instance 'reg_slice_mi' [/home/pct/Caribou/MPW4_Helmut/MPW4/caribou-soc/caribou-soc.srcs/sources_1/bd/caribou_top/ipshared/fb47/hdl/axi_crossbar_v2_1_vl_rfs.v:3116]
WARNING: [Synth 8-7023] instance 'reg_slice_mi' of module 'axi_register_slice_v2_1_29_axi_register_slice' has 93 connections declared, but only 92 given [/home/pct/Caribou/MPW4_Helmut/MPW4/caribou-soc/caribou-soc.srcs/sources_1/bd/caribou_top/ipshared/fb47/hdl/axi_crossbar_v2_1_vl_rfs.v:3116]
WARNING: [Synth 8-7071] port 'aclk2x' of module 'axi_register_slice_v2_1_29_axi_register_slice' is unconnected for instance 'reg_slice_mi' [/home/pct/Caribou/MPW4_Helmut/MPW4/caribou-soc/caribou-soc.srcs/sources_1/bd/caribou_top/ipshared/fb47/hdl/axi_crossbar_v2_1_vl_rfs.v:3116]
WARNING: [Synth 8-7023] instance 'reg_slice_mi' of module 'axi_register_slice_v2_1_29_axi_register_slice' has 93 connections declared, but only 92 given [/home/pct/Caribou/MPW4_Helmut/MPW4/caribou-soc/caribou-soc.srcs/sources_1/bd/caribou_top/ipshared/fb47/hdl/axi_crossbar_v2_1_vl_rfs.v:3116]
WARNING: [Synth 8-7071] port 'aclk2x' of module 'axi_register_slice_v2_1_29_axi_register_slice' is unconnected for instance 'reg_slice_mi' [/home/pct/Caribou/MPW4_Helmut/MPW4/caribou-soc/caribou-soc.srcs/sources_1/bd/caribou_top/ipshared/fb47/hdl/axi_crossbar_v2_1_vl_rfs.v:3116]
WARNING: [Synth 8-7023] instance 'reg_slice_mi' of module 'axi_register_slice_v2_1_29_axi_register_slice' has 93 connections declared, but only 92 given [/home/pct/Caribou/MPW4_Helmut/MPW4/caribou-soc/caribou-soc.srcs/sources_1/bd/caribou_top/ipshared/fb47/hdl/axi_crossbar_v2_1_vl_rfs.v:3116]
WARNING: [Synth 8-7071] port 'aclk2x' of module 'axi_register_slice_v2_1_29_axi_register_slice' is unconnected for instance 'reg_slice_mi' [/home/pct/Caribou/MPW4_Helmut/MPW4/caribou-soc/caribou-soc.srcs/sources_1/bd/caribou_top/ipshared/fb47/hdl/axi_crossbar_v2_1_vl_rfs.v:3116]
WARNING: [Synth 8-7023] instance 'reg_slice_mi' of module 'axi_register_slice_v2_1_29_axi_register_slice' has 93 connections declared, but only 92 given [/home/pct/Caribou/MPW4_Helmut/MPW4/caribou-soc/caribou-soc.srcs/sources_1/bd/caribou_top/ipshared/fb47/hdl/axi_crossbar_v2_1_vl_rfs.v:3116]
WARNING: [Synth 8-7071] port 'aclk2x' of module 'axi_register_slice_v2_1_29_axi_register_slice' is unconnected for instance 'reg_slice_mi' [/home/pct/Caribou/MPW4_Helmut/MPW4/caribou-soc/caribou-soc.srcs/sources_1/bd/caribou_top/ipshared/fb47/hdl/axi_crossbar_v2_1_vl_rfs.v:3116]
WARNING: [Synth 8-7023] instance 'reg_slice_mi' of module 'axi_register_slice_v2_1_29_axi_register_slice' has 93 connections declared, but only 92 given [/home/pct/Caribou/MPW4_Helmut/MPW4/caribou-soc/caribou-soc.srcs/sources_1/bd/caribou_top/ipshared/fb47/hdl/axi_crossbar_v2_1_vl_rfs.v:3116]
WARNING: [Synth 8-7071] port 'aclk2x' of module 'axi_register_slice_v2_1_29_axi_register_slice' is unconnected for instance 'reg_slice_mi' [/home/pct/Caribou/MPW4_Helmut/MPW4/caribou-soc/caribou-soc.srcs/sources_1/bd/caribou_top/ipshared/fb47/hdl/axi_crossbar_v2_1_vl_rfs.v:3116]
WARNING: [Synth 8-7023] instance 'reg_slice_mi' of module 'axi_register_slice_v2_1_29_axi_register_slice' has 93 connections declared, but only 92 given [/home/pct/Caribou/MPW4_Helmut/MPW4/caribou-soc/caribou-soc.srcs/sources_1/bd/caribou_top/ipshared/fb47/hdl/axi_crossbar_v2_1_vl_rfs.v:3116]
WARNING: [Synth 8-7071] port 'aclk2x' of module 'axi_register_slice_v2_1_29_axi_register_slice' is unconnected for instance 'reg_slice_mi' [/home/pct/Caribou/MPW4_Helmut/MPW4/caribou-soc/caribou-soc.srcs/sources_1/bd/caribou_top/ipshared/fb47/hdl/axi_crossbar_v2_1_vl_rfs.v:3116]
WARNING: [Synth 8-7023] instance 'reg_slice_mi' of module 'axi_register_slice_v2_1_29_axi_register_slice' has 93 connections declared, but only 92 given [/home/pct/Caribou/MPW4_Helmut/MPW4/caribou-soc/caribou-soc.srcs/sources_1/bd/caribou_top/ipshared/fb47/hdl/axi_crossbar_v2_1_vl_rfs.v:3116]
WARNING: [Synth 8-7071] port 'aclk2x' of module 'axi_register_slice_v2_1_29_axi_register_slice' is unconnected for instance 'reg_slice_mi' [/home/pct/Caribou/MPW4_Helmut/MPW4/caribou-soc/caribou-soc.srcs/sources_1/bd/caribou_top/ipshared/fb47/hdl/axi_crossbar_v2_1_vl_rfs.v:3116]
WARNING: [Synth 8-7023] instance 'reg_slice_mi' of module 'axi_register_slice_v2_1_29_axi_register_slice' has 93 connections declared, but only 92 given [/home/pct/Caribou/MPW4_Helmut/MPW4/caribou-soc/caribou-soc.srcs/sources_1/bd/caribou_top/ipshared/fb47/hdl/axi_crossbar_v2_1_vl_rfs.v:3116]
WARNING: [Synth 8-7071] port 'aclk2x' of module 'axi_register_slice_v2_1_29_axi_register_slice' is unconnected for instance 'reg_slice_mi' [/home/pct/Caribou/MPW4_Helmut/MPW4/caribou-soc/caribou-soc.srcs/sources_1/bd/caribou_top/ipshared/fb47/hdl/axi_crossbar_v2_1_vl_rfs.v:3116]
WARNING: [Synth 8-7023] instance 'reg_slice_mi' of module 'axi_register_slice_v2_1_29_axi_register_slice' has 93 connections declared, but only 92 given [/home/pct/Caribou/MPW4_Helmut/MPW4/caribou-soc/caribou-soc.srcs/sources_1/bd/caribou_top/ipshared/fb47/hdl/axi_crossbar_v2_1_vl_rfs.v:3116]
INFO: [Synth 8-6157] synthesizing module 'axi_data_fifo_v2_1_28_axic_srl_fifo__parameterized2' [/home/pct/Caribou/MPW4_Helmut/MPW4/caribou-soc/caribou-soc.srcs/sources_1/bd/caribou_top/ipshared/279e/hdl/axi_data_fifo_v2_1_vl_rfs.v:694]
INFO: [Synth 8-6155] done synthesizing module 'axi_data_fifo_v2_1_28_axic_srl_fifo__parameterized2' (0#1) [/home/pct/Caribou/MPW4_Helmut/MPW4/caribou-soc/caribou-soc.srcs/sources_1/bd/caribou_top/ipshared/279e/hdl/axi_data_fifo_v2_1_vl_rfs.v:694]
INFO: [Synth 8-6157] synthesizing module 'axi_crossbar_v2_1_30_wdata_mux__parameterized0' [/home/pct/Caribou/MPW4_Helmut/MPW4/caribou-soc/caribou-soc.srcs/sources_1/bd/caribou_top/ipshared/fb47/hdl/axi_crossbar_v2_1_vl_rfs.v:4550]
INFO: [Synth 8-6157] synthesizing module 'axi_data_fifo_v2_1_28_axic_reg_srl_fifo__parameterized2' [/home/pct/Caribou/MPW4_Helmut/MPW4/caribou-soc/caribou-soc.srcs/sources_1/bd/caribou_top/ipshared/279e/hdl/axi_data_fifo_v2_1_vl_rfs.v:884]
INFO: [Synth 8-155] case statement is not full and has no default [/home/pct/Caribou/MPW4_Helmut/MPW4/caribou-soc/caribou-soc.srcs/sources_1/bd/caribou_top/ipshared/279e/hdl/axi_data_fifo_v2_1_vl_rfs.v:982]
INFO: [Synth 8-6155] done synthesizing module 'axi_data_fifo_v2_1_28_axic_reg_srl_fifo__parameterized2' (0#1) [/home/pct/Caribou/MPW4_Helmut/MPW4/caribou-soc/caribou-soc.srcs/sources_1/bd/caribou_top/ipshared/279e/hdl/axi_data_fifo_v2_1_vl_rfs.v:884]
INFO: [Synth 8-6155] done synthesizing module 'axi_crossbar_v2_1_30_wdata_mux__parameterized0' (0#1) [/home/pct/Caribou/MPW4_Helmut/MPW4/caribou-soc/caribou-soc.srcs/sources_1/bd/caribou_top/ipshared/fb47/hdl/axi_crossbar_v2_1_vl_rfs.v:4550]
WARNING: [Synth 8-7071] port 'aclk2x' of module 'axi_register_slice_v2_1_29_axi_register_slice' is unconnected for instance 'reg_slice_mi' [/home/pct/Caribou/MPW4_Helmut/MPW4/caribou-soc/caribou-soc.srcs/sources_1/bd/caribou_top/ipshared/fb47/hdl/axi_crossbar_v2_1_vl_rfs.v:3116]
WARNING: [Synth 8-7023] instance 'reg_slice_mi' of module 'axi_register_slice_v2_1_29_axi_register_slice' has 93 connections declared, but only 92 given [/home/pct/Caribou/MPW4_Helmut/MPW4/caribou-soc/caribou-soc.srcs/sources_1/bd/caribou_top/ipshared/fb47/hdl/axi_crossbar_v2_1_vl_rfs.v:3116]
INFO: [Synth 8-6157] synthesizing module 'axi_data_fifo_v2_1_28_axic_srl_fifo__parameterized3' [/home/pct/Caribou/MPW4_Helmut/MPW4/caribou-soc/caribou-soc.srcs/sources_1/bd/caribou_top/ipshared/279e/hdl/axi_data_fifo_v2_1_vl_rfs.v:694]
INFO: [Synth 8-6155] done synthesizing module 'axi_data_fifo_v2_1_28_axic_srl_fifo__parameterized3' (0#1) [/home/pct/Caribou/MPW4_Helmut/MPW4/caribou-soc/caribou-soc.srcs/sources_1/bd/caribou_top/ipshared/279e/hdl/axi_data_fifo_v2_1_vl_rfs.v:694]
INFO: [Synth 8-6157] synthesizing module 'axi_crossbar_v2_1_30_wdata_mux__parameterized1' [/home/pct/Caribou/MPW4_Helmut/MPW4/caribou-soc/caribou-soc.srcs/sources_1/bd/caribou_top/ipshared/fb47/hdl/axi_crossbar_v2_1_vl_rfs.v:4550]
INFO: [Synth 8-6157] synthesizing module 'axi_data_fifo_v2_1_28_axic_reg_srl_fifo__parameterized3' [/home/pct/Caribou/MPW4_Helmut/MPW4/caribou-soc/caribou-soc.srcs/sources_1/bd/caribou_top/ipshared/279e/hdl/axi_data_fifo_v2_1_vl_rfs.v:884]
INFO: [Synth 8-155] case statement is not full and has no default [/home/pct/Caribou/MPW4_Helmut/MPW4/caribou-soc/caribou-soc.srcs/sources_1/bd/caribou_top/ipshared/279e/hdl/axi_data_fifo_v2_1_vl_rfs.v:982]
INFO: [Synth 8-6155] done synthesizing module 'axi_data_fifo_v2_1_28_axic_reg_srl_fifo__parameterized3' (0#1) [/home/pct/Caribou/MPW4_Helmut/MPW4/caribou-soc/caribou-soc.srcs/sources_1/bd/caribou_top/ipshared/279e/hdl/axi_data_fifo_v2_1_vl_rfs.v:884]
INFO: [Synth 8-6155] done synthesizing module 'axi_crossbar_v2_1_30_wdata_mux__parameterized1' (0#1) [/home/pct/Caribou/MPW4_Helmut/MPW4/caribou-soc/caribou-soc.srcs/sources_1/bd/caribou_top/ipshared/fb47/hdl/axi_crossbar_v2_1_vl_rfs.v:4550]
WARNING: [Synth 8-7071] port 'aclk2x' of module 'axi_register_slice_v2_1_29_axi_register_slice' is unconnected for instance 'reg_slice_mi' [/home/pct/Caribou/MPW4_Helmut/MPW4/caribou-soc/caribou-soc.srcs/sources_1/bd/caribou_top/ipshared/fb47/hdl/axi_crossbar_v2_1_vl_rfs.v:3116]
WARNING: [Synth 8-7023] instance 'reg_slice_mi' of module 'axi_register_slice_v2_1_29_axi_register_slice' has 93 connections declared, but only 92 given [/home/pct/Caribou/MPW4_Helmut/MPW4/caribou-soc/caribou-soc.srcs/sources_1/bd/caribou_top/ipshared/fb47/hdl/axi_crossbar_v2_1_vl_rfs.v:3116]
INFO: [Synth 8-6157] synthesizing module 'axi_crossbar_v2_1_30_decerr_slave' [/home/pct/Caribou/MPW4_Helmut/MPW4/caribou-soc/caribou-soc.srcs/sources_1/bd/caribou_top/ipshared/fb47/hdl/axi_crossbar_v2_1_vl_rfs.v:3493]
INFO: [Synth 8-155] case statement is not full and has no default [/home/pct/Caribou/MPW4_Helmut/MPW4/caribou-soc/caribou-soc.srcs/sources_1/bd/caribou_top/ipshared/fb47/hdl/axi_crossbar_v2_1_vl_rfs.v:3626]
INFO: [Synth 8-6155] done synthesizing module 'axi_crossbar_v2_1_30_decerr_slave' (0#1) [/home/pct/Caribou/MPW4_Helmut/MPW4/caribou-soc/caribou-soc.srcs/sources_1/bd/caribou_top/ipshared/fb47/hdl/axi_crossbar_v2_1_vl_rfs.v:3493]
INFO: [Synth 8-6157] synthesizing module 'axi_crossbar_v2_1_30_addr_arbiter' [/home/pct/Caribou/MPW4_Helmut/MPW4/caribou-soc/caribou-soc.srcs/sources_1/bd/caribou_top/ipshared/fb47/hdl/axi_crossbar_v2_1_vl_rfs.v:420]
INFO: [Synth 8-6157] synthesizing module 'generic_baseblocks_v2_1_1_mux_enc__parameterized2' [/home/pct/Caribou/MPW4_Helmut/MPW4/caribou-soc/caribou-soc.srcs/sources_1/bd/caribou_top/ipshared/10ab/hdl/generic_baseblocks_v2_1_vl_rfs.v:2436]
INFO: [Synth 8-6155] done synthesizing module 'generic_baseblocks_v2_1_1_mux_enc__parameterized2' (0#1) [/home/pct/Caribou/MPW4_Helmut/MPW4/caribou-soc/caribou-soc.srcs/sources_1/bd/caribou_top/ipshared/10ab/hdl/generic_baseblocks_v2_1_vl_rfs.v:2436]
INFO: [Synth 8-6157] synthesizing module 'generic_baseblocks_v2_1_1_mux_enc__parameterized3' [/home/pct/Caribou/MPW4_Helmut/MPW4/caribou-soc/caribou-soc.srcs/sources_1/bd/caribou_top/ipshared/10ab/hdl/generic_baseblocks_v2_1_vl_rfs.v:2436]
INFO: [Synth 8-6155] done synthesizing module 'generic_baseblocks_v2_1_1_mux_enc__parameterized3' (0#1) [/home/pct/Caribou/MPW4_Helmut/MPW4/caribou-soc/caribou-soc.srcs/sources_1/bd/caribou_top/ipshared/10ab/hdl/generic_baseblocks_v2_1_vl_rfs.v:2436]
INFO: [Synth 8-6155] done synthesizing module 'axi_crossbar_v2_1_30_addr_arbiter' (0#1) [/home/pct/Caribou/MPW4_Helmut/MPW4/caribou-soc/caribou-soc.srcs/sources_1/bd/caribou_top/ipshared/fb47/hdl/axi_crossbar_v2_1_vl_rfs.v:420]
INFO: [Synth 8-6155] done synthesizing module 'axi_crossbar_v2_1_30_crossbar' (0#1) [/home/pct/Caribou/MPW4_Helmut/MPW4/caribou-soc/caribou-soc.srcs/sources_1/bd/caribou_top/ipshared/fb47/hdl/axi_crossbar_v2_1_vl_rfs.v:2232]
INFO: [Synth 8-6155] done synthesizing module 'axi_crossbar_v2_1_30_axi_crossbar' (0#1) [/home/pct/Caribou/MPW4_Helmut/MPW4/caribou-soc/caribou-soc.srcs/sources_1/bd/caribou_top/ipshared/fb47/hdl/axi_crossbar_v2_1_vl_rfs.v:4871]
INFO: [Synth 8-6155] done synthesizing module 'caribou_top_xbar_0' (0#1) [/home/pct/Caribou/MPW4_Helmut/MPW4/caribou-soc/caribou-soc.srcs/sources_1/bd/caribou_top/ip/caribou_top_xbar_0/synth/caribou_top_xbar_0.v:53]
WARNING: [Synth 8-6014] Unused sequential element areset_d1_reg was removed.  [/home/pct/Caribou/MPW4_Helmut/MPW4/caribou-soc/caribou-soc.srcs/sources_1/bd/caribou_top/ipshared/279e/hdl/axi_data_fifo_v2_1_vl_rfs.v:747]
WARNING: [Synth 8-6014] Unused sequential element S_READY_i_reg was removed.  [/home/pct/Caribou/MPW4_Helmut/MPW4/caribou-soc/caribou-soc.srcs/sources_1/bd/caribou_top/ipshared/279e/hdl/axi_data_fifo_v2_1_vl_rfs.v:786]
WARNING: [Synth 8-6014] Unused sequential element gen_multi_thread.gen_thread_loop[0].gen_debug_r_multi_thread.debug_r_beat_cnt_i_reg was removed.  [/home/pct/Caribou/MPW4_Helmut/MPW4/caribou-soc/caribou-soc.srcs/sources_1/bd/caribou_top/ipshared/fb47/hdl/axi_crossbar_v2_1_vl_rfs.v:4338]
WARNING: [Synth 8-6014] Unused sequential element gen_multi_thread.gen_thread_loop[1].gen_debug_r_multi_thread.debug_r_beat_cnt_i_reg was removed.  [/home/pct/Caribou/MPW4_Helmut/MPW4/caribou-soc/caribou-soc.srcs/sources_1/bd/caribou_top/ipshared/fb47/hdl/axi_crossbar_v2_1_vl_rfs.v:4338]
WARNING: [Synth 8-6014] Unused sequential element gen_multi_thread.gen_thread_loop[2].gen_debug_r_multi_thread.debug_r_beat_cnt_i_reg was removed.  [/home/pct/Caribou/MPW4_Helmut/MPW4/caribou-soc/caribou-soc.srcs/sources_1/bd/caribou_top/ipshared/fb47/hdl/axi_crossbar_v2_1_vl_rfs.v:4338]
WARNING: [Synth 8-6014] Unused sequential element gen_multi_thread.gen_thread_loop[3].gen_debug_r_multi_thread.debug_r_beat_cnt_i_reg was removed.  [/home/pct/Caribou/MPW4_Helmut/MPW4/caribou-soc/caribou-soc.srcs/sources_1/bd/caribou_top/ipshared/fb47/hdl/axi_crossbar_v2_1_vl_rfs.v:4338]
WARNING: [Synth 8-6014] Unused sequential element gen_multi_thread.gen_thread_loop[4].gen_debug_r_multi_thread.debug_r_beat_cnt_i_reg was removed.  [/home/pct/Caribou/MPW4_Helmut/MPW4/caribou-soc/caribou-soc.srcs/sources_1/bd/caribou_top/ipshared/fb47/hdl/axi_crossbar_v2_1_vl_rfs.v:4338]
WARNING: [Synth 8-6014] Unused sequential element gen_multi_thread.gen_thread_loop[5].gen_debug_r_multi_thread.debug_r_beat_cnt_i_reg was removed.  [/home/pct/Caribou/MPW4_Helmut/MPW4/caribou-soc/caribou-soc.srcs/sources_1/bd/caribou_top/ipshared/fb47/hdl/axi_crossbar_v2_1_vl_rfs.v:4338]
WARNING: [Synth 8-6014] Unused sequential element gen_multi_thread.gen_thread_loop[6].gen_debug_r_multi_thread.debug_r_beat_cnt_i_reg was removed.  [/home/pct/Caribou/MPW4_Helmut/MPW4/caribou-soc/caribou-soc.srcs/sources_1/bd/caribou_top/ipshared/fb47/hdl/axi_crossbar_v2_1_vl_rfs.v:4338]
WARNING: [Synth 8-6014] Unused sequential element gen_multi_thread.gen_thread_loop[7].gen_debug_r_multi_thread.debug_r_beat_cnt_i_reg was removed.  [/home/pct/Caribou/MPW4_Helmut/MPW4/caribou-soc/caribou-soc.srcs/sources_1/bd/caribou_top/ipshared/fb47/hdl/axi_crossbar_v2_1_vl_rfs.v:4338]
WARNING: [Synth 8-6014] Unused sequential element gen_multi_thread.gen_thread_loop[0].gen_debug_r_multi_thread.debug_r_beat_cnt_i_reg was removed.  [/home/pct/Caribou/MPW4_Helmut/MPW4/caribou-soc/caribou-soc.srcs/sources_1/bd/caribou_top/ipshared/fb47/hdl/axi_crossbar_v2_1_vl_rfs.v:4338]
WARNING: [Synth 8-6014] Unused sequential element gen_multi_thread.gen_thread_loop[1].gen_debug_r_multi_thread.debug_r_beat_cnt_i_reg was removed.  [/home/pct/Caribou/MPW4_Helmut/MPW4/caribou-soc/caribou-soc.srcs/sources_1/bd/caribou_top/ipshared/fb47/hdl/axi_crossbar_v2_1_vl_rfs.v:4338]
WARNING: [Synth 8-6014] Unused sequential element gen_multi_thread.gen_thread_loop[2].gen_debug_r_multi_thread.debug_r_beat_cnt_i_reg was removed.  [/home/pct/Caribou/MPW4_Helmut/MPW4/caribou-soc/caribou-soc.srcs/sources_1/bd/caribou_top/ipshared/fb47/hdl/axi_crossbar_v2_1_vl_rfs.v:4338]
WARNING: [Synth 8-6014] Unused sequential element gen_multi_thread.gen_thread_loop[3].gen_debug_r_multi_thread.debug_r_beat_cnt_i_reg was removed.  [/home/pct/Caribou/MPW4_Helmut/MPW4/caribou-soc/caribou-soc.srcs/sources_1/bd/caribou_top/ipshared/fb47/hdl/axi_crossbar_v2_1_vl_rfs.v:4338]
WARNING: [Synth 8-6014] Unused sequential element gen_multi_thread.gen_thread_loop[4].gen_debug_r_multi_thread.debug_r_beat_cnt_i_reg was removed.  [/home/pct/Caribou/MPW4_Helmut/MPW4/caribou-soc/caribou-soc.srcs/sources_1/bd/caribou_top/ipshared/fb47/hdl/axi_crossbar_v2_1_vl_rfs.v:4338]
WARNING: [Synth 8-6014] Unused sequential element gen_multi_thread.gen_thread_loop[5].gen_debug_r_multi_thread.debug_r_beat_cnt_i_reg was removed.  [/home/pct/Caribou/MPW4_Helmut/MPW4/caribou-soc/caribou-soc.srcs/sources_1/bd/caribou_top/ipshared/fb47/hdl/axi_crossbar_v2_1_vl_rfs.v:4338]
WARNING: [Synth 8-6014] Unused sequential element gen_multi_thread.gen_thread_loop[6].gen_debug_r_multi_thread.debug_r_beat_cnt_i_reg was removed.  [/home/pct/Caribou/MPW4_Helmut/MPW4/caribou-soc/caribou-soc.srcs/sources_1/bd/caribou_top/ipshared/fb47/hdl/axi_crossbar_v2_1_vl_rfs.v:4338]
WARNING: [Synth 8-6014] Unused sequential element gen_multi_thread.gen_thread_loop[7].gen_debug_r_multi_thread.debug_r_beat_cnt_i_reg was removed.  [/home/pct/Caribou/MPW4_Helmut/MPW4/caribou-soc/caribou-soc.srcs/sources_1/bd/caribou_top/ipshared/fb47/hdl/axi_crossbar_v2_1_vl_rfs.v:4338]
WARNING: [Synth 8-6014] Unused sequential element areset_d1_reg was removed.  [/home/pct/Caribou/MPW4_Helmut/MPW4/caribou-soc/caribou-soc.srcs/sources_1/bd/caribou_top/ipshared/279e/hdl/axi_data_fifo_v2_1_vl_rfs.v:747]
WARNING: [Synth 8-6014] Unused sequential element S_READY_i_reg was removed.  [/home/pct/Caribou/MPW4_Helmut/MPW4/caribou-soc/caribou-soc.srcs/sources_1/bd/caribou_top/ipshared/279e/hdl/axi_data_fifo_v2_1_vl_rfs.v:786]
WARNING: [Synth 8-6014] Unused sequential element gen_multi_thread.gen_thread_loop[0].gen_debug_r_multi_thread.debug_r_beat_cnt_i_reg was removed.  [/home/pct/Caribou/MPW4_Helmut/MPW4/caribou-soc/caribou-soc.srcs/sources_1/bd/caribou_top/ipshared/fb47/hdl/axi_crossbar_v2_1_vl_rfs.v:4338]
WARNING: [Synth 8-6014] Unused sequential element gen_multi_thread.gen_thread_loop[1].gen_debug_r_multi_thread.debug_r_beat_cnt_i_reg was removed.  [/home/pct/Caribou/MPW4_Helmut/MPW4/caribou-soc/caribou-soc.srcs/sources_1/bd/caribou_top/ipshared/fb47/hdl/axi_crossbar_v2_1_vl_rfs.v:4338]
WARNING: [Synth 8-6014] Unused sequential element gen_multi_thread.gen_thread_loop[0].gen_debug_r_multi_thread.debug_r_beat_cnt_i_reg was removed.  [/home/pct/Caribou/MPW4_Helmut/MPW4/caribou-soc/caribou-soc.srcs/sources_1/bd/caribou_top/ipshared/fb47/hdl/axi_crossbar_v2_1_vl_rfs.v:4338]
WARNING: [Synth 8-6014] Unused sequential element gen_multi_thread.gen_thread_loop[1].gen_debug_r_multi_thread.debug_r_beat_cnt_i_reg was removed.  [/home/pct/Caribou/MPW4_Helmut/MPW4/caribou-soc/caribou-soc.srcs/sources_1/bd/caribou_top/ipshared/fb47/hdl/axi_crossbar_v2_1_vl_rfs.v:4338]
WARNING: [Synth 8-6014] Unused sequential element areset_d1_reg was removed.  [/home/pct/Caribou/MPW4_Helmut/MPW4/caribou-soc/caribou-soc.srcs/sources_1/bd/caribou_top/ipshared/279e/hdl/axi_data_fifo_v2_1_vl_rfs.v:747]
WARNING: [Synth 8-6014] Unused sequential element S_READY_i_reg was removed.  [/home/pct/Caribou/MPW4_Helmut/MPW4/caribou-soc/caribou-soc.srcs/sources_1/bd/caribou_top/ipshared/279e/hdl/axi_data_fifo_v2_1_vl_rfs.v:786]
WARNING: [Synth 8-6014] Unused sequential element s_ready_i_reg was removed.  [/home/pct/Caribou/MPW4_Helmut/MPW4/caribou-soc/caribou-soc.srcs/sources_1/bd/caribou_top/ipshared/279e/hdl/axi_data_fifo_v2_1_vl_rfs.v:1034]
WARNING: [Synth 8-6014] Unused sequential element areset_d1_reg was removed.  [/home/pct/Caribou/MPW4_Helmut/MPW4/caribou-soc/caribou-soc.srcs/sources_1/bd/caribou_top/ipshared/279e/hdl/axi_data_fifo_v2_1_vl_rfs.v:747]
WARNING: [Synth 8-6014] Unused sequential element S_READY_i_reg was removed.  [/home/pct/Caribou/MPW4_Helmut/MPW4/caribou-soc/caribou-soc.srcs/sources_1/bd/caribou_top/ipshared/279e/hdl/axi_data_fifo_v2_1_vl_rfs.v:786]
WARNING: [Synth 8-6014] Unused sequential element s_ready_i_reg was removed.  [/home/pct/Caribou/MPW4_Helmut/MPW4/caribou-soc/caribou-soc.srcs/sources_1/bd/caribou_top/ipshared/279e/hdl/axi_data_fifo_v2_1_vl_rfs.v:1034]
WARNING: [Synth 8-6014] Unused sequential element areset_d1_reg was removed.  [/home/pct/Caribou/MPW4_Helmut/MPW4/caribou-soc/caribou-soc.srcs/sources_1/bd/caribou_top/ipshared/279e/hdl/axi_data_fifo_v2_1_vl_rfs.v:747]
WARNING: [Synth 8-6014] Unused sequential element S_READY_i_reg was removed.  [/home/pct/Caribou/MPW4_Helmut/MPW4/caribou-soc/caribou-soc.srcs/sources_1/bd/caribou_top/ipshared/279e/hdl/axi_data_fifo_v2_1_vl_rfs.v:786]
WARNING: [Synth 8-6014] Unused sequential element s_ready_i_reg was removed.  [/home/pct/Caribou/MPW4_Helmut/MPW4/caribou-soc/caribou-soc.srcs/sources_1/bd/caribou_top/ipshared/279e/hdl/axi_data_fifo_v2_1_vl_rfs.v:1034]
WARNING: [Synth 8-6014] Unused sequential element gen_master_slots[0].gen_mi_write.gen_debug_w.debug_w_beat_cnt_i_reg was removed.  [/home/pct/Caribou/MPW4_Helmut/MPW4/caribou-soc/caribou-soc.srcs/sources_1/bd/caribou_top/ipshared/fb47/hdl/axi_crossbar_v2_1_vl_rfs.v:2991]
WARNING: [Synth 8-6014] Unused sequential element gen_master_slots[1].gen_mi_write.gen_debug_w.debug_w_beat_cnt_i_reg was removed.  [/home/pct/Caribou/MPW4_Helmut/MPW4/caribou-soc/caribou-soc.srcs/sources_1/bd/caribou_top/ipshared/fb47/hdl/axi_crossbar_v2_1_vl_rfs.v:2991]
WARNING: [Synth 8-6014] Unused sequential element gen_master_slots[2].gen_mi_write.gen_debug_w.debug_w_beat_cnt_i_reg was removed.  [/home/pct/Caribou/MPW4_Helmut/MPW4/caribou-soc/caribou-soc.srcs/sources_1/bd/caribou_top/ipshared/fb47/hdl/axi_crossbar_v2_1_vl_rfs.v:2991]
WARNING: [Synth 8-6014] Unused sequential element gen_master_slots[3].gen_mi_write.gen_debug_w.debug_w_beat_cnt_i_reg was removed.  [/home/pct/Caribou/MPW4_Helmut/MPW4/caribou-soc/caribou-soc.srcs/sources_1/bd/caribou_top/ipshared/fb47/hdl/axi_crossbar_v2_1_vl_rfs.v:2991]
WARNING: [Synth 8-6014] Unused sequential element gen_master_slots[4].gen_mi_write.gen_debug_w.debug_w_beat_cnt_i_reg was removed.  [/home/pct/Caribou/MPW4_Helmut/MPW4/caribou-soc/caribou-soc.srcs/sources_1/bd/caribou_top/ipshared/fb47/hdl/axi_crossbar_v2_1_vl_rfs.v:2991]
WARNING: [Synth 8-6014] Unused sequential element gen_master_slots[5].gen_mi_write.gen_debug_w.debug_w_beat_cnt_i_reg was removed.  [/home/pct/Caribou/MPW4_Helmut/MPW4/caribou-soc/caribou-soc.srcs/sources_1/bd/caribou_top/ipshared/fb47/hdl/axi_crossbar_v2_1_vl_rfs.v:2991]
WARNING: [Synth 8-6014] Unused sequential element gen_master_slots[6].gen_mi_write.gen_debug_w.debug_w_beat_cnt_i_reg was removed.  [/home/pct/Caribou/MPW4_Helmut/MPW4/caribou-soc/caribou-soc.srcs/sources_1/bd/caribou_top/ipshared/fb47/hdl/axi_crossbar_v2_1_vl_rfs.v:2991]
WARNING: [Synth 8-6014] Unused sequential element gen_master_slots[7].gen_mi_write.gen_debug_w.debug_w_beat_cnt_i_reg was removed.  [/home/pct/Caribou/MPW4_Helmut/MPW4/caribou-soc/caribou-soc.srcs/sources_1/bd/caribou_top/ipshared/fb47/hdl/axi_crossbar_v2_1_vl_rfs.v:2991]
WARNING: [Synth 8-6014] Unused sequential element gen_master_slots[8].gen_mi_write.gen_debug_w.debug_w_beat_cnt_i_reg was removed.  [/home/pct/Caribou/MPW4_Helmut/MPW4/caribou-soc/caribou-soc.srcs/sources_1/bd/caribou_top/ipshared/fb47/hdl/axi_crossbar_v2_1_vl_rfs.v:2991]
WARNING: [Synth 8-6014] Unused sequential element gen_master_slots[9].gen_mi_write.gen_debug_w.debug_w_beat_cnt_i_reg was removed.  [/home/pct/Caribou/MPW4_Helmut/MPW4/caribou-soc/caribou-soc.srcs/sources_1/bd/caribou_top/ipshared/fb47/hdl/axi_crossbar_v2_1_vl_rfs.v:2991]
WARNING: [Synth 8-6014] Unused sequential element gen_master_slots[10].gen_mi_write.gen_debug_w.debug_w_beat_cnt_i_reg was removed.  [/home/pct/Caribou/MPW4_Helmut/MPW4/caribou-soc/caribou-soc.srcs/sources_1/bd/caribou_top/ipshared/fb47/hdl/axi_crossbar_v2_1_vl_rfs.v:2991]
WARNING: [Synth 8-6014] Unused sequential element gen_master_slots[11].gen_mi_write.gen_debug_w.debug_w_beat_cnt_i_reg was removed.  [/home/pct/Caribou/MPW4_Helmut/MPW4/caribou-soc/caribou-soc.srcs/sources_1/bd/caribou_top/ipshared/fb47/hdl/axi_crossbar_v2_1_vl_rfs.v:2991]
WARNING: [Synth 8-6014] Unused sequential element gen_master_slots[12].gen_mi_write.gen_debug_w.debug_w_beat_cnt_i_reg was removed.  [/home/pct/Caribou/MPW4_Helmut/MPW4/caribou-soc/caribou-soc.srcs/sources_1/bd/caribou_top/ipshared/fb47/hdl/axi_crossbar_v2_1_vl_rfs.v:2991]
WARNING: [Synth 8-6014] Unused sequential element gen_master_slots[13].gen_mi_write.gen_debug_w.debug_w_beat_cnt_i_reg was removed.  [/home/pct/Caribou/MPW4_Helmut/MPW4/caribou-soc/caribou-soc.srcs/sources_1/bd/caribou_top/ipshared/fb47/hdl/axi_crossbar_v2_1_vl_rfs.v:2991]
WARNING: [Synth 8-6014] Unused sequential element gen_master_slots[14].gen_mi_write.gen_debug_w.debug_w_beat_cnt_i_reg was removed.  [/home/pct/Caribou/MPW4_Helmut/MPW4/caribou-soc/caribou-soc.srcs/sources_1/bd/caribou_top/ipshared/fb47/hdl/axi_crossbar_v2_1_vl_rfs.v:2991]
WARNING: [Synth 8-6014] Unused sequential element gen_master_slots[15].gen_mi_write.gen_debug_w.debug_w_beat_cnt_i_reg was removed.  [/home/pct/Caribou/MPW4_Helmut/MPW4/caribou-soc/caribou-soc.srcs/sources_1/bd/caribou_top/ipshared/fb47/hdl/axi_crossbar_v2_1_vl_rfs.v:2991]
WARNING: [Synth 8-7129] Port ACLK in module axi_register_slice_v2_1_29_axic_register_slice is either unconnected or has no load
WARNING: [Synth 8-7129] Port ARESET in module axi_register_slice_v2_1_29_axic_register_slice is either unconnected or has no load
WARNING: [Synth 8-7129] Port ACLK in module axi_register_slice_v2_1_29_axic_register_slice__parameterized0 is either unconnected or has no load
WARNING: [Synth 8-7129] Port ARESET in module axi_register_slice_v2_1_29_axic_register_slice__parameterized0 is either unconnected or has no load
WARNING: [Synth 8-7129] Port m_axi_buser[0] in module axi_infrastructure_v1_1_0_vector2axi is either unconnected or has no load
WARNING: [Synth 8-7129] Port m_axi_ruser[0] in module axi_infrastructure_v1_1_0_vector2axi is either unconnected or has no load
WARNING: [Synth 8-7129] Port s_axi_awuser[0] in module axi_infrastructure_v1_1_0_axi2vector is either unconnected or has no load
WARNING: [Synth 8-7129] Port s_axi_wid[12] in module axi_infrastructure_v1_1_0_axi2vector is either unconnected or has no load
WARNING: [Synth 8-7129] Port s_axi_wid[11] in module axi_infrastructure_v1_1_0_axi2vector is either unconnected or has no load
WARNING: [Synth 8-7129] Port s_axi_wid[10] in module axi_infrastructure_v1_1_0_axi2vector is either unconnected or has no load
WARNING: [Synth 8-7129] Port s_axi_wid[9] in module axi_infrastructure_v1_1_0_axi2vector is either unconnected or has no load
WARNING: [Synth 8-7129] Port s_axi_wid[8] in module axi_infrastructure_v1_1_0_axi2vector is either unconnected or has no load
WARNING: [Synth 8-7129] Port s_axi_wid[7] in module axi_infrastructure_v1_1_0_axi2vector is either unconnected or has no load
WARNING: [Synth 8-7129] Port s_axi_wid[6] in module axi_infrastructure_v1_1_0_axi2vector is either unconnected or has no load
WARNING: [Synth 8-7129] Port s_axi_wid[5] in module axi_infrastructure_v1_1_0_axi2vector is either unconnected or has no load
WARNING: [Synth 8-7129] Port s_axi_wid[4] in module axi_infrastructure_v1_1_0_axi2vector is either unconnected or has no load
WARNING: [Synth 8-7129] Port s_axi_wid[3] in module axi_infrastructure_v1_1_0_axi2vector is either unconnected or has no load
WARNING: [Synth 8-7129] Port s_axi_wid[2] in module axi_infrastructure_v1_1_0_axi2vector is either unconnected or has no load
WARNING: [Synth 8-7129] Port s_axi_wid[1] in module axi_infrastructure_v1_1_0_axi2vector is either unconnected or has no load
WARNING: [Synth 8-7129] Port s_axi_wid[0] in module axi_infrastructure_v1_1_0_axi2vector is either unconnected or has no load
WARNING: [Synth 8-7129] Port s_axi_wuser[0] in module axi_infrastructure_v1_1_0_axi2vector is either unconnected or has no load
WARNING: [Synth 8-7129] Port s_axi_aruser[0] in module axi_infrastructure_v1_1_0_axi2vector is either unconnected or has no load
WARNING: [Synth 8-7129] Port aclk2x in module axi_register_slice_v2_1_29_axi_register_slice is either unconnected or has no load
WARNING: [Synth 8-7129] Port ADDR[1] in module axi_crossbar_v2_1_30_addr_decoder is either unconnected or has no load
WARNING: [Synth 8-7129] Port ADDR[0] in module axi_crossbar_v2_1_30_addr_decoder is either unconnected or has no load
WARNING: [Synth 8-7129] Port S_ABURST[1] in module axi_crossbar_v2_1_30_si_transactor__parameterized2 is either unconnected or has no load
WARNING: [Synth 8-7129] Port S_ABURST[0] in module axi_crossbar_v2_1_30_si_transactor__parameterized2 is either unconnected or has no load
WARNING: [Synth 8-7129] Port S_ABURST[1] in module axi_crossbar_v2_1_30_si_transactor__parameterized1 is either unconnected or has no load
WARNING: [Synth 8-7129] Port S_ABURST[0] in module axi_crossbar_v2_1_30_si_transactor__parameterized1 is either unconnected or has no load
WARNING: [Synth 8-7129] Port S_ABURST[1] in module axi_crossbar_v2_1_30_si_transactor__parameterized0 is either unconnected or has no load
WARNING: [Synth 8-7129] Port S_ABURST[0] in module axi_crossbar_v2_1_30_si_transactor__parameterized0 is either unconnected or has no load
WARNING: [Synth 8-7129] Port S_ABURST[1] in module axi_crossbar_v2_1_30_si_transactor is either unconnected or has no load
WARNING: [Synth 8-7129] Port S_ABURST[0] in module axi_crossbar_v2_1_30_si_transactor is either unconnected or has no load
WARNING: [Synth 8-7129] Port S_AXI_WID[25] in module axi_crossbar_v2_1_30_crossbar is either unconnected or has no load
WARNING: [Synth 8-7129] Port S_AXI_WID[24] in module axi_crossbar_v2_1_30_crossbar is either unconnected or has no load
WARNING: [Synth 8-7129] Port S_AXI_WID[23] in module axi_crossbar_v2_1_30_crossbar is either unconnected or has no load
WARNING: [Synth 8-7129] Port S_AXI_WID[22] in module axi_crossbar_v2_1_30_crossbar is either unconnected or has no load
WARNING: [Synth 8-7129] Port S_AXI_WID[21] in module axi_crossbar_v2_1_30_crossbar is either unconnected or has no load
WARNING: [Synth 8-7129] Port S_AXI_WID[20] in module axi_crossbar_v2_1_30_crossbar is either unconnected or has no load
WARNING: [Synth 8-7129] Port S_AXI_WID[19] in module axi_crossbar_v2_1_30_crossbar is either unconnected or has no load
WARNING: [Synth 8-7129] Port S_AXI_WID[18] in module axi_crossbar_v2_1_30_crossbar is either unconnected or has no load
WARNING: [Synth 8-7129] Port S_AXI_WID[17] in module axi_crossbar_v2_1_30_crossbar is either unconnected or has no load
WARNING: [Synth 8-7129] Port S_AXI_WID[16] in module axi_crossbar_v2_1_30_crossbar is either unconnected or has no load
WARNING: [Synth 8-7129] Port S_AXI_WID[15] in module axi_crossbar_v2_1_30_crossbar is either unconnected or has no load
WARNING: [Synth 8-7129] Port S_AXI_WID[14] in module axi_crossbar_v2_1_30_crossbar is either unconnected or has no load
WARNING: [Synth 8-7129] Port S_AXI_WID[13] in module axi_crossbar_v2_1_30_crossbar is either unconnected or has no load
WARNING: [Synth 8-7129] Port S_AXI_WID[12] in module axi_crossbar_v2_1_30_crossbar is either unconnected or has no load
WARNING: [Synth 8-7129] Port S_AXI_WID[11] in module axi_crossbar_v2_1_30_crossbar is either unconnected or has no load
WARNING: [Synth 8-7129] Port S_AXI_WID[10] in module axi_crossbar_v2_1_30_crossbar is either unconnected or has no load
WARNING: [Synth 8-7129] Port S_AXI_WID[9] in module axi_crossbar_v2_1_30_crossbar is either unconnected or has no load
WARNING: [Synth 8-7129] Port S_AXI_WID[8] in module axi_crossbar_v2_1_30_crossbar is either unconnected or has no load
WARNING: [Synth 8-7129] Port S_AXI_WID[7] in module axi_crossbar_v2_1_30_crossbar is either unconnected or has no load
WARNING: [Synth 8-7129] Port S_AXI_WID[6] in module axi_crossbar_v2_1_30_crossbar is either unconnected or has no load
WARNING: [Synth 8-7129] Port S_AXI_WID[5] in module axi_crossbar_v2_1_30_crossbar is either unconnected or has no load
WARNING: [Synth 8-7129] Port S_AXI_WID[4] in module axi_crossbar_v2_1_30_crossbar is either unconnected or has no load
WARNING: [Synth 8-7129] Port S_AXI_WID[3] in module axi_crossbar_v2_1_30_crossbar is either unconnected or has no load
WARNING: [Synth 8-7129] Port S_AXI_WID[2] in module axi_crossbar_v2_1_30_crossbar is either unconnected or has no load
WARNING: [Synth 8-7129] Port S_AXI_WID[1] in module axi_crossbar_v2_1_30_crossbar is either unconnected or has no load
WARNING: [Synth 8-7129] Port S_AXI_WID[0] in module axi_crossbar_v2_1_30_crossbar is either unconnected or has no load
WARNING: [Synth 8-7129] Port s_axi_awuser[1] in module axi_crossbar_v2_1_30_axi_crossbar is either unconnected or has no load
WARNING: [Synth 8-7129] Port s_axi_awuser[0] in module axi_crossbar_v2_1_30_axi_crossbar is either unconnected or has no load
WARNING: [Synth 8-7129] Port s_axi_wid[25] in module axi_crossbar_v2_1_30_axi_crossbar is either unconnected or has no load
WARNING: [Synth 8-7129] Port s_axi_wid[24] in module axi_crossbar_v2_1_30_axi_crossbar is either unconnected or has no load
WARNING: [Synth 8-7129] Port s_axi_wid[23] in module axi_crossbar_v2_1_30_axi_crossbar is either unconnected or has no load
WARNING: [Synth 8-7129] Port s_axi_wid[22] in module axi_crossbar_v2_1_30_axi_crossbar is either unconnected or has no load
WARNING: [Synth 8-7129] Port s_axi_wid[21] in module axi_crossbar_v2_1_30_axi_crossbar is either unconnected or has no load
WARNING: [Synth 8-7129] Port s_axi_wid[20] in module axi_crossbar_v2_1_30_axi_crossbar is either unconnected or has no load
WARNING: [Synth 8-7129] Port s_axi_wid[19] in module axi_crossbar_v2_1_30_axi_crossbar is either unconnected or has no load
WARNING: [Synth 8-7129] Port s_axi_wid[18] in module axi_crossbar_v2_1_30_axi_crossbar is either unconnected or has no load
WARNING: [Synth 8-7129] Port s_axi_wid[17] in module axi_crossbar_v2_1_30_axi_crossbar is either unconnected or has no load
WARNING: [Synth 8-7129] Port s_axi_wid[16] in module axi_crossbar_v2_1_30_axi_crossbar is either unconnected or has no load
WARNING: [Synth 8-7129] Port s_axi_wid[15] in module axi_crossbar_v2_1_30_axi_crossbar is either unconnected or has no load
WARNING: [Synth 8-7129] Port s_axi_wid[14] in module axi_crossbar_v2_1_30_axi_crossbar is either unconnected or has no load
WARNING: [Synth 8-7129] Port s_axi_wid[13] in module axi_crossbar_v2_1_30_axi_crossbar is either unconnected or has no load
WARNING: [Synth 8-7129] Port s_axi_wid[12] in module axi_crossbar_v2_1_30_axi_crossbar is either unconnected or has no load
WARNING: [Synth 8-7129] Port s_axi_wid[11] in module axi_crossbar_v2_1_30_axi_crossbar is either unconnected or has no load
WARNING: [Synth 8-7129] Port s_axi_wid[10] in module axi_crossbar_v2_1_30_axi_crossbar is either unconnected or has no load
WARNING: [Synth 8-7129] Port s_axi_wid[9] in module axi_crossbar_v2_1_30_axi_crossbar is either unconnected or has no load
WARNING: [Synth 8-7129] Port s_axi_wid[8] in module axi_crossbar_v2_1_30_axi_crossbar is either unconnected or has no load
WARNING: [Synth 8-7129] Port s_axi_wid[7] in module axi_crossbar_v2_1_30_axi_crossbar is either unconnected or has no load
WARNING: [Synth 8-7129] Port s_axi_wid[6] in module axi_crossbar_v2_1_30_axi_crossbar is either unconnected or has no load
WARNING: [Synth 8-7129] Port s_axi_wid[5] in module axi_crossbar_v2_1_30_axi_crossbar is either unconnected or has no load
WARNING: [Synth 8-7129] Port s_axi_wid[4] in module axi_crossbar_v2_1_30_axi_crossbar is either unconnected or has no load
WARNING: [Synth 8-7129] Port s_axi_wid[3] in module axi_crossbar_v2_1_30_axi_crossbar is either unconnected or has no load
WARNING: [Synth 8-7129] Port s_axi_wid[2] in module axi_crossbar_v2_1_30_axi_crossbar is either unconnected or has no load
WARNING: [Synth 8-7129] Port s_axi_wid[1] in module axi_crossbar_v2_1_30_axi_crossbar is either unconnected or has no load
WARNING: [Synth 8-7129] Port s_axi_wid[0] in module axi_crossbar_v2_1_30_axi_crossbar is either unconnected or has no load
WARNING: [Synth 8-7129] Port s_axi_wuser[1] in module axi_crossbar_v2_1_30_axi_crossbar is either unconnected or has no load
WARNING: [Synth 8-7129] Port s_axi_wuser[0] in module axi_crossbar_v2_1_30_axi_crossbar is either unconnected or has no load
WARNING: [Synth 8-7129] Port s_axi_aruser[1] in module axi_crossbar_v2_1_30_axi_crossbar is either unconnected or has no load
WARNING: [Synth 8-7129] Port s_axi_aruser[0] in module axi_crossbar_v2_1_30_axi_crossbar is either unconnected or has no load
WARNING: [Synth 8-7129] Port m_axi_buser[14] in module axi_crossbar_v2_1_30_axi_crossbar is either unconnected or has no load
WARNING: [Synth 8-7129] Port m_axi_buser[13] in module axi_crossbar_v2_1_30_axi_crossbar is either unconnected or has no load
WARNING: [Synth 8-7129] Port m_axi_buser[12] in module axi_crossbar_v2_1_30_axi_crossbar is either unconnected or has no load
WARNING: [Synth 8-7129] Port m_axi_buser[11] in module axi_crossbar_v2_1_30_axi_crossbar is either unconnected or has no load
WARNING: [Synth 8-7129] Port m_axi_buser[10] in module axi_crossbar_v2_1_30_axi_crossbar is either unconnected or has no load
WARNING: [Synth 8-7129] Port m_axi_buser[9] in module axi_crossbar_v2_1_30_axi_crossbar is either unconnected or has no load
WARNING: [Synth 8-7129] Port m_axi_buser[8] in module axi_crossbar_v2_1_30_axi_crossbar is either unconnected or has no load
WARNING: [Synth 8-7129] Port m_axi_buser[7] in module axi_crossbar_v2_1_30_axi_crossbar is either unconnected or has no load
WARNING: [Synth 8-7129] Port m_axi_buser[6] in module axi_crossbar_v2_1_30_axi_crossbar is either unconnected or has no load
INFO: [Common 17-14] Message 'Synth 8-7129' appears 100 times and further instances of the messages will be disabled. Use the Tcl command set_msg_config to change the current settings.
---------------------------------------------------------------------------------
Finished RTL Elaboration : Time (s): cpu = 00:00:08 ; elapsed = 00:00:09 . Memory (MB): peak = 2667.324 ; gain = 652.684 ; free physical = 40606 ; free virtual = 57018
---------------------------------------------------------------------------------
---------------------------------------------------------------------------------
Start Handling Custom Attributes
---------------------------------------------------------------------------------
---------------------------------------------------------------------------------
Finished Handling Custom Attributes : Time (s): cpu = 00:00:08 ; elapsed = 00:00:09 . Memory (MB): peak = 2667.324 ; gain = 652.684 ; free physical = 40549 ; free virtual = 56962
---------------------------------------------------------------------------------
---------------------------------------------------------------------------------
Finished RTL Optimization Phase 1 : Time (s): cpu = 00:00:08 ; elapsed = 00:00:09 . Memory (MB): peak = 2667.324 ; gain = 652.684 ; free physical = 40549 ; free virtual = 56962
---------------------------------------------------------------------------------
Netlist sorting complete. Time (s): cpu = 00:00:00.23 ; elapsed = 00:00:00.24 . Memory (MB): peak = 2667.324 ; gain = 0.000 ; free physical = 40720 ; free virtual = 57133
INFO: [Netlist 29-17] Analyzing 396 Unisim elements for replacement
INFO: [Netlist 29-28] Unisim Transformation completed in 0 CPU seconds
INFO: [Project 1-570] Preparing netlist for logic optimization

Processing XDC Constraints
Initializing timing engine
Parsing XDC File [/home/pct/Caribou/MPW4_Helmut/MPW4/caribou-soc/caribou-soc.srcs/sources_1/bd/caribou_top/ip/caribou_top_xbar_0/caribou_top_xbar_0_ooc.xdc] for cell 'inst'
Finished Parsing XDC File [/home/pct/Caribou/MPW4_Helmut/MPW4/caribou-soc/caribou-soc.srcs/sources_1/bd/caribou_top/ip/caribou_top_xbar_0/caribou_top_xbar_0_ooc.xdc] for cell 'inst'
Parsing XDC File [/home/pct/Caribou/MPW4_Helmut/MPW4/caribou-soc/caribou-soc.runs/caribou_top_xbar_0_synth_1/dont_touch.xdc]
Finished Parsing XDC File [/home/pct/Caribou/MPW4_Helmut/MPW4/caribou-soc/caribou-soc.runs/caribou_top_xbar_0_synth_1/dont_touch.xdc]
Completed Processing XDC Constraints

Netlist sorting complete. Time (s): cpu = 00:00:00.01 ; elapsed = 00:00:00 . Memory (MB): peak = 2756.168 ; gain = 0.000 ; free physical = 40296 ; free virtual = 56708
INFO: [Project 1-111] Unisim Transformation Summary:
No Unisim elements were transformed.

Constraint Validation Runtime : Time (s): cpu = 00:00:00.35 ; elapsed = 00:00:02 . Memory (MB): peak = 2756.203 ; gain = 0.000 ; free physical = 40028 ; free virtual = 56443
INFO: [Designutils 20-5008] Incremental synthesis strategy off
---------------------------------------------------------------------------------
Finished Constraint Validation : Time (s): cpu = 00:00:16 ; elapsed = 00:00:19 . Memory (MB): peak = 2756.203 ; gain = 741.562 ; free physical = 39689 ; free virtual = 56104
---------------------------------------------------------------------------------
---------------------------------------------------------------------------------
Start Loading Part and Timing Information
---------------------------------------------------------------------------------
Loading part: xc7z045ffg900-2
---------------------------------------------------------------------------------
Finished Loading Part and Timing Information : Time (s): cpu = 00:00:16 ; elapsed = 00:00:19 . Memory (MB): peak = 2756.203 ; gain = 741.562 ; free physical = 39689 ; free virtual = 56104
---------------------------------------------------------------------------------
---------------------------------------------------------------------------------
Start Applying 'set_property' XDC Constraints
---------------------------------------------------------------------------------
Applied set_property KEEP_HIERARCHY = SOFT for inst. (constraint file  /home/pct/Caribou/MPW4_Helmut/MPW4/caribou-soc/caribou-soc.runs/caribou_top_xbar_0_synth_1/dont_touch.xdc, line 9).
---------------------------------------------------------------------------------
Finished applying 'set_property' XDC Constraints : Time (s): cpu = 00:00:16 ; elapsed = 00:00:19 . Memory (MB): peak = 2756.203 ; gain = 741.562 ; free physical = 39689 ; free virtual = 56104
---------------------------------------------------------------------------------
INFO: [Synth 8-802] inferred FSM for state register 'state_reg' in module 'axi_data_fifo_v2_1_28_axic_reg_srl_fifo'
INFO: [Synth 8-802] inferred FSM for state register 'state_reg' in module 'axi_data_fifo_v2_1_28_axic_reg_srl_fifo__parameterized0'
INFO: [Synth 8-802] inferred FSM for state register 'state_reg' in module 'axi_data_fifo_v2_1_28_axic_reg_srl_fifo__parameterized1'
INFO: [Synth 8-802] inferred FSM for state register 'state_reg' in module 'axi_data_fifo_v2_1_28_axic_reg_srl_fifo__parameterized2'
INFO: [Synth 8-802] inferred FSM for state register 'state_reg' in module 'axi_data_fifo_v2_1_28_axic_reg_srl_fifo__parameterized3'
INFO: [Synth 8-802] inferred FSM for state register 'gen_axi.write_cs_reg' in module 'axi_crossbar_v2_1_30_decerr_slave'
---------------------------------------------------------------------------------------------------
                   State |                     New Encoding |                Previous Encoding 
---------------------------------------------------------------------------------------------------
                    ZERO |                             1000 |                               10
                     ONE |                             0010 |                               11
                     TWO |                             0001 |                               01
                  iSTATE |                             0100 |                               00
---------------------------------------------------------------------------------------------------
INFO: [Synth 8-3354] encoded FSM with state register 'state_reg' using encoding 'one-hot' in module 'axi_data_fifo_v2_1_28_axic_reg_srl_fifo'
---------------------------------------------------------------------------------------------------
                   State |                     New Encoding |                Previous Encoding 
---------------------------------------------------------------------------------------------------
                    ZERO |                             1000 |                               10
                     ONE |                             0010 |                               11
                     TWO |                             0001 |                               01
                  iSTATE |                             0100 |                               00
---------------------------------------------------------------------------------------------------
INFO: [Synth 8-3354] encoded FSM with state register 'state_reg' using encoding 'one-hot' in module 'axi_data_fifo_v2_1_28_axic_reg_srl_fifo__parameterized0'
---------------------------------------------------------------------------------------------------
                   State |                     New Encoding |                Previous Encoding 
---------------------------------------------------------------------------------------------------
                    ZERO |                             1000 |                               10
                     ONE |                             0010 |                               11
                     TWO |                             0001 |                               01
                  iSTATE |                             0100 |                               00
---------------------------------------------------------------------------------------------------
INFO: [Synth 8-3354] encoded FSM with state register 'state_reg' using encoding 'one-hot' in module 'axi_data_fifo_v2_1_28_axic_reg_srl_fifo__parameterized1'
---------------------------------------------------------------------------------------------------
                   State |                     New Encoding |                Previous Encoding 
---------------------------------------------------------------------------------------------------
                    ZERO |                             1000 |                               10
                     ONE |                             0010 |                               11
                     TWO |                             0001 |                               01
                  iSTATE |                             0100 |                               00
---------------------------------------------------------------------------------------------------
INFO: [Synth 8-3354] encoded FSM with state register 'state_reg' using encoding 'one-hot' in module 'axi_data_fifo_v2_1_28_axic_reg_srl_fifo__parameterized2'
---------------------------------------------------------------------------------------------------
                   State |                     New Encoding |                Previous Encoding 
---------------------------------------------------------------------------------------------------
                    ZERO |                             1000 |                               10
                     ONE |                             0010 |                               11
                     TWO |                             0001 |                               01
                  iSTATE |                             0100 |                               00
---------------------------------------------------------------------------------------------------
INFO: [Synth 8-3354] encoded FSM with state register 'state_reg' using encoding 'one-hot' in module 'axi_data_fifo_v2_1_28_axic_reg_srl_fifo__parameterized3'
---------------------------------------------------------------------------------------------------
                   State |                     New Encoding |                Previous Encoding 
---------------------------------------------------------------------------------------------------
            P_WRITE_IDLE |                              001 |                               00
            P_WRITE_DATA |                              010 |                               01
            P_WRITE_RESP |                              100 |                               10
---------------------------------------------------------------------------------------------------
INFO: [Synth 8-3354] encoded FSM with state register 'gen_axi.write_cs_reg' using encoding 'one-hot' in module 'axi_crossbar_v2_1_30_decerr_slave'
---------------------------------------------------------------------------------
Finished RTL Optimization Phase 2 : Time (s): cpu = 00:00:17 ; elapsed = 00:00:21 . Memory (MB): peak = 2756.203 ; gain = 741.562 ; free physical = 39666 ; free virtual = 56083
---------------------------------------------------------------------------------
---------------------------------------------------------------------------------
Start RTL Component Statistics 
---------------------------------------------------------------------------------
Detailed RTL Component Info : 
+---Adders : 
	   2 Input    8 Bit       Adders := 3     
	   2 Input    4 Bit       Adders := 62    
	   2 Input    3 Bit       Adders := 44    
	   2 Input    2 Bit       Adders := 24    
	   2 Input    1 Bit       Adders := 2     
+---XORs : 
	   2 Input      1 Bit         XORs := 54    
+---Registers : 
	               76 Bit    Registers := 2     
	               48 Bit    Registers := 32    
	               16 Bit    Registers := 10    
	               15 Bit    Registers := 16    
	               13 Bit    Registers := 2     
	                8 Bit    Registers := 3     
	                5 Bit    Registers := 2     
	                4 Bit    Registers := 18    
	                3 Bit    Registers := 29    
	                2 Bit    Registers := 54    
	                1 Bit    Registers := 167   
+---Muxes : 
	   2 Input  128 Bit        Muxes := 32    
	   2 Input   64 Bit        Muxes := 16    
	   2 Input   49 Bit        Muxes := 6     
	   2 Input   48 Bit        Muxes := 32    
	   2 Input   17 Bit        Muxes := 6     
	   2 Input   16 Bit        Muxes := 8     
	   2 Input   15 Bit        Muxes := 4     
	   2 Input    8 Bit        Muxes := 1     
	   2 Input    5 Bit        Muxes := 2     
	   2 Input    4 Bit        Muxes := 86    
	   3 Input    4 Bit        Muxes := 34    
	   2 Input    3 Bit        Muxes := 15    
	   2 Input    2 Bit        Muxes := 129   
	   3 Input    2 Bit        Muxes := 4     
	   2 Input    1 Bit        Muxes := 170   
	   4 Input    1 Bit        Muxes := 54    
	   3 Input    1 Bit        Muxes := 9     
---------------------------------------------------------------------------------
Finished RTL Component Statistics 
---------------------------------------------------------------------------------
---------------------------------------------------------------------------------
Start Part Resource Summary
---------------------------------------------------------------------------------
Part Resources:
DSPs: 900 (col length:140)
BRAMs: 1090 (col length: RAMB18 140 RAMB36 70)
---------------------------------------------------------------------------------
Finished Part Resource Summary
---------------------------------------------------------------------------------
---------------------------------------------------------------------------------
Start Cross Boundary and Area Optimization
---------------------------------------------------------------------------------
WARNING: [Synth 8-7080] Parallel synthesis criteria is not met
INFO: [Synth 8-3332] Sequential element (wrouter_aw_fifo/FSM_onehot_state_reg[2]) is unused and will be removed from module axi_crossbar_v2_1_30_wdata_router.
INFO: [Synth 8-3332] Sequential element (wrouter_aw_fifo/FSM_onehot_state_reg[2]) is unused and will be removed from module axi_crossbar_v2_1_30_wdata_router__parameterized0.
INFO: [Synth 8-3332] Sequential element (gen_wmux.wmux_aw_fifo/FSM_onehot_state_reg[2]) is unused and will be removed from module axi_crossbar_v2_1_30_wdata_mux.
INFO: [Synth 8-3332] Sequential element (FSM_onehot_state_reg[2]) is unused and will be removed from module axi_data_fifo_v2_1_28_axic_reg_srl_fifo__parameterized2.
INFO: [Synth 8-3332] Sequential element (FSM_onehot_state_reg[2]) is unused and will be removed from module axi_data_fifo_v2_1_28_axic_reg_srl_fifo__parameterized3.
INFO: [Synth 8-3332] Sequential element (gen_wmux.wmux_aw_fifo/FSM_onehot_state_reg[3]) is unused and will be removed from module axi_crossbar_v2_1_30_wdata_mux__1.
INFO: [Synth 8-3332] Sequential element (gen_wmux.wmux_aw_fifo/FSM_onehot_state_reg[1]) is unused and will be removed from module axi_crossbar_v2_1_30_wdata_mux__1.
---------------------------------------------------------------------------------
Finished Cross Boundary and Area Optimization : Time (s): cpu = 00:00:37 ; elapsed = 00:00:45 . Memory (MB): peak = 2756.203 ; gain = 741.562 ; free physical = 37179 ; free virtual = 53603
---------------------------------------------------------------------------------
---------------------------------------------------------------------------------
Start Applying XDC Timing Constraints
---------------------------------------------------------------------------------
---------------------------------------------------------------------------------
Finished Applying XDC Timing Constraints : Time (s): cpu = 00:00:40 ; elapsed = 00:00:49 . Memory (MB): peak = 2756.203 ; gain = 741.562 ; free physical = 37792 ; free virtual = 54215
---------------------------------------------------------------------------------
---------------------------------------------------------------------------------
Start Timing Optimization
---------------------------------------------------------------------------------
---------------------------------------------------------------------------------
Finished Timing Optimization : Time (s): cpu = 00:00:44 ; elapsed = 00:00:52 . Memory (MB): peak = 2756.203 ; gain = 741.562 ; free physical = 39480 ; free virtual = 55901
---------------------------------------------------------------------------------
---------------------------------------------------------------------------------
Start Technology Mapping
---------------------------------------------------------------------------------
---------------------------------------------------------------------------------
Finished Technology Mapping : Time (s): cpu = 00:00:46 ; elapsed = 00:00:54 . Memory (MB): peak = 2756.203 ; gain = 741.562 ; free physical = 39065 ; free virtual = 55486
---------------------------------------------------------------------------------
---------------------------------------------------------------------------------
Start IO Insertion
---------------------------------------------------------------------------------
---------------------------------------------------------------------------------
Start Flattening Before IO Insertion
---------------------------------------------------------------------------------
---------------------------------------------------------------------------------
Finished Flattening Before IO Insertion
---------------------------------------------------------------------------------
---------------------------------------------------------------------------------
Start Final Netlist Cleanup
---------------------------------------------------------------------------------
---------------------------------------------------------------------------------
Finished Final Netlist Cleanup
---------------------------------------------------------------------------------
---------------------------------------------------------------------------------
Finished IO Insertion : Time (s): cpu = 00:00:49 ; elapsed = 00:00:58 . Memory (MB): peak = 2756.203 ; gain = 741.562 ; free physical = 37997 ; free virtual = 54418
---------------------------------------------------------------------------------
---------------------------------------------------------------------------------
Start Renaming Generated Instances
---------------------------------------------------------------------------------
---------------------------------------------------------------------------------
Finished Renaming Generated Instances : Time (s): cpu = 00:00:49 ; elapsed = 00:00:58 . Memory (MB): peak = 2756.203 ; gain = 741.562 ; free physical = 37997 ; free virtual = 54418
---------------------------------------------------------------------------------
---------------------------------------------------------------------------------
Start Rebuilding User Hierarchy
---------------------------------------------------------------------------------
---------------------------------------------------------------------------------
Finished Rebuilding User Hierarchy : Time (s): cpu = 00:00:50 ; elapsed = 00:00:59 . Memory (MB): peak = 2756.203 ; gain = 741.562 ; free physical = 37992 ; free virtual = 54414
---------------------------------------------------------------------------------
---------------------------------------------------------------------------------
Start Renaming Generated Ports
---------------------------------------------------------------------------------
---------------------------------------------------------------------------------
Finished Renaming Generated Ports : Time (s): cpu = 00:00:50 ; elapsed = 00:00:59 . Memory (MB): peak = 2756.203 ; gain = 741.562 ; free physical = 37990 ; free virtual = 54411
---------------------------------------------------------------------------------
---------------------------------------------------------------------------------
Start Handling Custom Attributes
---------------------------------------------------------------------------------
---------------------------------------------------------------------------------
Finished Handling Custom Attributes : Time (s): cpu = 00:00:50 ; elapsed = 00:00:59 . Memory (MB): peak = 2756.203 ; gain = 741.562 ; free physical = 37974 ; free virtual = 54395
---------------------------------------------------------------------------------
---------------------------------------------------------------------------------
Start Renaming Generated Nets
---------------------------------------------------------------------------------
---------------------------------------------------------------------------------
Finished Renaming Generated Nets : Time (s): cpu = 00:00:50 ; elapsed = 00:00:59 . Memory (MB): peak = 2756.203 ; gain = 741.562 ; free physical = 37970 ; free virtual = 54392
---------------------------------------------------------------------------------
---------------------------------------------------------------------------------
Start Writing Synthesis Report
---------------------------------------------------------------------------------

Report BlackBoxes: 
+-+--------------+----------+
| |BlackBox name |Instances |
+-+--------------+----------+
+-+--------------+----------+

Report Cell Usage: 
+------+--------+------+
|      |Cell    |Count |
+------+--------+------+
|1     |CARRY4  |    32|
|2     |LUT1    |    66|
|3     |LUT2    |   207|
|4     |LUT3    |  1642|
|5     |LUT4    |   360|
|6     |LUT5    |   430|
|7     |LUT6    |  1352|
|8     |MUXF7   |   204|
|9     |MUXF8   |   102|
|10    |SRLC32E |    25|
|11    |FDRE    |  2682|
|12    |FDSE    |    75|
+------+--------+------+
---------------------------------------------------------------------------------
Finished Writing Synthesis Report : Time (s): cpu = 00:00:50 ; elapsed = 00:00:59 . Memory (MB): peak = 2756.203 ; gain = 741.562 ; free physical = 37969 ; free virtual = 54390
---------------------------------------------------------------------------------
Synthesis finished with 0 errors, 0 critical warnings and 181 warnings.
Synthesis Optimization Runtime : Time (s): cpu = 00:00:45 ; elapsed = 00:00:52 . Memory (MB): peak = 2756.203 ; gain = 652.684 ; free physical = 37956 ; free virtual = 54377
Synthesis Optimization Complete : Time (s): cpu = 00:00:50 ; elapsed = 00:00:59 . Memory (MB): peak = 2756.203 ; gain = 741.562 ; free physical = 37956 ; free virtual = 54377
INFO: [Project 1-571] Translating synthesized netlist
Netlist sorting complete. Time (s): cpu = 00:00:00.09 ; elapsed = 00:00:00.09 . Memory (MB): peak = 2756.203 ; gain = 0.000 ; free physical = 38213 ; free virtual = 54634
INFO: [Netlist 29-17] Analyzing 338 Unisim elements for replacement
INFO: [Netlist 29-28] Unisim Transformation completed in 0 CPU seconds
INFO: [Project 1-570] Preparing netlist for logic optimization
INFO: [Opt 31-138] Pushed 0 inverter(s) to 0 load pin(s).
Netlist sorting complete. Time (s): cpu = 00:00:00 ; elapsed = 00:00:00 . Memory (MB): peak = 2756.203 ; gain = 0.000 ; free physical = 38185 ; free virtual = 54607
INFO: [Project 1-111] Unisim Transformation Summary:
No Unisim elements were transformed.

Synth Design complete | Checksum: f3af2fa6
INFO: [Common 17-83] Releasing license: Synthesis
172 Infos, 184 Warnings, 0 Critical Warnings and 0 Errors encountered.
synth_design completed successfully
synth_design: Time (s): cpu = 00:00:56 ; elapsed = 00:01:03 . Memory (MB): peak = 2756.203 ; gain = 1161.957 ; free physical = 38179 ; free virtual = 54600
INFO: [Common 17-2834] synth_design peak Physical Memory [PSS] (MB): overall = 1948.925; main = 1627.947; forked = 332.220
INFO: [Common 17-2834] synth_design peak Virtual Memory [VSS] (MB): overall = 4378.723; main = 2756.172; forked = 1654.566
Write ShapeDB Complete: Time (s): cpu = 00:00:00.02 ; elapsed = 00:00:00.01 . Memory (MB): peak = 2780.180 ; gain = 0.000 ; free physical = 38653 ; free virtual = 55075
INFO: [Common 17-1381] The checkpoint '/home/pct/Caribou/MPW4_Helmut/MPW4/caribou-soc/caribou-soc.runs/caribou_top_xbar_0_synth_1/caribou_top_xbar_0.dcp' has been generated.
INFO: [Coretcl 2-1648] Added synthesis output to IP cache for IP caribou_top_xbar_0, cache-ID = ecf26e5a1f31eb55
INFO: [Coretcl 2-1174] Renamed 129 cell refs.
Write ShapeDB Complete: Time (s): cpu = 00:00:00.01 ; elapsed = 00:00:00.01 . Memory (MB): peak = 2780.180 ; gain = 0.000 ; free physical = 41765 ; free virtual = 58197
INFO: [Common 17-1381] The checkpoint '/home/pct/Caribou/MPW4_Helmut/MPW4/caribou-soc/caribou-soc.runs/caribou_top_xbar_0_synth_1/caribou_top_xbar_0.dcp' has been generated.
INFO: [runtcl-4] Executing : report_utilization -file caribou_top_xbar_0_utilization_synth.rpt -pb caribou_top_xbar_0_utilization_synth.pb
INFO: [Common 17-206] Exiting Vivado at Mon Mar 24 09:31:39 2025...
