09:35:12 INFO  : Registering command handlers for SDK TCF services
09:35:12 INFO  : Launching XSCT server: xsct.bat -interactive C:\Users\steining\Desktop\MPW4\caribou-soc\caribou-soc.sdk\temp_xsdb_launch_script.tcl
09:35:14 INFO  : XSCT server has started successfully.
09:35:14 INFO  : Processing command line option -hwspec C:/Users/steining/Desktop/MPW4/caribou-soc/caribou-soc.sdk/caribou_top_wrapper.hdf.
09:35:14 INFO  : Successfully done setting XSCT server connection channel  
09:35:14 INFO  : Successfully done setting SDK workspace  
09:40:09 INFO  : Project 'MPW4' created. You can now create BSPs and application projects targeting this hardware platform.
14:14:31 INFO  : Registering command handlers for SDK TCF services
14:14:32 INFO  : Launching XSCT server: xsct.bat -interactive C:\Users\steining\Desktop\MPW4\caribou-soc\caribou-soc.sdk\temp_xsdb_launch_script.tcl
14:14:34 INFO  : XSCT server has started successfully.
14:14:37 INFO  : Processing command line option -hwspec C:/Users/steining/Desktop/MPW4/caribou-soc/caribou-soc.sdk/caribou_top_wrapper.hdf.
14:14:37 INFO  : Successfully done setting XSCT server connection channel  
14:14:37 INFO  : Checking for hwspec changes in the project caribou_top_wrapper_hw_platform_0.
14:14:37 INFO  : Successfully done setting SDK workspace  
16:14:53 INFO  : Registering command handlers for SDK TCF services
16:14:54 INFO  : Launching XSCT server: xsct.bat -interactive C:\Users\steining\Desktop\MPW4\caribou-soc\caribou-soc.sdk\temp_xsdb_launch_script.tcl
16:14:57 INFO  : XSCT server has started successfully.
16:14:57 INFO  : Successfully done setting XSCT server connection channel  
16:15:00 INFO  : Processing command line option -hwspec C:/Users/steining/Desktop/MPW4/caribou-soc/caribou-soc.sdk/caribou_top_wrapper.hdf.
16:15:00 INFO  : Successfully done setting SDK workspace  
16:15:00 INFO  : Checking for hwspec changes in the project caribou_top_wrapper_hw_platform_0.
15:05:54 INFO  : Registering command handlers for SDK TCF services
15:05:55 INFO  : Launching XSCT server: xsct.bat -interactive C:\Users\steining\Desktop\MPW4\caribou-soc\caribou-soc.sdk\temp_xsdb_launch_script.tcl
15:05:58 INFO  : XSCT server has started successfully.
15:06:01 INFO  : Processing command line option -hwspec C:/Users/steining/Desktop/MPW4/caribou-soc/caribou-soc.sdk/caribou_top_wrapper.hdf.
15:06:01 INFO  : Successfully done setting XSCT server connection channel  
15:06:01 INFO  : Successfully done setting SDK workspace  
15:06:01 INFO  : Checking for hwspec changes in the project caribou_top_wrapper_hw_platform_0.
09:51:05 INFO  : Registering command handlers for SDK TCF services
09:51:06 INFO  : Launching XSCT server: xsct.bat -interactive C:\Users\steining\Desktop\MPW4\caribou-soc\caribou-soc.sdk\temp_xsdb_launch_script.tcl
09:51:09 INFO  : XSCT server has started successfully.
09:51:09 INFO  : Successfully done setting XSCT server connection channel  
09:51:12 INFO  : Processing command line option -hwspec C:/Users/steining/Desktop/MPW4/caribou-soc/caribou-soc.sdk/caribou_top_wrapper.hdf.
09:51:12 INFO  : Successfully done setting SDK workspace  
09:51:12 INFO  : Checking for hwspec changes in the project caribou_top_wrapper_hw_platform_0.
14:05:28 INFO  : Registering command handlers for SDK TCF services
14:05:28 INFO  : Launching XSCT server: xsct.bat -interactive C:\Users\steining\Desktop\MPW4\caribou-soc\caribou-soc.sdk\temp_xsdb_launch_script.tcl
14:05:30 INFO  : XSCT server has started successfully.
14:05:31 INFO  : Processing command line option -hwspec C:/Users/steining/Desktop/MPW4/caribou-soc/caribou-soc.sdk/caribou_top_wrapper.hdf.
14:05:31 INFO  : Successfully done setting XSCT server connection channel  
14:05:31 INFO  : Successfully done setting SDK workspace  
14:05:31 INFO  : Checking for hwspec changes in the project caribou_top_wrapper_hw_platform_0.
14:05:34 INFO  : SDK has detected change in the last modified timestamps for source hardware specification file Source:1705578803547,  Project:1695214609952
14:05:34 INFO  : The hardware specification for project 'caribou_top_wrapper_hw_platform_0' is different from C:/Users/steining/Desktop/MPW4/caribou-soc/caribou-soc.sdk/caribou_top_wrapper.hdf.
14:05:34 INFO  : Copied contents of C:/Users/steining/Desktop/MPW4/caribou-soc/caribou-soc.sdk/caribou_top_wrapper.hdf into \caribou_top_wrapper_hw_platform_0\system.hdf.
14:05:37 INFO  : Synchronizing projects in the workspace with the hardware platform specification changes.
14:05:37 INFO  : Clearing existing target manager status.
14:05:37 INFO  : Workspace synchronized with the new hardware specification file. Cleaning dependent projects...
14:05:37 WARN  : Linker script will not be updated automatically. Users need to update it manually.
10:17:39 INFO  : Registering command handlers for SDK TCF services
10:17:41 INFO  : Launching XSCT server: xsct.bat -interactive C:\Users\steining\Desktop\MPW4\caribou-soc\caribou-soc.sdk\temp_xsdb_launch_script.tcl
10:17:44 INFO  : XSCT server has started successfully.
10:17:44 INFO  : Successfully done setting XSCT server connection channel  
10:17:46 INFO  : Processing command line option -hwspec C:/Users/steining/Desktop/MPW4/caribou-soc/caribou-soc.sdk/caribou_top_wrapper.hdf.
10:17:46 INFO  : Successfully done setting SDK workspace  
10:17:46 INFO  : Checking for hwspec changes in the project caribou_top_wrapper_hw_platform_0.
08:17:34 INFO  : Registering command handlers for SDK TCF services
08:17:35 INFO  : Launching XSCT server: xsct.bat -interactive C:\Users\steining\Desktop\MPW4\caribou-soc\caribou-soc.sdk\temp_xsdb_launch_script.tcl
08:17:38 INFO  : XSCT server has started successfully.
08:17:41 INFO  : Processing command line option -hwspec C:/Users/steining/Desktop/MPW4/caribou-soc/caribou-soc.sdk/caribou_top_wrapper.hdf.
08:17:41 INFO  : Successfully done setting XSCT server connection channel  
08:17:41 INFO  : Successfully done setting SDK workspace  
08:17:41 INFO  : Checking for hwspec changes in the project caribou_top_wrapper_hw_platform_0.
09:56:20 INFO  : Registering command handlers for SDK TCF services
09:56:21 INFO  : Launching XSCT server: xsct.bat -interactive C:\Users\steining\Desktop\MPW4\caribou-soc\caribou-soc.sdk\temp_xsdb_launch_script.tcl
09:56:24 INFO  : XSCT server has started successfully.
09:56:27 INFO  : Processing command line option -hwspec C:/Users/steining/Desktop/MPW4/caribou-soc/caribou-soc.sdk/caribou_top_wrapper.hdf.
09:56:27 INFO  : Successfully done setting XSCT server connection channel  
09:56:27 INFO  : Successfully done setting SDK workspace  
09:56:27 INFO  : Checking for hwspec changes in the project caribou_top_wrapper_hw_platform_0.
14:05:11 INFO  : Registering command handlers for SDK TCF services
14:05:12 INFO  : Launching XSCT server: xsct.bat -interactive C:\Users\steining\Desktop\MPW4\caribou-soc\caribou-soc.sdk\temp_xsdb_launch_script.tcl
14:05:15 INFO  : XSCT server has started successfully.
14:05:18 INFO  : Processing command line option -hwspec C:/Users/steining/Desktop/MPW4/caribou-soc/caribou-soc.sdk/caribou_top_wrapper.hdf.
14:05:18 INFO  : Successfully done setting XSCT server connection channel  
14:05:18 INFO  : Successfully done setting SDK workspace  
14:05:18 INFO  : Checking for hwspec changes in the project caribou_top_wrapper_hw_platform_0.
09:02:01 INFO  : Registering command handlers for SDK TCF services
09:02:02 INFO  : Launching XSCT server: xsct.bat -interactive C:\Users\steining\Desktop\MPW4\caribou-soc\caribou-soc.sdk\temp_xsdb_launch_script.tcl
09:02:06 INFO  : XSCT server has started successfully.
09:02:08 INFO  : Processing command line option -hwspec C:/Users/steining/Desktop/MPW4/caribou-soc/caribou-soc.sdk/caribou_top_wrapper.hdf.
09:02:08 INFO  : Successfully done setting XSCT server connection channel  
09:02:08 INFO  : Successfully done setting SDK workspace  
09:02:08 INFO  : Checking for hwspec changes in the project caribou_top_wrapper_hw_platform_0.
10:04:10 INFO  : Registering command handlers for SDK TCF services
10:04:12 INFO  : Launching XSCT server: xsct.bat -interactive C:\Users\steining\Desktop\MPW4\caribou-soc\caribou-soc.sdk\temp_xsdb_launch_script.tcl
10:04:15 INFO  : XSCT server has started successfully.
10:04:17 INFO  : Processing command line option -hwspec C:/Users/steining/Desktop/MPW4/caribou-soc/caribou-soc.sdk/caribou_top_wrapper.hdf.
10:04:17 INFO  : Successfully done setting XSCT server connection channel  
10:04:18 INFO  : Successfully done setting SDK workspace  
10:04:18 INFO  : Checking for hwspec changes in the project caribou_top_wrapper_hw_platform_0.
15:32:50 INFO  : Registering command handlers for SDK TCF services
15:32:51 INFO  : Launching XSCT server: xsct.bat -interactive C:\Users\steining\Desktop\MPW4\caribou-soc\caribou-soc.sdk\temp_xsdb_launch_script.tcl
15:32:53 INFO  : XSCT server has started successfully.
15:32:53 INFO  : Successfully done setting XSCT server connection channel  
15:32:53 INFO  : Processing command line option -hwspec C:/Users/steining/Desktop/MPW4/caribou-soc/caribou-soc.sdk/caribou_top_wrapper.hdf.
15:32:53 INFO  : Successfully done setting SDK workspace  
15:32:53 INFO  : Checking for hwspec changes in the project caribou_top_wrapper_hw_platform_0.
08:49:16 INFO  : Registering command handlers for SDK TCF services
08:49:17 INFO  : Launching XSCT server: xsct.bat -interactive C:\Users\steining\Desktop\MPW4\caribou-soc\caribou-soc.sdk\temp_xsdb_launch_script.tcl
08:49:19 INFO  : XSCT server has started successfully.
08:49:22 INFO  : Processing command line option -hwspec C:/Users/steining/Desktop/MPW4/caribou-soc/caribou-soc.sdk/caribou_top_wrapper.hdf.
08:49:22 INFO  : Successfully done setting XSCT server connection channel  
08:49:22 INFO  : Successfully done setting SDK workspace  
08:49:22 INFO  : Checking for hwspec changes in the project caribou_top_wrapper_hw_platform_0.
08:37:56 INFO  : Registering command handlers for SDK TCF services
08:37:57 INFO  : Launching XSCT server: xsct.bat -interactive C:\Users\steining\Desktop\MPW4\caribou-soc\caribou-soc.sdk\temp_xsdb_launch_script.tcl
08:37:59 INFO  : XSCT server has started successfully.
08:38:01 INFO  : Processing command line option -hwspec C:/Users/steining/Desktop/MPW4/caribou-soc/caribou-soc.sdk/caribou_top_wrapper.hdf.
08:38:01 INFO  : Successfully done setting XSCT server connection channel  
08:38:01 INFO  : Successfully done setting SDK workspace  
08:38:01 INFO  : Checking for hwspec changes in the project caribou_top_wrapper_hw_platform_0.
10:55:44 INFO  : Registering command handlers for SDK TCF services
10:55:45 INFO  : Launching XSCT server: xsct.bat -interactive C:\Users\steining\Desktop\MPW4\caribou-soc\caribou-soc.sdk\temp_xsdb_launch_script.tcl
10:55:48 INFO  : XSCT server has started successfully.
10:55:48 INFO  : Successfully done setting XSCT server connection channel  
10:55:51 INFO  : Processing command line option -hwspec C:/Users/steining/Desktop/MPW4/caribou-soc/caribou-soc.sdk/caribou_top_wrapper.hdf.
10:55:51 INFO  : Successfully done setting SDK workspace  
10:55:51 INFO  : Checking for hwspec changes in the project caribou_top_wrapper_hw_platform_0.
08:41:10 INFO  : Registering command handlers for SDK TCF services
08:41:11 INFO  : Launching XSCT server: xsct.bat -interactive C:\Users\steining\Desktop\MPW4\caribou-soc\caribou-soc.sdk\temp_xsdb_launch_script.tcl
08:41:14 INFO  : XSCT server has started successfully.
08:41:17 INFO  : Processing command line option -hwspec C:/Users/steining/Desktop/MPW4/caribou-soc/caribou-soc.sdk/caribou_top_wrapper.hdf.
08:41:17 INFO  : Successfully done setting XSCT server connection channel  
08:41:17 INFO  : Successfully done setting SDK workspace  
08:41:17 INFO  : Checking for hwspec changes in the project caribou_top_wrapper_hw_platform_0.
08:49:15 INFO  : Registering command handlers for SDK TCF services
08:49:16 INFO  : Launching XSCT server: xsct.bat -interactive C:\Users\steining\Desktop\MPW4\caribou-soc\caribou-soc.sdk\temp_xsdb_launch_script.tcl
08:49:19 INFO  : XSCT server has started successfully.
08:49:19 INFO  : Successfully done setting XSCT server connection channel  
08:49:22 INFO  : Processing command line option -hwspec C:/Users/steining/Desktop/MPW4/caribou-soc/caribou-soc.sdk/caribou_top_wrapper.hdf.
08:49:22 INFO  : Successfully done setting SDK workspace  
08:49:22 INFO  : Checking for hwspec changes in the project caribou_top_wrapper_hw_platform_0.
09:42:48 INFO  : Registering command handlers for SDK TCF services
09:42:49 INFO  : Launching XSCT server: xsct.bat -interactive C:\Users\steining\Desktop\MPW4\caribou-soc\caribou-soc.sdk\temp_xsdb_launch_script.tcl
09:42:52 INFO  : XSCT server has started successfully.
09:42:52 INFO  : Successfully done setting XSCT server connection channel  
09:42:55 INFO  : Processing command line option -hwspec C:/Users/steining/Desktop/MPW4/caribou-soc/caribou-soc.sdk/caribou_top_wrapper.hdf.
09:42:55 INFO  : Successfully done setting SDK workspace  
09:42:55 INFO  : Checking for hwspec changes in the project caribou_top_wrapper_hw_platform_0.
10:56:30 INFO  : Registering command handlers for SDK TCF services
10:56:31 INFO  : Launching XSCT server: xsct.bat -interactive C:\Users\steining\Desktop\MPW4\caribou-soc\caribou-soc.sdk\temp_xsdb_launch_script.tcl
10:56:34 INFO  : XSCT server has started successfully.
10:56:34 INFO  : Successfully done setting XSCT server connection channel  
10:56:37 INFO  : Processing command line option -hwspec C:/Users/steining/Desktop/MPW4/caribou-soc/caribou-soc.sdk/caribou_top_wrapper.hdf.
10:56:37 INFO  : Successfully done setting SDK workspace  
10:56:37 INFO  : Checking for hwspec changes in the project caribou_top_wrapper_hw_platform_0.
10:32:20 INFO  : Registering command handlers for SDK TCF services
10:32:21 INFO  : Launching XSCT server: xsct.bat -interactive C:\Users\steining\Desktop\MPW4\caribou-soc\caribou-soc.sdk\temp_xsdb_launch_script.tcl
10:32:24 INFO  : XSCT server has started successfully.
10:32:27 INFO  : Processing command line option -hwspec C:/Users/steining/Desktop/MPW4/caribou-soc/caribou-soc.sdk/caribou_top_wrapper.hdf.
10:32:27 INFO  : Successfully done setting XSCT server connection channel  
10:32:27 INFO  : Successfully done setting SDK workspace  
10:32:27 INFO  : Checking for hwspec changes in the project caribou_top_wrapper_hw_platform_0.
15:22:17 INFO  : Registering command handlers for SDK TCF services
15:22:18 INFO  : Launching XSCT server: xsct.bat -interactive C:\Users\steining\Desktop\MPW4\caribou-soc\caribou-soc.sdk\temp_xsdb_launch_script.tcl
15:22:21 INFO  : XSCT server has started successfully.
15:22:24 INFO  : Processing command line option -hwspec C:/Users/steining/Desktop/MPW4/caribou-soc/caribou-soc.sdk/caribou_top_wrapper.hdf.
15:22:24 INFO  : Successfully done setting XSCT server connection channel  
15:22:24 INFO  : Successfully done setting SDK workspace  
15:22:24 INFO  : Checking for hwspec changes in the project caribou_top_wrapper_hw_platform_0.
12:00:05 INFO  : Registering command handlers for SDK TCF services
12:00:06 INFO  : Launching XSCT server: xsct.bat -interactive C:\Users\steining\Desktop\MPW4\caribou-soc\caribou-soc.sdk\temp_xsdb_launch_script.tcl
12:00:09 INFO  : XSCT server has started successfully.
12:00:12 INFO  : Processing command line option -hwspec C:/Users/steining/Desktop/MPW4/caribou-soc/caribou-soc.sdk/caribou_top_wrapper.hdf.
12:00:12 INFO  : Successfully done setting XSCT server connection channel  
12:00:12 INFO  : Successfully done setting SDK workspace  
12:00:12 INFO  : Checking for hwspec changes in the project caribou_top_wrapper_hw_platform_0.
14:16:53 INFO  : Registering command handlers for SDK TCF services
14:16:54 INFO  : Launching XSCT server: xsct.bat -interactive C:\Users\steining\Desktop\MPW4\caribou-soc\caribou-soc.sdk\temp_xsdb_launch_script.tcl
14:16:57 INFO  : XSCT server has started successfully.
14:16:57 INFO  : Successfully done setting XSCT server connection channel  
14:17:01 INFO  : Processing command line option -hwspec C:/Users/steining/Desktop/MPW4/caribou-soc/caribou-soc.sdk/caribou_top_wrapper.hdf.
14:17:01 INFO  : Successfully done setting SDK workspace  
14:17:01 INFO  : Checking for hwspec changes in the project caribou_top_wrapper_hw_platform_0.
13:19:37 INFO  : Registering command handlers for SDK TCF services
13:19:38 INFO  : Launching XSCT server: xsct.bat -interactive C:\Users\steining\Desktop\MPW4\caribou-soc\caribou-soc.sdk\temp_xsdb_launch_script.tcl
13:19:41 INFO  : XSCT server has started successfully.
13:19:41 INFO  : Successfully done setting XSCT server connection channel  
13:19:44 INFO  : Processing command line option -hwspec C:/Users/steining/Desktop/MPW4/caribou-soc/caribou-soc.sdk/caribou_top_wrapper.hdf.
13:19:44 INFO  : Successfully done setting SDK workspace  
13:19:44 INFO  : Checking for hwspec changes in the project caribou_top_wrapper_hw_platform_0.
07:48:43 INFO  : Registering command handlers for SDK TCF services
07:48:44 INFO  : Launching XSCT server: xsct.bat -interactive C:\Users\steining\Desktop\MPW4\caribou-soc\caribou-soc.sdk\temp_xsdb_launch_script.tcl
07:48:47 INFO  : XSCT server has started successfully.
07:48:47 INFO  : Successfully done setting XSCT server connection channel  
07:48:50 INFO  : Processing command line option -hwspec C:/Users/steining/Desktop/MPW4/caribou-soc/caribou-soc.sdk/caribou_top_wrapper.hdf.
07:48:50 INFO  : Successfully done setting SDK workspace  
07:48:50 INFO  : Checking for hwspec changes in the project caribou_top_wrapper_hw_platform_0.
