
*** Running vivado
    with args -log caribou_top_axi_fifo_mm_s_1_0.vds -m64 -product Vivado -mode batch -messageDb vivado.pb -notrace -source caribou_top_axi_fifo_mm_s_1_0.tcl


****** Vivado v2023.2 (64-bit)
  **** SW Build 4029153 on Fri Oct 13 20:13:54 MDT 2023
  **** IP Build 4028589 on Sat Oct 14 00:45:43 MDT 2023
  **** SharedData Build 4025554 on Tue Oct 10 17:18:54 MDT 2023
    ** Copyright 1986-2022 Xilinx, Inc. All Rights Reserved.
    ** Copyright 2022-2023 Advanced Micro Devices, Inc. All Rights Reserved.

source caribou_top_axi_fifo_mm_s_1_0.tcl -notrace
create_project: Time (s): cpu = 00:00:05 ; elapsed = 00:00:09 . Memory (MB): peak = 1574.465 ; gain = 2.016 ; free physical = 43044 ; free virtual = 59391
INFO: [IP_Flow 19-234] Refreshing IP repositories
WARNING: [IP_Flow 19-2248] Failed to load user IP repository '/home/pct/Caribou/MPW4_Helmut/MPW3/ip_repo/control_register_1.0'; Can't find the specified path.
If this directory should no longer be in your list of user repositories, go to the IP Settings dialog and remove it.
WARNING: [IP_Flow 19-2248] Failed to load user IP repository '/home/pct/Caribou/MPW4_Helmut/MPW3/ip-repo'; Can't find the specified path.
If this directory should no longer be in your list of user repositories, go to the IP Settings dialog and remove it.
INFO: [IP_Flow 19-2313] Loaded Vivado IP repository '/home/pct/Caribou/vivado/Vivado/2023.2/data/ip'.
INFO: [IP_Flow 19-6924] IPCACHE: Running cache check for IP inst: caribou_top_axi_fifo_mm_s_1_0
Command: synth_design -top caribou_top_axi_fifo_mm_s_1_0 -part xc7z045ffg900-2 -incremental_mode off -mode out_of_context
Starting synth_design
Attempting to get a license for feature 'Synthesis' and/or device 'xc7z045'
INFO: [Common 17-349] Got license for feature 'Synthesis' and/or device 'xc7z045'
INFO: [Device 21-403] Loading part xc7z045ffg900-2
INFO: [Synth 8-7079] Multithreading enabled for synth_design using a maximum of 4 processes.
INFO: [Synth 8-7078] Launching helper process for spawning children vivado processes
INFO: [Synth 8-7075] Helper process launched with PID 3087004
---------------------------------------------------------------------------------
Starting RTL Elaboration : Time (s): cpu = 00:00:03 ; elapsed = 00:00:06 . Memory (MB): peak = 2410.480 ; gain = 404.715 ; free physical = 36516 ; free virtual = 52865
---------------------------------------------------------------------------------
INFO: [Synth 8-638] synthesizing module 'caribou_top_axi_fifo_mm_s_1_0' [/home/pct/Caribou/MPW4_Helmut/MPW4/caribou-soc/caribou-soc.srcs/sources_1/bd/caribou_top/ip/caribou_top_axi_fifo_mm_s_1_0/synth/caribou_top_axi_fifo_mm_s_1_0.vhd:89]
	Parameter C_FAMILY bound to: zynq - type: string 
	Parameter C_S_AXI_ID_WIDTH bound to: 4 - type: integer 
	Parameter C_S_AXI_ADDR_WIDTH bound to: 32 - type: integer 
	Parameter C_S_AXI_DATA_WIDTH bound to: 32 - type: integer 
	Parameter C_S_AXI4_DATA_WIDTH bound to: 32 - type: integer 
	Parameter C_TX_FIFO_DEPTH bound to: 512 - type: integer 
	Parameter C_RX_FIFO_DEPTH bound to: 32768 - type: integer 
	Parameter C_TX_CASCADE_HEIGHT bound to: 0 - type: integer 
	Parameter C_RX_CASCADE_HEIGHT bound to: 0 - type: integer 
	Parameter C_TX_FIFO_PF_THRESHOLD bound to: 507 - type: integer 
	Parameter C_TX_FIFO_PE_THRESHOLD bound to: 5 - type: integer 
	Parameter C_RX_FIFO_PF_THRESHOLD bound to: 32000 - type: integer 
	Parameter C_RX_FIFO_PE_THRESHOLD bound to: 5 - type: integer 
	Parameter C_USE_TX_CUT_THROUGH bound to: 0 - type: integer 
	Parameter C_DATA_INTERFACE_TYPE bound to: 0 - type: integer 
	Parameter C_TX_ENABLE_ECC bound to: 0 - type: integer 
	Parameter C_RX_ENABLE_ECC bound to: 0 - type: integer 
	Parameter C_TX_HAS_ECC_ERR_INJECT bound to: 0 - type: integer 
	Parameter C_RX_HAS_ECC_ERR_INJECT bound to: 0 - type: integer 
	Parameter C_BASEADDR bound to: 32'b01000011110001000000000000000000 
	Parameter C_HIGHADDR bound to: 32'b01000011110001001111111111111111 
	Parameter C_AXI4_BASEADDR bound to: 32'b10000000000000000001000000000000 
	Parameter C_AXI4_HIGHADDR bound to: 32'b10000000000000000010111111111111 
	Parameter C_HAS_AXIS_TID bound to: 0 - type: integer 
	Parameter C_HAS_AXIS_TDEST bound to: 0 - type: integer 
	Parameter C_HAS_AXIS_TUSER bound to: 0 - type: integer 
	Parameter C_HAS_AXIS_TSTRB bound to: 0 - type: integer 
	Parameter C_HAS_AXIS_TKEEP bound to: 0 - type: integer 
	Parameter C_AXIS_TID_WIDTH bound to: 4 - type: integer 
	Parameter C_AXIS_TDEST_WIDTH bound to: 4 - type: integer 
	Parameter C_AXIS_TUSER_WIDTH bound to: 4 - type: integer 
	Parameter C_USE_RX_CUT_THROUGH bound to: 0 - type: integer 
	Parameter C_USE_TX_DATA bound to: 0 - type: integer 
	Parameter C_USE_TX_CTRL bound to: 0 - type: integer 
	Parameter C_USE_RX_DATA bound to: 1 - type: integer 
INFO: [Synth 8-3491] module 'axi_fifo_mm_s' declared at '/home/pct/Caribou/MPW4_Helmut/MPW4/caribou-soc/caribou-soc.srcs/sources_1/bd/caribou_top/ipshared/ca01/hdl/axi_fifo_mm_s_v4_3_rfs.vhd:4714' bound to instance 'U0' of component 'axi_fifo_mm_s' [/home/pct/Caribou/MPW4_Helmut/MPW4/caribou-soc/caribou-soc.srcs/sources_1/bd/caribou_top/ip/caribou_top_axi_fifo_mm_s_1_0/synth/caribou_top_axi_fifo_mm_s_1_0.vhd:260]
INFO: [Synth 8-638] synthesizing module 'axi_fifo_mm_s' [/home/pct/Caribou/MPW4_Helmut/MPW4/caribou-soc/caribou-soc.srcs/sources_1/bd/caribou_top/ipshared/ca01/hdl/axi_fifo_mm_s_v4_3_rfs.vhd:4878]
INFO: [Synth 8-638] synthesizing module 'axi_lite_ipif' [/home/pct/Caribou/MPW4_Helmut/MPW4/caribou-soc/caribou-soc.srcs/sources_1/bd/caribou_top/ipshared/66ea/hdl/axi_lite_ipif_v3_0_vh_rfs.vhd:2948]
INFO: [Synth 8-638] synthesizing module 'slave_attachment' [/home/pct/Caribou/MPW4_Helmut/MPW4/caribou-soc/caribou-soc.srcs/sources_1/bd/caribou_top/ipshared/66ea/hdl/axi_lite_ipif_v3_0_vh_rfs.vhd:2341]
INFO: [Synth 8-638] synthesizing module 'address_decoder' [/home/pct/Caribou/MPW4_Helmut/MPW4/caribou-soc/caribou-soc.srcs/sources_1/bd/caribou_top/ipshared/66ea/hdl/axi_lite_ipif_v3_0_vh_rfs.vhd:1775]
INFO: [Synth 8-638] synthesizing module 'pselect_f' [/home/pct/Caribou/MPW4_Helmut/MPW4/caribou-soc/caribou-soc.srcs/sources_1/bd/caribou_top/ipshared/66ea/hdl/axi_lite_ipif_v3_0_vh_rfs.vhd:1534]
INFO: [Synth 8-256] done synthesizing module 'pselect_f' (0#1) [/home/pct/Caribou/MPW4_Helmut/MPW4/caribou-soc/caribou-soc.srcs/sources_1/bd/caribou_top/ipshared/66ea/hdl/axi_lite_ipif_v3_0_vh_rfs.vhd:1534]
INFO: [Synth 8-638] synthesizing module 'pselect_f__parameterized0' [/home/pct/Caribou/MPW4_Helmut/MPW4/caribou-soc/caribou-soc.srcs/sources_1/bd/caribou_top/ipshared/66ea/hdl/axi_lite_ipif_v3_0_vh_rfs.vhd:1534]
INFO: [Synth 8-256] done synthesizing module 'pselect_f__parameterized0' (0#1) [/home/pct/Caribou/MPW4_Helmut/MPW4/caribou-soc/caribou-soc.srcs/sources_1/bd/caribou_top/ipshared/66ea/hdl/axi_lite_ipif_v3_0_vh_rfs.vhd:1534]
INFO: [Synth 8-638] synthesizing module 'pselect_f__parameterized1' [/home/pct/Caribou/MPW4_Helmut/MPW4/caribou-soc/caribou-soc.srcs/sources_1/bd/caribou_top/ipshared/66ea/hdl/axi_lite_ipif_v3_0_vh_rfs.vhd:1534]
INFO: [Synth 8-256] done synthesizing module 'pselect_f__parameterized1' (0#1) [/home/pct/Caribou/MPW4_Helmut/MPW4/caribou-soc/caribou-soc.srcs/sources_1/bd/caribou_top/ipshared/66ea/hdl/axi_lite_ipif_v3_0_vh_rfs.vhd:1534]
INFO: [Synth 8-638] synthesizing module 'pselect_f__parameterized2' [/home/pct/Caribou/MPW4_Helmut/MPW4/caribou-soc/caribou-soc.srcs/sources_1/bd/caribou_top/ipshared/66ea/hdl/axi_lite_ipif_v3_0_vh_rfs.vhd:1534]
INFO: [Synth 8-256] done synthesizing module 'pselect_f__parameterized2' (0#1) [/home/pct/Caribou/MPW4_Helmut/MPW4/caribou-soc/caribou-soc.srcs/sources_1/bd/caribou_top/ipshared/66ea/hdl/axi_lite_ipif_v3_0_vh_rfs.vhd:1534]
INFO: [Synth 8-638] synthesizing module 'pselect_f__parameterized3' [/home/pct/Caribou/MPW4_Helmut/MPW4/caribou-soc/caribou-soc.srcs/sources_1/bd/caribou_top/ipshared/66ea/hdl/axi_lite_ipif_v3_0_vh_rfs.vhd:1534]
INFO: [Synth 8-256] done synthesizing module 'pselect_f__parameterized3' (0#1) [/home/pct/Caribou/MPW4_Helmut/MPW4/caribou-soc/caribou-soc.srcs/sources_1/bd/caribou_top/ipshared/66ea/hdl/axi_lite_ipif_v3_0_vh_rfs.vhd:1534]
INFO: [Synth 8-638] synthesizing module 'pselect_f__parameterized4' [/home/pct/Caribou/MPW4_Helmut/MPW4/caribou-soc/caribou-soc.srcs/sources_1/bd/caribou_top/ipshared/66ea/hdl/axi_lite_ipif_v3_0_vh_rfs.vhd:1534]
INFO: [Synth 8-256] done synthesizing module 'pselect_f__parameterized4' (0#1) [/home/pct/Caribou/MPW4_Helmut/MPW4/caribou-soc/caribou-soc.srcs/sources_1/bd/caribou_top/ipshared/66ea/hdl/axi_lite_ipif_v3_0_vh_rfs.vhd:1534]
INFO: [Synth 8-638] synthesizing module 'pselect_f__parameterized5' [/home/pct/Caribou/MPW4_Helmut/MPW4/caribou-soc/caribou-soc.srcs/sources_1/bd/caribou_top/ipshared/66ea/hdl/axi_lite_ipif_v3_0_vh_rfs.vhd:1534]
INFO: [Synth 8-256] done synthesizing module 'pselect_f__parameterized5' (0#1) [/home/pct/Caribou/MPW4_Helmut/MPW4/caribou-soc/caribou-soc.srcs/sources_1/bd/caribou_top/ipshared/66ea/hdl/axi_lite_ipif_v3_0_vh_rfs.vhd:1534]
INFO: [Synth 8-638] synthesizing module 'pselect_f__parameterized6' [/home/pct/Caribou/MPW4_Helmut/MPW4/caribou-soc/caribou-soc.srcs/sources_1/bd/caribou_top/ipshared/66ea/hdl/axi_lite_ipif_v3_0_vh_rfs.vhd:1534]
INFO: [Synth 8-256] done synthesizing module 'pselect_f__parameterized6' (0#1) [/home/pct/Caribou/MPW4_Helmut/MPW4/caribou-soc/caribou-soc.srcs/sources_1/bd/caribou_top/ipshared/66ea/hdl/axi_lite_ipif_v3_0_vh_rfs.vhd:1534]
INFO: [Synth 8-638] synthesizing module 'pselect_f__parameterized7' [/home/pct/Caribou/MPW4_Helmut/MPW4/caribou-soc/caribou-soc.srcs/sources_1/bd/caribou_top/ipshared/66ea/hdl/axi_lite_ipif_v3_0_vh_rfs.vhd:1534]
INFO: [Synth 8-256] done synthesizing module 'pselect_f__parameterized7' (0#1) [/home/pct/Caribou/MPW4_Helmut/MPW4/caribou-soc/caribou-soc.srcs/sources_1/bd/caribou_top/ipshared/66ea/hdl/axi_lite_ipif_v3_0_vh_rfs.vhd:1534]
INFO: [Synth 8-638] synthesizing module 'pselect_f__parameterized8' [/home/pct/Caribou/MPW4_Helmut/MPW4/caribou-soc/caribou-soc.srcs/sources_1/bd/caribou_top/ipshared/66ea/hdl/axi_lite_ipif_v3_0_vh_rfs.vhd:1534]
INFO: [Synth 8-256] done synthesizing module 'pselect_f__parameterized8' (0#1) [/home/pct/Caribou/MPW4_Helmut/MPW4/caribou-soc/caribou-soc.srcs/sources_1/bd/caribou_top/ipshared/66ea/hdl/axi_lite_ipif_v3_0_vh_rfs.vhd:1534]
INFO: [Synth 8-638] synthesizing module 'pselect_f__parameterized9' [/home/pct/Caribou/MPW4_Helmut/MPW4/caribou-soc/caribou-soc.srcs/sources_1/bd/caribou_top/ipshared/66ea/hdl/axi_lite_ipif_v3_0_vh_rfs.vhd:1534]
INFO: [Synth 8-256] done synthesizing module 'pselect_f__parameterized9' (0#1) [/home/pct/Caribou/MPW4_Helmut/MPW4/caribou-soc/caribou-soc.srcs/sources_1/bd/caribou_top/ipshared/66ea/hdl/axi_lite_ipif_v3_0_vh_rfs.vhd:1534]
INFO: [Synth 8-638] synthesizing module 'pselect_f__parameterized10' [/home/pct/Caribou/MPW4_Helmut/MPW4/caribou-soc/caribou-soc.srcs/sources_1/bd/caribou_top/ipshared/66ea/hdl/axi_lite_ipif_v3_0_vh_rfs.vhd:1534]
INFO: [Synth 8-256] done synthesizing module 'pselect_f__parameterized10' (0#1) [/home/pct/Caribou/MPW4_Helmut/MPW4/caribou-soc/caribou-soc.srcs/sources_1/bd/caribou_top/ipshared/66ea/hdl/axi_lite_ipif_v3_0_vh_rfs.vhd:1534]
INFO: [Synth 8-638] synthesizing module 'pselect_f__parameterized11' [/home/pct/Caribou/MPW4_Helmut/MPW4/caribou-soc/caribou-soc.srcs/sources_1/bd/caribou_top/ipshared/66ea/hdl/axi_lite_ipif_v3_0_vh_rfs.vhd:1534]
INFO: [Synth 8-256] done synthesizing module 'pselect_f__parameterized11' (0#1) [/home/pct/Caribou/MPW4_Helmut/MPW4/caribou-soc/caribou-soc.srcs/sources_1/bd/caribou_top/ipshared/66ea/hdl/axi_lite_ipif_v3_0_vh_rfs.vhd:1534]
INFO: [Synth 8-638] synthesizing module 'pselect_f__parameterized12' [/home/pct/Caribou/MPW4_Helmut/MPW4/caribou-soc/caribou-soc.srcs/sources_1/bd/caribou_top/ipshared/66ea/hdl/axi_lite_ipif_v3_0_vh_rfs.vhd:1534]
INFO: [Synth 8-256] done synthesizing module 'pselect_f__parameterized12' (0#1) [/home/pct/Caribou/MPW4_Helmut/MPW4/caribou-soc/caribou-soc.srcs/sources_1/bd/caribou_top/ipshared/66ea/hdl/axi_lite_ipif_v3_0_vh_rfs.vhd:1534]
INFO: [Synth 8-638] synthesizing module 'pselect_f__parameterized13' [/home/pct/Caribou/MPW4_Helmut/MPW4/caribou-soc/caribou-soc.srcs/sources_1/bd/caribou_top/ipshared/66ea/hdl/axi_lite_ipif_v3_0_vh_rfs.vhd:1534]
INFO: [Synth 8-256] done synthesizing module 'pselect_f__parameterized13' (0#1) [/home/pct/Caribou/MPW4_Helmut/MPW4/caribou-soc/caribou-soc.srcs/sources_1/bd/caribou_top/ipshared/66ea/hdl/axi_lite_ipif_v3_0_vh_rfs.vhd:1534]
INFO: [Synth 8-638] synthesizing module 'pselect_f__parameterized14' [/home/pct/Caribou/MPW4_Helmut/MPW4/caribou-soc/caribou-soc.srcs/sources_1/bd/caribou_top/ipshared/66ea/hdl/axi_lite_ipif_v3_0_vh_rfs.vhd:1534]
INFO: [Synth 8-256] done synthesizing module 'pselect_f__parameterized14' (0#1) [/home/pct/Caribou/MPW4_Helmut/MPW4/caribou-soc/caribou-soc.srcs/sources_1/bd/caribou_top/ipshared/66ea/hdl/axi_lite_ipif_v3_0_vh_rfs.vhd:1534]
INFO: [Synth 8-638] synthesizing module 'pselect_f__parameterized15' [/home/pct/Caribou/MPW4_Helmut/MPW4/caribou-soc/caribou-soc.srcs/sources_1/bd/caribou_top/ipshared/66ea/hdl/axi_lite_ipif_v3_0_vh_rfs.vhd:1534]
INFO: [Synth 8-256] done synthesizing module 'pselect_f__parameterized15' (0#1) [/home/pct/Caribou/MPW4_Helmut/MPW4/caribou-soc/caribou-soc.srcs/sources_1/bd/caribou_top/ipshared/66ea/hdl/axi_lite_ipif_v3_0_vh_rfs.vhd:1534]
INFO: [Synth 8-638] synthesizing module 'pselect_f__parameterized16' [/home/pct/Caribou/MPW4_Helmut/MPW4/caribou-soc/caribou-soc.srcs/sources_1/bd/caribou_top/ipshared/66ea/hdl/axi_lite_ipif_v3_0_vh_rfs.vhd:1534]
INFO: [Synth 8-256] done synthesizing module 'pselect_f__parameterized16' (0#1) [/home/pct/Caribou/MPW4_Helmut/MPW4/caribou-soc/caribou-soc.srcs/sources_1/bd/caribou_top/ipshared/66ea/hdl/axi_lite_ipif_v3_0_vh_rfs.vhd:1534]
INFO: [Synth 8-638] synthesizing module 'pselect_f__parameterized17' [/home/pct/Caribou/MPW4_Helmut/MPW4/caribou-soc/caribou-soc.srcs/sources_1/bd/caribou_top/ipshared/66ea/hdl/axi_lite_ipif_v3_0_vh_rfs.vhd:1534]
INFO: [Synth 8-256] done synthesizing module 'pselect_f__parameterized17' (0#1) [/home/pct/Caribou/MPW4_Helmut/MPW4/caribou-soc/caribou-soc.srcs/sources_1/bd/caribou_top/ipshared/66ea/hdl/axi_lite_ipif_v3_0_vh_rfs.vhd:1534]
INFO: [Synth 8-638] synthesizing module 'pselect_f__parameterized18' [/home/pct/Caribou/MPW4_Helmut/MPW4/caribou-soc/caribou-soc.srcs/sources_1/bd/caribou_top/ipshared/66ea/hdl/axi_lite_ipif_v3_0_vh_rfs.vhd:1534]
INFO: [Synth 8-256] done synthesizing module 'pselect_f__parameterized18' (0#1) [/home/pct/Caribou/MPW4_Helmut/MPW4/caribou-soc/caribou-soc.srcs/sources_1/bd/caribou_top/ipshared/66ea/hdl/axi_lite_ipif_v3_0_vh_rfs.vhd:1534]
INFO: [Synth 8-638] synthesizing module 'pselect_f__parameterized19' [/home/pct/Caribou/MPW4_Helmut/MPW4/caribou-soc/caribou-soc.srcs/sources_1/bd/caribou_top/ipshared/66ea/hdl/axi_lite_ipif_v3_0_vh_rfs.vhd:1534]
INFO: [Synth 8-256] done synthesizing module 'pselect_f__parameterized19' (0#1) [/home/pct/Caribou/MPW4_Helmut/MPW4/caribou-soc/caribou-soc.srcs/sources_1/bd/caribou_top/ipshared/66ea/hdl/axi_lite_ipif_v3_0_vh_rfs.vhd:1534]
INFO: [Synth 8-256] done synthesizing module 'address_decoder' (0#1) [/home/pct/Caribou/MPW4_Helmut/MPW4/caribou-soc/caribou-soc.srcs/sources_1/bd/caribou_top/ipshared/66ea/hdl/axi_lite_ipif_v3_0_vh_rfs.vhd:1775]
INFO: [Synth 8-226] default block is never used [/home/pct/Caribou/MPW4_Helmut/MPW4/caribou-soc/caribou-soc.srcs/sources_1/bd/caribou_top/ipshared/66ea/hdl/axi_lite_ipif_v3_0_vh_rfs.vhd:2550]
INFO: [Synth 8-256] done synthesizing module 'slave_attachment' (0#1) [/home/pct/Caribou/MPW4_Helmut/MPW4/caribou-soc/caribou-soc.srcs/sources_1/bd/caribou_top/ipshared/66ea/hdl/axi_lite_ipif_v3_0_vh_rfs.vhd:2341]
INFO: [Synth 8-256] done synthesizing module 'axi_lite_ipif' (0#1) [/home/pct/Caribou/MPW4_Helmut/MPW4/caribou-soc/caribou-soc.srcs/sources_1/bd/caribou_top/ipshared/66ea/hdl/axi_lite_ipif_v3_0_vh_rfs.vhd:2948]
INFO: [Synth 8-638] synthesizing module 'ipic2axi_s' [/home/pct/Caribou/MPW4_Helmut/MPW4/caribou-soc/caribou-soc.srcs/sources_1/bd/caribou_top/ipshared/ca01/hdl/axi_fifo_mm_s_v4_3_rfs.vhd:3492]
INFO: [Synth 8-638] synthesizing module 'fifo' [/home/pct/Caribou/MPW4_Helmut/MPW4/caribou-soc/caribou-soc.srcs/sources_1/bd/caribou_top/ipshared/ca01/hdl/axi_fifo_mm_s_v4_3_rfs.vhd:3033]
INFO: [Synth 8-638] synthesizing module 'axis_fg' [/home/pct/Caribou/MPW4_Helmut/MPW4/caribou-soc/caribou-soc.srcs/sources_1/bd/caribou_top/ipshared/ca01/hdl/axi_fifo_mm_s_v4_3_rfs.vhd:2739]
	Parameter CLOCKING_MODE bound to: COMMON - type: string 
	Parameter FIFO_MEMORY_TYPE bound to: BRAM - type: string 
	Parameter CASCADE_HEIGHT bound to: 0 - type: integer 
	Parameter PACKET_FIFO bound to: false - type: string 
	Parameter FIFO_DEPTH bound to: 32768 - type: integer 
	Parameter TDATA_WIDTH bound to: 32 - type: integer 
	Parameter TID_WIDTH bound to: 4 - type: integer 
	Parameter TDEST_WIDTH bound to: 4 - type: integer 
	Parameter TUSER_WIDTH bound to: 4 - type: integer 
	Parameter ECC_MODE bound to: NO_ECC - type: string 
	Parameter RELATED_CLOCKS bound to: 0 - type: integer 
	Parameter USE_ADV_FEATURES bound to: 1606 - type: string 
	Parameter WR_DATA_COUNT_WIDTH bound to: 16 - type: integer 
	Parameter RD_DATA_COUNT_WIDTH bound to: 16 - type: integer 
	Parameter PROG_FULL_THRESH bound to: 32000 - type: integer 
	Parameter PROG_EMPTY_THRESH bound to: 5 - type: integer 
	Parameter CDC_SYNC_STAGES bound to: 2 - type: integer 
INFO: [Synth 8-3491] module 'xpm_fifo_axis' declared at '/home/pct/Caribou/vivado/Vivado/2023.2/data/ip/xpm/xpm_fifo/hdl/xpm_fifo.sv:2356' bound to instance 'COMP_FIFO' of component 'xpm_fifo_axis' [/home/pct/Caribou/MPW4_Helmut/MPW4/caribou-soc/caribou-soc.srcs/sources_1/bd/caribou_top/ipshared/ca01/hdl/axi_fifo_mm_s_v4_3_rfs.vhd:2806]
INFO: [Synth 8-6157] synthesizing module 'xpm_fifo_axis' [/home/pct/Caribou/vivado/Vivado/2023.2/data/ip/xpm/xpm_fifo/hdl/xpm_fifo.sv:2356]
INFO: [Synth 8-6157] synthesizing module 'xpm_cdc_sync_rst' [/home/pct/Caribou/vivado/Vivado/2023.2/data/ip/xpm/xpm_cdc/hdl/xpm_cdc.sv:1059]
INFO: [Synth 8-6155] done synthesizing module 'xpm_cdc_sync_rst' (0#1) [/home/pct/Caribou/vivado/Vivado/2023.2/data/ip/xpm/xpm_cdc/hdl/xpm_cdc.sv:1059]
INFO: [Synth 8-6157] synthesizing module 'xpm_fifo_base' [/home/pct/Caribou/vivado/Vivado/2023.2/data/ip/xpm/xpm_fifo/hdl/xpm_fifo.sv:53]
INFO: [Synth 8-6157] synthesizing module 'xpm_memory_base' [/home/pct/Caribou/vivado/Vivado/2023.2/data/ip/xpm/xpm_memory/hdl/xpm_memory.sv:54]
INFO: [Synth 8-6155] done synthesizing module 'xpm_memory_base' (0#1) [/home/pct/Caribou/vivado/Vivado/2023.2/data/ip/xpm/xpm_memory/hdl/xpm_memory.sv:54]
INFO: [Synth 8-226] default block is never used [/home/pct/Caribou/vivado/Vivado/2023.2/data/ip/xpm/xpm_fifo/hdl/xpm_fifo.sv:1214]
INFO: [Synth 8-226] default block is never used [/home/pct/Caribou/vivado/Vivado/2023.2/data/ip/xpm/xpm_fifo/hdl/xpm_fifo.sv:1281]
INFO: [Synth 8-226] default block is never used [/home/pct/Caribou/vivado/Vivado/2023.2/data/ip/xpm/xpm_fifo/hdl/xpm_fifo.sv:1303]
INFO: [Synth 8-6157] synthesizing module 'xpm_fifo_reg_bit' [/home/pct/Caribou/vivado/Vivado/2023.2/data/ip/xpm/xpm_fifo/hdl/xpm_fifo.sv:1914]
INFO: [Synth 8-6155] done synthesizing module 'xpm_fifo_reg_bit' (0#1) [/home/pct/Caribou/vivado/Vivado/2023.2/data/ip/xpm/xpm_fifo/hdl/xpm_fifo.sv:1914]
INFO: [Synth 8-6157] synthesizing module 'xpm_counter_updn' [/home/pct/Caribou/vivado/Vivado/2023.2/data/ip/xpm/xpm_fifo/hdl/xpm_fifo.sv:1866]
INFO: [Synth 8-6155] done synthesizing module 'xpm_counter_updn' (0#1) [/home/pct/Caribou/vivado/Vivado/2023.2/data/ip/xpm/xpm_fifo/hdl/xpm_fifo.sv:1866]
INFO: [Synth 8-6157] synthesizing module 'xpm_fifo_rst' [/home/pct/Caribou/vivado/Vivado/2023.2/data/ip/xpm/xpm_fifo/hdl/xpm_fifo.sv:1626]
INFO: [Synth 8-6155] done synthesizing module 'xpm_fifo_rst' (0#1) [/home/pct/Caribou/vivado/Vivado/2023.2/data/ip/xpm/xpm_fifo/hdl/xpm_fifo.sv:1626]
INFO: [Synth 8-6157] synthesizing module 'xpm_counter_updn__parameterized0' [/home/pct/Caribou/vivado/Vivado/2023.2/data/ip/xpm/xpm_fifo/hdl/xpm_fifo.sv:1866]
INFO: [Synth 8-6155] done synthesizing module 'xpm_counter_updn__parameterized0' (0#1) [/home/pct/Caribou/vivado/Vivado/2023.2/data/ip/xpm/xpm_fifo/hdl/xpm_fifo.sv:1866]
INFO: [Synth 8-6157] synthesizing module 'xpm_counter_updn__parameterized1' [/home/pct/Caribou/vivado/Vivado/2023.2/data/ip/xpm/xpm_fifo/hdl/xpm_fifo.sv:1866]
INFO: [Synth 8-6155] done synthesizing module 'xpm_counter_updn__parameterized1' (0#1) [/home/pct/Caribou/vivado/Vivado/2023.2/data/ip/xpm/xpm_fifo/hdl/xpm_fifo.sv:1866]
INFO: [Synth 8-6157] synthesizing module 'xpm_counter_updn__parameterized2' [/home/pct/Caribou/vivado/Vivado/2023.2/data/ip/xpm/xpm_fifo/hdl/xpm_fifo.sv:1866]
INFO: [Synth 8-6155] done synthesizing module 'xpm_counter_updn__parameterized2' (0#1) [/home/pct/Caribou/vivado/Vivado/2023.2/data/ip/xpm/xpm_fifo/hdl/xpm_fifo.sv:1866]
INFO: [Synth 8-6155] done synthesizing module 'xpm_fifo_base' (0#1) [/home/pct/Caribou/vivado/Vivado/2023.2/data/ip/xpm/xpm_fifo/hdl/xpm_fifo.sv:53]
INFO: [Synth 8-6155] done synthesizing module 'xpm_fifo_axis' (0#1) [/home/pct/Caribou/vivado/Vivado/2023.2/data/ip/xpm/xpm_fifo/hdl/xpm_fifo.sv:2356]
INFO: [Synth 8-256] done synthesizing module 'axis_fg' (0#1) [/home/pct/Caribou/MPW4_Helmut/MPW4/caribou-soc/caribou-soc.srcs/sources_1/bd/caribou_top/ipshared/ca01/hdl/axi_fifo_mm_s_v4_3_rfs.vhd:2739]
INFO: [Synth 8-256] done synthesizing module 'fifo' (0#1) [/home/pct/Caribou/MPW4_Helmut/MPW4/caribou-soc/caribou-soc.srcs/sources_1/bd/caribou_top/ipshared/ca01/hdl/axi_fifo_mm_s_v4_3_rfs.vhd:3033]
	Parameter FIFO_MEMORY_TYPE bound to: distributed - type: string 
	Parameter FIFO_WRITE_DEPTH bound to: 8192 - type: integer 
	Parameter WRITE_DATA_WIDTH bound to: 22 - type: integer 
	Parameter READ_MODE bound to: fwft - type: string 
	Parameter FIFO_READ_LATENCY bound to: 1 - type: integer 
	Parameter FULL_RESET_VALUE bound to: 0 - type: integer 
	Parameter USE_ADV_FEATURES bound to: 0 - type: string 
	Parameter READ_DATA_WIDTH bound to: 22 - type: integer 
	Parameter WR_DATA_COUNT_WIDTH bound to: 1 - type: integer 
	Parameter PROG_FULL_THRESH bound to: 10 - type: integer 
	Parameter RD_DATA_COUNT_WIDTH bound to: 1 - type: integer 
	Parameter PROG_EMPTY_THRESH bound to: 10 - type: integer 
	Parameter DOUT_RESET_VALUE bound to: 0 - type: string 
	Parameter ECC_MODE bound to: no_ecc - type: string 
	Parameter WAKEUP_TIME bound to: 0 - type: integer 
INFO: [Synth 8-3491] module 'xpm_fifo_sync' declared at '/home/pct/Caribou/vivado/Vivado/2023.2/data/ip/xpm/xpm_fifo/hdl/xpm_fifo.sv:1962' bound to instance 'COMP_rx_len_fifo' of component 'xpm_fifo_sync' [/home/pct/Caribou/MPW4_Helmut/MPW4/caribou-soc/caribou-soc.srcs/sources_1/bd/caribou_top/ipshared/ca01/hdl/axi_fifo_mm_s_v4_3_rfs.vhd:4547]
INFO: [Synth 8-6157] synthesizing module 'xpm_fifo_sync' [/home/pct/Caribou/vivado/Vivado/2023.2/data/ip/xpm/xpm_fifo/hdl/xpm_fifo.sv:1962]
INFO: [Synth 8-6157] synthesizing module 'xpm_fifo_base__parameterized0' [/home/pct/Caribou/vivado/Vivado/2023.2/data/ip/xpm/xpm_fifo/hdl/xpm_fifo.sv:53]
INFO: [Synth 8-6157] synthesizing module 'xpm_memory_base__parameterized0' [/home/pct/Caribou/vivado/Vivado/2023.2/data/ip/xpm/xpm_memory/hdl/xpm_memory.sv:54]
INFO: [Synth 8-6155] done synthesizing module 'xpm_memory_base__parameterized0' (0#1) [/home/pct/Caribou/vivado/Vivado/2023.2/data/ip/xpm/xpm_memory/hdl/xpm_memory.sv:54]
INFO: [Synth 8-226] default block is never used [/home/pct/Caribou/vivado/Vivado/2023.2/data/ip/xpm/xpm_fifo/hdl/xpm_fifo.sv:1214]
INFO: [Synth 8-226] default block is never used [/home/pct/Caribou/vivado/Vivado/2023.2/data/ip/xpm/xpm_fifo/hdl/xpm_fifo.sv:1281]
INFO: [Synth 8-226] default block is never used [/home/pct/Caribou/vivado/Vivado/2023.2/data/ip/xpm/xpm_fifo/hdl/xpm_fifo.sv:1303]
INFO: [Synth 8-6157] synthesizing module 'xpm_counter_updn__parameterized3' [/home/pct/Caribou/vivado/Vivado/2023.2/data/ip/xpm/xpm_fifo/hdl/xpm_fifo.sv:1866]
INFO: [Synth 8-6155] done synthesizing module 'xpm_counter_updn__parameterized3' (0#1) [/home/pct/Caribou/vivado/Vivado/2023.2/data/ip/xpm/xpm_fifo/hdl/xpm_fifo.sv:1866]
INFO: [Synth 8-6157] synthesizing module 'xpm_counter_updn__parameterized4' [/home/pct/Caribou/vivado/Vivado/2023.2/data/ip/xpm/xpm_fifo/hdl/xpm_fifo.sv:1866]
INFO: [Synth 8-6155] done synthesizing module 'xpm_counter_updn__parameterized4' (0#1) [/home/pct/Caribou/vivado/Vivado/2023.2/data/ip/xpm/xpm_fifo/hdl/xpm_fifo.sv:1866]
INFO: [Synth 8-6157] synthesizing module 'xpm_counter_updn__parameterized5' [/home/pct/Caribou/vivado/Vivado/2023.2/data/ip/xpm/xpm_fifo/hdl/xpm_fifo.sv:1866]
INFO: [Synth 8-6155] done synthesizing module 'xpm_counter_updn__parameterized5' (0#1) [/home/pct/Caribou/vivado/Vivado/2023.2/data/ip/xpm/xpm_fifo/hdl/xpm_fifo.sv:1866]
INFO: [Synth 8-6155] done synthesizing module 'xpm_fifo_base__parameterized0' (0#1) [/home/pct/Caribou/vivado/Vivado/2023.2/data/ip/xpm/xpm_fifo/hdl/xpm_fifo.sv:53]
INFO: [Synth 8-6155] done synthesizing module 'xpm_fifo_sync' (0#1) [/home/pct/Caribou/vivado/Vivado/2023.2/data/ip/xpm/xpm_fifo/hdl/xpm_fifo.sv:1962]
INFO: [Synth 8-256] done synthesizing module 'ipic2axi_s' (0#1) [/home/pct/Caribou/MPW4_Helmut/MPW4/caribou-soc/caribou-soc.srcs/sources_1/bd/caribou_top/ipshared/ca01/hdl/axi_fifo_mm_s_v4_3_rfs.vhd:3492]
INFO: [Synth 8-256] done synthesizing module 'axi_fifo_mm_s' (0#1) [/home/pct/Caribou/MPW4_Helmut/MPW4/caribou-soc/caribou-soc.srcs/sources_1/bd/caribou_top/ipshared/ca01/hdl/axi_fifo_mm_s_v4_3_rfs.vhd:4878]
INFO: [Synth 8-256] done synthesizing module 'caribou_top_axi_fifo_mm_s_1_0' (0#1) [/home/pct/Caribou/MPW4_Helmut/MPW4/caribou-soc/caribou-soc.srcs/sources_1/bd/caribou_top/ip/caribou_top_axi_fifo_mm_s_1_0/synth/caribou_top_axi_fifo_mm_s_1_0.vhd:89]
WARNING: [Synth 8-6014] Unused sequential element is_read_reg was removed.  [/home/pct/Caribou/MPW4_Helmut/MPW4/caribou-soc/caribou-soc.srcs/sources_1/bd/caribou_top/ipshared/66ea/hdl/axi_lite_ipif_v3_0_vh_rfs.vhd:2447]
WARNING: [Synth 8-6014] Unused sequential element is_write_reg was removed.  [/home/pct/Caribou/MPW4_Helmut/MPW4/caribou-soc/caribou-soc.srcs/sources_1/bd/caribou_top/ipshared/66ea/hdl/axi_lite_ipif_v3_0_vh_rfs.vhd:2448]
WARNING: [Synth 8-6014] Unused sequential element gen_rd_b.gen_doutb_pipe.enb_pipe_reg[0] was removed.  [/home/pct/Caribou/vivado/Vivado/2023.2/data/ip/xpm/xpm_memory/hdl/xpm_memory.sv:3069]
WARNING: [Synth 8-6014] Unused sequential element gdvld.data_valid_std_reg was removed.  [/home/pct/Caribou/vivado/Vivado/2023.2/data/ip/xpm/xpm_fifo/hdl/xpm_fifo.sv:544]
WARNING: [Synth 8-6014] Unused sequential element gen_fwft.empty_fwft_fb_reg was removed.  [/home/pct/Caribou/vivado/Vivado/2023.2/data/ip/xpm/xpm_fifo/hdl/xpm_fifo.sv:1398]
WARNING: [Synth 8-6014] Unused sequential element gen_rd_b.gen_doutb_pipe.enb_pipe_reg[0] was removed.  [/home/pct/Caribou/vivado/Vivado/2023.2/data/ip/xpm/xpm_memory/hdl/xpm_memory.sv:3069]
WARNING: [Synth 8-6014] Unused sequential element gen_fwft.empty_fwft_fb_reg was removed.  [/home/pct/Caribou/vivado/Vivado/2023.2/data/ip/xpm/xpm_fifo/hdl/xpm_fifo.sv:1398]
WARNING: [Synth 8-6014] Unused sequential element sig_tx_channel_reset_reg was removed.  [/home/pct/Caribou/MPW4_Helmut/MPW4/caribou-soc/caribou-soc.srcs/sources_1/bd/caribou_top/ipshared/ca01/hdl/axi_fifo_mm_s_v4_3_rfs.vhd:3953]
WARNING: [Synth 8-6014] Unused sequential element sig_txd_wr_data_reg was removed.  [/home/pct/Caribou/MPW4_Helmut/MPW4/caribou-soc/caribou-soc.srcs/sources_1/bd/caribou_top/ipshared/ca01/hdl/axi_fifo_mm_s_v4_3_rfs.vhd:3955]
WARNING: [Synth 8-6014] Unused sequential element sig_txd_sb_wr_en_reg was removed.  [/home/pct/Caribou/MPW4_Helmut/MPW4/caribou-soc/caribou-soc.srcs/sources_1/bd/caribou_top/ipshared/ca01/hdl/axi_fifo_mm_s_v4_3_rfs.vhd:3956]
WARNING: [Synth 8-6014] Unused sequential element sig_txd_wr_en_reg was removed.  [/home/pct/Caribou/MPW4_Helmut/MPW4/caribou-soc/caribou-soc.srcs/sources_1/bd/caribou_top/ipshared/ca01/hdl/axi_fifo_mm_s_v4_3_rfs.vhd:3957]
WARNING: [Synth 8-6014] Unused sequential element sig_ip2bus_data_mux_reg was removed.  [/home/pct/Caribou/MPW4_Helmut/MPW4/caribou-soc/caribou-soc.srcs/sources_1/bd/caribou_top/ipshared/ca01/hdl/axi_fifo_mm_s_v4_3_rfs.vhd:3962]
WARNING: [Synth 8-6014] Unused sequential element sig_rd_decode_reg was removed.  [/home/pct/Caribou/MPW4_Helmut/MPW4/caribou-soc/caribou-soc.srcs/sources_1/bd/caribou_top/ipshared/ca01/hdl/axi_fifo_mm_s_v4_3_rfs.vhd:3965]
WARNING: [Synth 8-6014] Unused sequential element sig_txd_dest_reg was removed.  [/home/pct/Caribou/MPW4_Helmut/MPW4/caribou-soc/caribou-soc.srcs/sources_1/bd/caribou_top/ipshared/ca01/hdl/axi_fifo_mm_s_v4_3_rfs.vhd:3968]
WARNING: [Synth 8-6014] Unused sequential element sig_tx_ecc_ec_reset_reg was removed.  [/home/pct/Caribou/MPW4_Helmut/MPW4/caribou-soc/caribou-soc.srcs/sources_1/bd/caribou_top/ipshared/ca01/hdl/axi_fifo_mm_s_v4_3_rfs.vhd:3969]
WARNING: [Synth 8-6014] Unused sequential element sig_tx_injsbiterr_reg was removed.  [/home/pct/Caribou/MPW4_Helmut/MPW4/caribou-soc/caribou-soc.srcs/sources_1/bd/caribou_top/ipshared/ca01/hdl/axi_fifo_mm_s_v4_3_rfs.vhd:3970]
WARNING: [Synth 8-6014] Unused sequential element sig_tx_injdbiterr_reg was removed.  [/home/pct/Caribou/MPW4_Helmut/MPW4/caribou-soc/caribou-soc.srcs/sources_1/bd/caribou_top/ipshared/ca01/hdl/axi_fifo_mm_s_v4_3_rfs.vhd:3971]
WARNING: [Synth 8-6014] Unused sequential element sig_rx_ecc_ec_reset_reg was removed.  [/home/pct/Caribou/MPW4_Helmut/MPW4/caribou-soc/caribou-soc.srcs/sources_1/bd/caribou_top/ipshared/ca01/hdl/axi_fifo_mm_s_v4_3_rfs.vhd:3972]
WARNING: [Synth 8-6014] Unused sequential element grxd.rx_ecc1_cntr_reg was removed.  [/home/pct/Caribou/MPW4_Helmut/MPW4/caribou-soc/caribou-soc.srcs/sources_1/bd/caribou_top/ipshared/ca01/hdl/axi_fifo_mm_s_v4_3_rfs.vhd:4461]
WARNING: [Synth 8-6014] Unused sequential element grxd.rx_ecc2_cntr_reg was removed.  [/home/pct/Caribou/MPW4_Helmut/MPW4/caribou-soc/caribou-soc.srcs/sources_1/bd/caribou_top/ipshared/ca01/hdl/axi_fifo_mm_s_v4_3_rfs.vhd:4476]
WARNING: [Synth 8-6014] Unused sequential element grxd.rx_partial_pkt_reg was removed.  [/home/pct/Caribou/MPW4_Helmut/MPW4/caribou-soc/caribou-soc.srcs/sources_1/bd/caribou_top/ipshared/ca01/hdl/axi_fifo_mm_s_v4_3_rfs.vhd:4492]
WARNING: [Synth 8-6014] Unused sequential element grxd.sig_rxd_dbiterr_d1_reg was removed.  [/home/pct/Caribou/MPW4_Helmut/MPW4/caribou-soc/caribou-soc.srcs/sources_1/bd/caribou_top/ipshared/ca01/hdl/axi_fifo_mm_s_v4_3_rfs.vhd:4321]
WARNING: [Synth 8-7129] Port rd_clk in module xpm_fifo_rst is either unconnected or has no load
WARNING: [Synth 8-7129] Port sleep in module xpm_memory_base__parameterized0 is either unconnected or has no load
WARNING: [Synth 8-7129] Port rsta in module xpm_memory_base__parameterized0 is either unconnected or has no load
WARNING: [Synth 8-7129] Port regcea in module xpm_memory_base__parameterized0 is either unconnected or has no load
WARNING: [Synth 8-7129] Port injectsbiterra in module xpm_memory_base__parameterized0 is either unconnected or has no load
WARNING: [Synth 8-7129] Port injectdbiterra in module xpm_memory_base__parameterized0 is either unconnected or has no load
WARNING: [Synth 8-7129] Port clkb in module xpm_memory_base__parameterized0 is either unconnected or has no load
WARNING: [Synth 8-7129] Port web[0] in module xpm_memory_base__parameterized0 is either unconnected or has no load
WARNING: [Synth 8-7129] Port dinb[21] in module xpm_memory_base__parameterized0 is either unconnected or has no load
WARNING: [Synth 8-7129] Port dinb[20] in module xpm_memory_base__parameterized0 is either unconnected or has no load
WARNING: [Synth 8-7129] Port dinb[19] in module xpm_memory_base__parameterized0 is either unconnected or has no load
WARNING: [Synth 8-7129] Port dinb[18] in module xpm_memory_base__parameterized0 is either unconnected or has no load
WARNING: [Synth 8-7129] Port dinb[17] in module xpm_memory_base__parameterized0 is either unconnected or has no load
WARNING: [Synth 8-7129] Port dinb[16] in module xpm_memory_base__parameterized0 is either unconnected or has no load
WARNING: [Synth 8-7129] Port dinb[15] in module xpm_memory_base__parameterized0 is either unconnected or has no load
WARNING: [Synth 8-7129] Port dinb[14] in module xpm_memory_base__parameterized0 is either unconnected or has no load
WARNING: [Synth 8-7129] Port dinb[13] in module xpm_memory_base__parameterized0 is either unconnected or has no load
WARNING: [Synth 8-7129] Port dinb[12] in module xpm_memory_base__parameterized0 is either unconnected or has no load
WARNING: [Synth 8-7129] Port dinb[11] in module xpm_memory_base__parameterized0 is either unconnected or has no load
WARNING: [Synth 8-7129] Port dinb[10] in module xpm_memory_base__parameterized0 is either unconnected or has no load
WARNING: [Synth 8-7129] Port dinb[9] in module xpm_memory_base__parameterized0 is either unconnected or has no load
WARNING: [Synth 8-7129] Port dinb[8] in module xpm_memory_base__parameterized0 is either unconnected or has no load
WARNING: [Synth 8-7129] Port dinb[7] in module xpm_memory_base__parameterized0 is either unconnected or has no load
WARNING: [Synth 8-7129] Port dinb[6] in module xpm_memory_base__parameterized0 is either unconnected or has no load
WARNING: [Synth 8-7129] Port dinb[5] in module xpm_memory_base__parameterized0 is either unconnected or has no load
WARNING: [Synth 8-7129] Port dinb[4] in module xpm_memory_base__parameterized0 is either unconnected or has no load
WARNING: [Synth 8-7129] Port dinb[3] in module xpm_memory_base__parameterized0 is either unconnected or has no load
WARNING: [Synth 8-7129] Port dinb[2] in module xpm_memory_base__parameterized0 is either unconnected or has no load
WARNING: [Synth 8-7129] Port dinb[1] in module xpm_memory_base__parameterized0 is either unconnected or has no load
WARNING: [Synth 8-7129] Port dinb[0] in module xpm_memory_base__parameterized0 is either unconnected or has no load
WARNING: [Synth 8-7129] Port injectsbiterrb in module xpm_memory_base__parameterized0 is either unconnected or has no load
WARNING: [Synth 8-7129] Port injectdbiterrb in module xpm_memory_base__parameterized0 is either unconnected or has no load
WARNING: [Synth 8-7129] Port sleep in module xpm_memory_base is either unconnected or has no load
WARNING: [Synth 8-7129] Port rsta in module xpm_memory_base is either unconnected or has no load
WARNING: [Synth 8-7129] Port regcea in module xpm_memory_base is either unconnected or has no load
WARNING: [Synth 8-7129] Port injectsbiterra in module xpm_memory_base is either unconnected or has no load
WARNING: [Synth 8-7129] Port injectdbiterra in module xpm_memory_base is either unconnected or has no load
WARNING: [Synth 8-7129] Port clkb in module xpm_memory_base is either unconnected or has no load
WARNING: [Synth 8-7129] Port dinb[52] in module xpm_memory_base is either unconnected or has no load
WARNING: [Synth 8-7129] Port dinb[51] in module xpm_memory_base is either unconnected or has no load
WARNING: [Synth 8-7129] Port dinb[50] in module xpm_memory_base is either unconnected or has no load
WARNING: [Synth 8-7129] Port dinb[49] in module xpm_memory_base is either unconnected or has no load
WARNING: [Synth 8-7129] Port dinb[48] in module xpm_memory_base is either unconnected or has no load
WARNING: [Synth 8-7129] Port dinb[47] in module xpm_memory_base is either unconnected or has no load
WARNING: [Synth 8-7129] Port dinb[46] in module xpm_memory_base is either unconnected or has no load
WARNING: [Synth 8-7129] Port dinb[45] in module xpm_memory_base is either unconnected or has no load
WARNING: [Synth 8-7129] Port dinb[44] in module xpm_memory_base is either unconnected or has no load
WARNING: [Synth 8-7129] Port dinb[43] in module xpm_memory_base is either unconnected or has no load
WARNING: [Synth 8-7129] Port dinb[42] in module xpm_memory_base is either unconnected or has no load
WARNING: [Synth 8-7129] Port dinb[41] in module xpm_memory_base is either unconnected or has no load
WARNING: [Synth 8-7129] Port dinb[40] in module xpm_memory_base is either unconnected or has no load
WARNING: [Synth 8-7129] Port dinb[39] in module xpm_memory_base is either unconnected or has no load
WARNING: [Synth 8-7129] Port dinb[38] in module xpm_memory_base is either unconnected or has no load
WARNING: [Synth 8-7129] Port dinb[37] in module xpm_memory_base is either unconnected or has no load
WARNING: [Synth 8-7129] Port dinb[36] in module xpm_memory_base is either unconnected or has no load
WARNING: [Synth 8-7129] Port dinb[35] in module xpm_memory_base is either unconnected or has no load
WARNING: [Synth 8-7129] Port dinb[34] in module xpm_memory_base is either unconnected or has no load
WARNING: [Synth 8-7129] Port dinb[33] in module xpm_memory_base is either unconnected or has no load
WARNING: [Synth 8-7129] Port dinb[32] in module xpm_memory_base is either unconnected or has no load
WARNING: [Synth 8-7129] Port dinb[31] in module xpm_memory_base is either unconnected or has no load
WARNING: [Synth 8-7129] Port dinb[30] in module xpm_memory_base is either unconnected or has no load
WARNING: [Synth 8-7129] Port dinb[29] in module xpm_memory_base is either unconnected or has no load
WARNING: [Synth 8-7129] Port dinb[28] in module xpm_memory_base is either unconnected or has no load
WARNING: [Synth 8-7129] Port dinb[27] in module xpm_memory_base is either unconnected or has no load
WARNING: [Synth 8-7129] Port dinb[26] in module xpm_memory_base is either unconnected or has no load
WARNING: [Synth 8-7129] Port dinb[25] in module xpm_memory_base is either unconnected or has no load
WARNING: [Synth 8-7129] Port dinb[24] in module xpm_memory_base is either unconnected or has no load
WARNING: [Synth 8-7129] Port dinb[23] in module xpm_memory_base is either unconnected or has no load
WARNING: [Synth 8-7129] Port dinb[22] in module xpm_memory_base is either unconnected or has no load
WARNING: [Synth 8-7129] Port dinb[21] in module xpm_memory_base is either unconnected or has no load
WARNING: [Synth 8-7129] Port dinb[20] in module xpm_memory_base is either unconnected or has no load
WARNING: [Synth 8-7129] Port dinb[19] in module xpm_memory_base is either unconnected or has no load
WARNING: [Synth 8-7129] Port dinb[18] in module xpm_memory_base is either unconnected or has no load
WARNING: [Synth 8-7129] Port dinb[17] in module xpm_memory_base is either unconnected or has no load
WARNING: [Synth 8-7129] Port dinb[16] in module xpm_memory_base is either unconnected or has no load
WARNING: [Synth 8-7129] Port dinb[15] in module xpm_memory_base is either unconnected or has no load
WARNING: [Synth 8-7129] Port dinb[14] in module xpm_memory_base is either unconnected or has no load
WARNING: [Synth 8-7129] Port dinb[13] in module xpm_memory_base is either unconnected or has no load
WARNING: [Synth 8-7129] Port dinb[12] in module xpm_memory_base is either unconnected or has no load
WARNING: [Synth 8-7129] Port dinb[11] in module xpm_memory_base is either unconnected or has no load
WARNING: [Synth 8-7129] Port dinb[10] in module xpm_memory_base is either unconnected or has no load
WARNING: [Synth 8-7129] Port dinb[9] in module xpm_memory_base is either unconnected or has no load
WARNING: [Synth 8-7129] Port dinb[8] in module xpm_memory_base is either unconnected or has no load
WARNING: [Synth 8-7129] Port dinb[7] in module xpm_memory_base is either unconnected or has no load
WARNING: [Synth 8-7129] Port dinb[6] in module xpm_memory_base is either unconnected or has no load
WARNING: [Synth 8-7129] Port dinb[5] in module xpm_memory_base is either unconnected or has no load
WARNING: [Synth 8-7129] Port dinb[4] in module xpm_memory_base is either unconnected or has no load
WARNING: [Synth 8-7129] Port dinb[3] in module xpm_memory_base is either unconnected or has no load
WARNING: [Synth 8-7129] Port dinb[2] in module xpm_memory_base is either unconnected or has no load
WARNING: [Synth 8-7129] Port dinb[1] in module xpm_memory_base is either unconnected or has no load
WARNING: [Synth 8-7129] Port dinb[0] in module xpm_memory_base is either unconnected or has no load
WARNING: [Synth 8-7129] Port injectsbiterrb in module xpm_memory_base is either unconnected or has no load
WARNING: [Synth 8-7129] Port injectdbiterrb in module xpm_memory_base is either unconnected or has no load
WARNING: [Synth 8-7129] Port m_aclk in module xpm_fifo_axis is either unconnected or has no load
WARNING: [Synth 8-7129] Port rd_en in module fifo is either unconnected or has no load
WARNING: [Synth 8-7129] Port mm2s_tstrb[3] in module fifo is either unconnected or has no load
WARNING: [Synth 8-7129] Port mm2s_tstrb[2] in module fifo is either unconnected or has no load
WARNING: [Synth 8-7129] Port mm2s_tstrb[1] in module fifo is either unconnected or has no load
WARNING: [Synth 8-7129] Port mm2s_tstrb[0] in module fifo is either unconnected or has no load
WARNING: [Synth 8-7129] Port mm2s_tdest[3] in module fifo is either unconnected or has no load
INFO: [Common 17-14] Message 'Synth 8-7129' appears 100 times and further instances of the messages will be disabled. Use the Tcl command set_msg_config to change the current settings.
---------------------------------------------------------------------------------
Finished RTL Elaboration : Time (s): cpu = 00:00:08 ; elapsed = 00:00:13 . Memory (MB): peak = 2644.105 ; gain = 638.340 ; free physical = 35994 ; free virtual = 52350
---------------------------------------------------------------------------------
---------------------------------------------------------------------------------
Start Handling Custom Attributes
---------------------------------------------------------------------------------
---------------------------------------------------------------------------------
Finished Handling Custom Attributes : Time (s): cpu = 00:00:08 ; elapsed = 00:00:13 . Memory (MB): peak = 2647.074 ; gain = 641.309 ; free physical = 35995 ; free virtual = 52350
---------------------------------------------------------------------------------
---------------------------------------------------------------------------------
Finished RTL Optimization Phase 1 : Time (s): cpu = 00:00:08 ; elapsed = 00:00:13 . Memory (MB): peak = 2647.074 ; gain = 641.309 ; free physical = 35995 ; free virtual = 52350
---------------------------------------------------------------------------------
Netlist sorting complete. Time (s): cpu = 00:00:00.02 ; elapsed = 00:00:00.01 . Memory (MB): peak = 2647.074 ; gain = 0.000 ; free physical = 35994 ; free virtual = 52350
INFO: [Project 1-570] Preparing netlist for logic optimization

Processing XDC Constraints
Initializing timing engine
Parsing XDC File [/home/pct/Caribou/MPW4_Helmut/MPW4/caribou-soc/caribou-soc.srcs/sources_1/bd/caribou_top/ip/caribou_top_axi_fifo_mm_s_1_0/caribou_top_axi_fifo_mm_s_1_0_ooc.xdc] for cell 'U0'
Finished Parsing XDC File [/home/pct/Caribou/MPW4_Helmut/MPW4/caribou-soc/caribou-soc.srcs/sources_1/bd/caribou_top/ip/caribou_top_axi_fifo_mm_s_1_0/caribou_top_axi_fifo_mm_s_1_0_ooc.xdc] for cell 'U0'
Parsing XDC File [/home/pct/Caribou/MPW4_Helmut/MPW4/caribou-soc/caribou-soc.runs/caribou_top_axi_fifo_mm_s_1_0_synth_1/dont_touch.xdc]
Finished Parsing XDC File [/home/pct/Caribou/MPW4_Helmut/MPW4/caribou-soc/caribou-soc.runs/caribou_top_axi_fifo_mm_s_1_0_synth_1/dont_touch.xdc]
INFO: [Project 1-236] Implementation specific constraints were found while reading constraint file [/home/pct/Caribou/vivado/Vivado/2023.2/data/ip/xpm/xpm_fifo/tcl/xpm_fifo_rst_axis.tcl]. These constraints will be ignored for synthesis but will be used in implementation. Impacted constraints are listed in the file [.Xil/caribou_top_axi_fifo_mm_s_1_0_propImpl.xdc].
Resolution: To avoid this warning, move constraints listed in [.Xil/caribou_top_axi_fifo_mm_s_1_0_propImpl.xdc] to another XDC file and exclude this new file from synthesis with the used_in_synthesis property (File Properties dialog in GUI) and re-run elaboration/synthesis.
INFO: [Project 1-236] Implementation specific constraints were found while reading constraint file [/home/pct/Caribou/vivado/Vivado/2023.2/data/ip/xpm/xpm_fifo/tcl/xpm_fifo_rst.tcl]. These constraints will be ignored for synthesis but will be used in implementation. Impacted constraints are listed in the file [.Xil/caribou_top_axi_fifo_mm_s_1_0_propImpl.xdc].
Resolution: To avoid this warning, move constraints listed in [.Xil/caribou_top_axi_fifo_mm_s_1_0_propImpl.xdc] to another XDC file and exclude this new file from synthesis with the used_in_synthesis property (File Properties dialog in GUI) and re-run elaboration/synthesis.
INFO: [Project 1-1714] 3 XPM XDC files have been applied to the design.
Completed Processing XDC Constraints

Netlist sorting complete. Time (s): cpu = 00:00:00 ; elapsed = 00:00:00 . Memory (MB): peak = 2757.551 ; gain = 0.000 ; free physical = 35946 ; free virtual = 52302
INFO: [Project 1-111] Unisim Transformation Summary:
No Unisim elements were transformed.

Constraint Validation Runtime : Time (s): cpu = 00:00:00.01 ; elapsed = 00:00:00.03 . Memory (MB): peak = 2757.586 ; gain = 0.000 ; free physical = 35946 ; free virtual = 52302
INFO: [Designutils 20-5008] Incremental synthesis strategy off
---------------------------------------------------------------------------------
Finished Constraint Validation : Time (s): cpu = 00:00:13 ; elapsed = 00:00:21 . Memory (MB): peak = 2757.586 ; gain = 751.820 ; free physical = 36241 ; free virtual = 52601
---------------------------------------------------------------------------------
---------------------------------------------------------------------------------
Start Loading Part and Timing Information
---------------------------------------------------------------------------------
Loading part: xc7z045ffg900-2
---------------------------------------------------------------------------------
Finished Loading Part and Timing Information : Time (s): cpu = 00:00:13 ; elapsed = 00:00:21 . Memory (MB): peak = 2757.586 ; gain = 751.820 ; free physical = 36241 ; free virtual = 52601
---------------------------------------------------------------------------------
---------------------------------------------------------------------------------
Start Applying 'set_property' XDC Constraints
---------------------------------------------------------------------------------
Applied set_property KEEP_HIERARCHY = SOFT for U0. (constraint file  /home/pct/Caribou/MPW4_Helmut/MPW4/caribou-soc/caribou-soc.runs/caribou_top_axi_fifo_mm_s_1_0_synth_1/dont_touch.xdc, line 9).
Applied set_property KEEP_HIERARCHY = SOFT for U0/COMP_IPIC2AXI_S/\grxd.COMP_RX_FIFO /\gfifo_gen.COMP_AXIS_FG_FIFO /COMP_FIFO/\gaxis_rst_sync.xpm_cdc_sync_rst_inst . (constraint file  auto generated constraint).
Applied set_property KEEP_HIERARCHY = SOFT for U0/COMP_IPIC2AXI_S/\grxd.COMP_RX_FIFO /\gfifo_gen.COMP_AXIS_FG_FIFO /COMP_FIFO. (constraint file  auto generated constraint).
Applied set_property KEEP_HIERARCHY = SOFT for U0/COMP_IPIC2AXI_S/\grxd.COMP_rx_len_fifo . (constraint file  auto generated constraint).
---------------------------------------------------------------------------------
Finished applying 'set_property' XDC Constraints : Time (s): cpu = 00:00:13 ; elapsed = 00:00:21 . Memory (MB): peak = 2757.586 ; gain = 751.820 ; free physical = 36241 ; free virtual = 52601
---------------------------------------------------------------------------------
INFO: [Synth 8-802] inferred FSM for state register 'state_reg' in module 'slave_attachment'
INFO: [Synth 8-802] inferred FSM for state register 'gen_fwft.curr_fwft_state_reg' in module 'xpm_fifo_base'
INFO: [Synth 8-802] inferred FSM for state register 'gen_fwft.curr_fwft_state_reg' in module 'xpm_fifo_base__parameterized0'
---------------------------------------------------------------------------------------------------
                   State |                     New Encoding |                Previous Encoding 
---------------------------------------------------------------------------------------------------
                 sm_idle |                             0010 |                               00
                 sm_read |                             1000 |                               01
                sm_write |                             0100 |                               10
                 sm_resp |                             0001 |                               11
---------------------------------------------------------------------------------------------------
INFO: [Synth 8-3354] encoded FSM with state register 'state_reg' using encoding 'one-hot' in module 'slave_attachment'
INFO: [Synth 8-5775] Found 'rw_addr_collision' attribute set to 'no' on SDP RAM gen_wr_a.gen_word_narrow.mem_reg. Setting write mode to NO_CHANGE 
---------------------------------------------------------------------------------------------------
                   State |                     New Encoding |                Previous Encoding 
---------------------------------------------------------------------------------------------------
                 invalid |                               00 |                               00
            stage1_valid |                               01 |                               10
       both_stages_valid |                               10 |                               11
            stage2_valid |                               11 |                               01
---------------------------------------------------------------------------------------------------
INFO: [Synth 8-3354] encoded FSM with state register 'gen_fwft.curr_fwft_state_reg' using encoding 'sequential' in module 'xpm_fifo_base'
---------------------------------------------------------------------------------------------------
                   State |                     New Encoding |                Previous Encoding 
---------------------------------------------------------------------------------------------------
                 invalid |                               00 |                               00
            stage1_valid |                               01 |                               10
       both_stages_valid |                               10 |                               11
            stage2_valid |                               11 |                               01
---------------------------------------------------------------------------------------------------
INFO: [Synth 8-3354] encoded FSM with state register 'gen_fwft.curr_fwft_state_reg' using encoding 'sequential' in module 'xpm_fifo_base__parameterized0'
---------------------------------------------------------------------------------
Finished RTL Optimization Phase 2 : Time (s): cpu = 00:00:14 ; elapsed = 00:00:21 . Memory (MB): peak = 2757.586 ; gain = 751.820 ; free physical = 36534 ; free virtual = 52894
---------------------------------------------------------------------------------
---------------------------------------------------------------------------------
Start RTL Component Statistics 
---------------------------------------------------------------------------------
Detailed RTL Component Info : 
+---Adders : 
	   2 Input   22 Bit       Adders := 2     
	   4 Input   16 Bit       Adders := 4     
	   2 Input   16 Bit       Adders := 1     
	   4 Input   15 Bit       Adders := 3     
	   3 Input   15 Bit       Adders := 1     
	   4 Input   14 Bit       Adders := 2     
	   4 Input   13 Bit       Adders := 3     
	   4 Input    2 Bit       Adders := 2     
+---Registers : 
	               53 Bit    Registers := 2     
	               32 Bit    Registers := 2     
	               22 Bit    Registers := 3     
	               17 Bit    Registers := 2     
	               16 Bit    Registers := 5     
	               15 Bit    Registers := 4     
	               14 Bit    Registers := 2     
	               13 Bit    Registers := 3     
	                7 Bit    Registers := 1     
	                4 Bit    Registers := 1     
	                3 Bit    Registers := 2     
	                2 Bit    Registers := 6     
	                1 Bit    Registers := 68    
+---RAMs : 
	            1696K Bit	(32768 X 53 bit)          RAMs := 1     
+---Muxes : 
	   2 Input   32 Bit        Muxes := 5     
	  12 Input   32 Bit        Muxes := 1     
	   2 Input   22 Bit        Muxes := 7     
	   3 Input   22 Bit        Muxes := 1     
	   2 Input   17 Bit        Muxes := 10    
	  12 Input   17 Bit        Muxes := 2     
	  11 Input   17 Bit        Muxes := 3     
	   2 Input    7 Bit        Muxes := 2     
	   2 Input    6 Bit        Muxes := 1     
	   2 Input    5 Bit        Muxes := 1     
	   4 Input    4 Bit        Muxes := 1     
	   2 Input    4 Bit        Muxes := 6     
	   2 Input    2 Bit        Muxes := 64    
	   4 Input    2 Bit        Muxes := 14    
	   2 Input    1 Bit        Muxes := 68    
	   4 Input    1 Bit        Muxes := 4     
	  11 Input    1 Bit        Muxes := 4     
	  12 Input    1 Bit        Muxes := 4     
	  17 Input    1 Bit        Muxes := 1     
---------------------------------------------------------------------------------
Finished RTL Component Statistics 
---------------------------------------------------------------------------------
---------------------------------------------------------------------------------
Start Part Resource Summary
---------------------------------------------------------------------------------
Part Resources:
DSPs: 900 (col length:140)
BRAMs: 1090 (col length: RAMB18 140 RAMB36 70)
---------------------------------------------------------------------------------
Finished Part Resource Summary
---------------------------------------------------------------------------------
---------------------------------------------------------------------------------
Start Cross Boundary and Area Optimization
---------------------------------------------------------------------------------
WARNING: [Synth 8-7080] Parallel synthesis criteria is not met
INFO: [Synth 8-5775] Found 'rw_addr_collision' attribute set to 'no' on SDP RAM gen_wr_a.gen_word_narrow.mem_reg. Setting write mode to NO_CHANGE 
INFO: [Synth 8-5775] Found 'rw_addr_collision' attribute set to 'no' on SDP RAM gen_wr_a.gen_word_narrow.mem_reg. Setting write mode to NO_CHANGE 
INFO: [Synth 8-5775] Found 'rw_addr_collision' attribute set to 'no' on SDP RAM gen_wr_a.gen_word_narrow.mem_reg. Setting write mode to NO_CHANGE 
INFO: [Synth 8-5775] Found 'rw_addr_collision' attribute set to 'no' on SDP RAM gen_wr_a.gen_word_narrow.mem_reg. Setting write mode to NO_CHANGE 
INFO: [Synth 8-5775] Found 'rw_addr_collision' attribute set to 'no' on SDP RAM gen_wr_a.gen_word_narrow.mem_reg. Setting write mode to NO_CHANGE 
INFO: [Synth 8-5775] Found 'rw_addr_collision' attribute set to 'no' on SDP RAM gen_wr_a.gen_word_narrow.mem_reg. Setting write mode to NO_CHANGE 
---------------------------------------------------------------------------------
Finished Cross Boundary and Area Optimization : Time (s): cpu = 00:00:18 ; elapsed = 00:00:25 . Memory (MB): peak = 2757.586 ; gain = 751.820 ; free physical = 36823 ; free virtual = 53181
---------------------------------------------------------------------------------
INFO: [Synth 8-5775] Found 'rw_addr_collision' attribute set to 'no' on SDP RAM gen_wr_a.gen_word_narrow.mem_reg. Setting write mode to NO_CHANGE 
---------------------------------------------------------------------------------
Start ROM, RAM, DSP, Shift Register and Retiming Reporting
---------------------------------------------------------------------------------

Block RAM: Preliminary Mapping Report (see note below)
+----------------------------------------------------------------------------------------------------------------------------------+----------------------------------+------------------------+---+---+------------------------+---+---+------------------+--------+--------+
|Module Name                                                                                                                       | RTL Object                       | PORT A (Depth x Width) | W | R | PORT B (Depth x Width) | W | R | Ports driving FF | RAMB18 | RAMB36 | 
+----------------------------------------------------------------------------------------------------------------------------------+----------------------------------+------------------------+---+---+------------------------+---+---+------------------+--------+--------+
|U0/\COMP_IPIC2AXI_S/grxd.COMP_RX_FIFO/gfifo_gen.COMP_AXIS_FG_FIFO/COMP_FIFO /xpm_fifo_base_inst/\gen_sdpram.xpm_memory_base_inst  | gen_wr_a.gen_word_narrow.mem_reg | 32 K x 53(NO_CHANGE)   | W |   | 32 K x 53(NO_CHANGE)   |   | R | Port A and B     | 0      | 53     | 
+----------------------------------------------------------------------------------------------------------------------------------+----------------------------------+------------------------+---+---+------------------------+---+---+------------------+--------+--------+

Note: The table above is a preliminary report that shows the Block RAMs at the current stage of the synthesis flow. Some Block RAMs may be reimplemented as non Block RAM primitives later in the synthesis flow. Multiple instantiated Block RAMs are reported only once. 

Distributed RAM: Preliminary Mapping Report (see note below)
+------------------------------------------------------------------------------------------------+----------------------------------+----------------+----------------------+----------------+
|Module Name                                                                                     | RTL Object                       | Inference      | Size (Depth x Width) | Primitives     | 
+------------------------------------------------------------------------------------------------+----------------------------------+----------------+----------------------+----------------+
|U0/\COMP_IPIC2AXI_S/grxd.COMP_rx_len_fifo /xpm_fifo_base_inst/\gen_sdpram.xpm_memory_base_inst  | gen_wr_a.gen_word_narrow.mem_reg | User Attribute | 8 K x 22             | RAM64M x 1024  | 
+------------------------------------------------------------------------------------------------+----------------------------------+----------------+----------------------+----------------+

Note: The table above is a preliminary report that shows the Distributed RAMs at the current stage of the synthesis flow. Some Distributed RAMs may be reimplemented as non Distributed RAM primitives later in the synthesis flow. Multiple instantiated RAMs are reported only once.
---------------------------------------------------------------------------------
Finished ROM, RAM, DSP, Shift Register and Retiming Reporting
---------------------------------------------------------------------------------
---------------------------------------------------------------------------------
Start Applying XDC Timing Constraints
---------------------------------------------------------------------------------
---------------------------------------------------------------------------------
Finished Applying XDC Timing Constraints : Time (s): cpu = 00:00:21 ; elapsed = 00:00:29 . Memory (MB): peak = 2757.586 ; gain = 751.820 ; free physical = 37031 ; free virtual = 53391
---------------------------------------------------------------------------------
---------------------------------------------------------------------------------
Start Timing Optimization
---------------------------------------------------------------------------------
INFO: [Synth 8-5775] Found 'rw_addr_collision' attribute set to 'no' on SDP RAM gen_wr_a.gen_word_narrow.mem_reg. Setting write mode to NO_CHANGE 
---------------------------------------------------------------------------------
Finished Timing Optimization : Time (s): cpu = 00:00:22 ; elapsed = 00:00:30 . Memory (MB): peak = 2757.586 ; gain = 751.820 ; free physical = 37056 ; free virtual = 53417
---------------------------------------------------------------------------------
---------------------------------------------------------------------------------
Start ROM, RAM, DSP, Shift Register and Retiming Reporting
---------------------------------------------------------------------------------

Block RAM: Final Mapping Report
+----------------------------------------------------------------------------------------------------------------------------------+----------------------------------+------------------------+---+---+------------------------+---+---+------------------+--------+--------+
|Module Name                                                                                                                       | RTL Object                       | PORT A (Depth x Width) | W | R | PORT B (Depth x Width) | W | R | Ports driving FF | RAMB18 | RAMB36 | 
+----------------------------------------------------------------------------------------------------------------------------------+----------------------------------+------------------------+---+---+------------------------+---+---+------------------+--------+--------+
|U0/\COMP_IPIC2AXI_S/grxd.COMP_RX_FIFO/gfifo_gen.COMP_AXIS_FG_FIFO/COMP_FIFO /xpm_fifo_base_inst/\gen_sdpram.xpm_memory_base_inst  | gen_wr_a.gen_word_narrow.mem_reg | 32 K x 53(NO_CHANGE)   | W |   | 32 K x 53(NO_CHANGE)   |   | R | Port A and B     | 0      | 53     | 
+----------------------------------------------------------------------------------------------------------------------------------+----------------------------------+------------------------+---+---+------------------------+---+---+------------------+--------+--------+


Distributed RAM: Final Mapping Report
+------------------------------------------------------------------------------------------------+----------------------------------+----------------+----------------------+----------------+
|Module Name                                                                                     | RTL Object                       | Inference      | Size (Depth x Width) | Primitives     | 
+------------------------------------------------------------------------------------------------+----------------------------------+----------------+----------------------+----------------+
|U0/\COMP_IPIC2AXI_S/grxd.COMP_rx_len_fifo /xpm_fifo_base_inst/\gen_sdpram.xpm_memory_base_inst  | gen_wr_a.gen_word_narrow.mem_reg | User Attribute | 8 K x 22             | RAM64M x 1024  | 
+------------------------------------------------------------------------------------------------+----------------------------------+----------------+----------------------+----------------+

---------------------------------------------------------------------------------
Finished ROM, RAM, DSP, Shift Register and Retiming Reporting
---------------------------------------------------------------------------------
---------------------------------------------------------------------------------
Start Technology Mapping
---------------------------------------------------------------------------------
INFO: [Synth 8-7052] The timing for the instance U0/COMP_IPIC2AXI_S/grxd.COMP_RX_FIFO/gfifo_gen.COMP_AXIS_FG_FIFO/COMP_FIFO/xpm_fifo_base_inst/gen_sdpram.xpm_memory_base_inst/gen_wr_a.gen_word_narrow.mem_reg_0_32 (implemented as a Block RAM) might be sub-optimal as no optional output register could be merged into the ram block. Providing additional output register may help in improving timing.
INFO: [Synth 8-7052] The timing for the instance U0/COMP_IPIC2AXI_S/grxd.COMP_RX_FIFO/gfifo_gen.COMP_AXIS_FG_FIFO/COMP_FIFO/xpm_fifo_base_inst/gen_sdpram.xpm_memory_base_inst/gen_wr_a.gen_word_narrow.mem_reg_0_33 (implemented as a Block RAM) might be sub-optimal as no optional output register could be merged into the ram block. Providing additional output register may help in improving timing.
INFO: [Synth 8-7052] The timing for the instance U0/COMP_IPIC2AXI_S/grxd.COMP_RX_FIFO/gfifo_gen.COMP_AXIS_FG_FIFO/COMP_FIFO/xpm_fifo_base_inst/gen_sdpram.xpm_memory_base_inst/gen_wr_a.gen_word_narrow.mem_reg_0_34 (implemented as a Block RAM) might be sub-optimal as no optional output register could be merged into the ram block. Providing additional output register may help in improving timing.
INFO: [Synth 8-7052] The timing for the instance U0/COMP_IPIC2AXI_S/grxd.COMP_RX_FIFO/gfifo_gen.COMP_AXIS_FG_FIFO/COMP_FIFO/xpm_fifo_base_inst/gen_sdpram.xpm_memory_base_inst/gen_wr_a.gen_word_narrow.mem_reg_0_35 (implemented as a Block RAM) might be sub-optimal as no optional output register could be merged into the ram block. Providing additional output register may help in improving timing.
INFO: [Synth 8-7052] The timing for the instance U0/COMP_IPIC2AXI_S/grxd.COMP_RX_FIFO/gfifo_gen.COMP_AXIS_FG_FIFO/COMP_FIFO/xpm_fifo_base_inst/gen_sdpram.xpm_memory_base_inst/gen_wr_a.gen_word_narrow.mem_reg_0_36 (implemented as a Block RAM) might be sub-optimal as no optional output register could be merged into the ram block. Providing additional output register may help in improving timing.
INFO: [Synth 8-7052] The timing for the instance U0/COMP_IPIC2AXI_S/grxd.COMP_RX_FIFO/gfifo_gen.COMP_AXIS_FG_FIFO/COMP_FIFO/xpm_fifo_base_inst/gen_sdpram.xpm_memory_base_inst/gen_wr_a.gen_word_narrow.mem_reg_0_37 (implemented as a Block RAM) might be sub-optimal as no optional output register could be merged into the ram block. Providing additional output register may help in improving timing.
INFO: [Synth 8-7052] The timing for the instance U0/COMP_IPIC2AXI_S/grxd.COMP_RX_FIFO/gfifo_gen.COMP_AXIS_FG_FIFO/COMP_FIFO/xpm_fifo_base_inst/gen_sdpram.xpm_memory_base_inst/gen_wr_a.gen_word_narrow.mem_reg_0_38 (implemented as a Block RAM) might be sub-optimal as no optional output register could be merged into the ram block. Providing additional output register may help in improving timing.
INFO: [Synth 8-7052] The timing for the instance U0/COMP_IPIC2AXI_S/grxd.COMP_RX_FIFO/gfifo_gen.COMP_AXIS_FG_FIFO/COMP_FIFO/xpm_fifo_base_inst/gen_sdpram.xpm_memory_base_inst/gen_wr_a.gen_word_narrow.mem_reg_0_39 (implemented as a Block RAM) might be sub-optimal as no optional output register could be merged into the ram block. Providing additional output register may help in improving timing.
INFO: [Synth 8-7052] The timing for the instance U0/COMP_IPIC2AXI_S/grxd.COMP_RX_FIFO/gfifo_gen.COMP_AXIS_FG_FIFO/COMP_FIFO/xpm_fifo_base_inst/gen_sdpram.xpm_memory_base_inst/gen_wr_a.gen_word_narrow.mem_reg_0_40 (implemented as a Block RAM) might be sub-optimal as no optional output register could be merged into the ram block. Providing additional output register may help in improving timing.
INFO: [Synth 8-7052] The timing for the instance U0/COMP_IPIC2AXI_S/grxd.COMP_RX_FIFO/gfifo_gen.COMP_AXIS_FG_FIFO/COMP_FIFO/xpm_fifo_base_inst/gen_sdpram.xpm_memory_base_inst/gen_wr_a.gen_word_narrow.mem_reg_0_41 (implemented as a Block RAM) might be sub-optimal as no optional output register could be merged into the ram block. Providing additional output register may help in improving timing.
INFO: [Synth 8-7052] The timing for the instance U0/COMP_IPIC2AXI_S/grxd.COMP_RX_FIFO/gfifo_gen.COMP_AXIS_FG_FIFO/COMP_FIFO/xpm_fifo_base_inst/gen_sdpram.xpm_memory_base_inst/gen_wr_a.gen_word_narrow.mem_reg_0_42 (implemented as a Block RAM) might be sub-optimal as no optional output register could be merged into the ram block. Providing additional output register may help in improving timing.
INFO: [Synth 8-7052] The timing for the instance U0/COMP_IPIC2AXI_S/grxd.COMP_RX_FIFO/gfifo_gen.COMP_AXIS_FG_FIFO/COMP_FIFO/xpm_fifo_base_inst/gen_sdpram.xpm_memory_base_inst/gen_wr_a.gen_word_narrow.mem_reg_0_43 (implemented as a Block RAM) might be sub-optimal as no optional output register could be merged into the ram block. Providing additional output register may help in improving timing.
INFO: [Synth 8-7052] The timing for the instance U0/COMP_IPIC2AXI_S/grxd.COMP_RX_FIFO/gfifo_gen.COMP_AXIS_FG_FIFO/COMP_FIFO/xpm_fifo_base_inst/gen_sdpram.xpm_memory_base_inst/gen_wr_a.gen_word_narrow.mem_reg_0_44 (implemented as a Block RAM) might be sub-optimal as no optional output register could be merged into the ram block. Providing additional output register may help in improving timing.
INFO: [Synth 8-7052] The timing for the instance U0/COMP_IPIC2AXI_S/grxd.COMP_RX_FIFO/gfifo_gen.COMP_AXIS_FG_FIFO/COMP_FIFO/xpm_fifo_base_inst/gen_sdpram.xpm_memory_base_inst/gen_wr_a.gen_word_narrow.mem_reg_0_45 (implemented as a Block RAM) might be sub-optimal as no optional output register could be merged into the ram block. Providing additional output register may help in improving timing.
INFO: [Synth 8-7052] The timing for the instance U0/COMP_IPIC2AXI_S/grxd.COMP_RX_FIFO/gfifo_gen.COMP_AXIS_FG_FIFO/COMP_FIFO/xpm_fifo_base_inst/gen_sdpram.xpm_memory_base_inst/gen_wr_a.gen_word_narrow.mem_reg_0_46 (implemented as a Block RAM) might be sub-optimal as no optional output register could be merged into the ram block. Providing additional output register may help in improving timing.
INFO: [Synth 8-7052] The timing for the instance U0/COMP_IPIC2AXI_S/grxd.COMP_RX_FIFO/gfifo_gen.COMP_AXIS_FG_FIFO/COMP_FIFO/xpm_fifo_base_inst/gen_sdpram.xpm_memory_base_inst/gen_wr_a.gen_word_narrow.mem_reg_0_47 (implemented as a Block RAM) might be sub-optimal as no optional output register could be merged into the ram block. Providing additional output register may help in improving timing.
INFO: [Synth 8-7052] The timing for the instance U0/COMP_IPIC2AXI_S/grxd.COMP_RX_FIFO/gfifo_gen.COMP_AXIS_FG_FIFO/COMP_FIFO/xpm_fifo_base_inst/gen_sdpram.xpm_memory_base_inst/gen_wr_a.gen_word_narrow.mem_reg_0_48 (implemented as a Block RAM) might be sub-optimal as no optional output register could be merged into the ram block. Providing additional output register may help in improving timing.
INFO: [Synth 8-7052] The timing for the instance U0/COMP_IPIC2AXI_S/grxd.COMP_RX_FIFO/gfifo_gen.COMP_AXIS_FG_FIFO/COMP_FIFO/xpm_fifo_base_inst/gen_sdpram.xpm_memory_base_inst/gen_wr_a.gen_word_narrow.mem_reg_0_49 (implemented as a Block RAM) might be sub-optimal as no optional output register could be merged into the ram block. Providing additional output register may help in improving timing.
INFO: [Synth 8-7052] The timing for the instance U0/COMP_IPIC2AXI_S/grxd.COMP_RX_FIFO/gfifo_gen.COMP_AXIS_FG_FIFO/COMP_FIFO/xpm_fifo_base_inst/gen_sdpram.xpm_memory_base_inst/gen_wr_a.gen_word_narrow.mem_reg_0_50 (implemented as a Block RAM) might be sub-optimal as no optional output register could be merged into the ram block. Providing additional output register may help in improving timing.
INFO: [Synth 8-7052] The timing for the instance U0/COMP_IPIC2AXI_S/grxd.COMP_RX_FIFO/gfifo_gen.COMP_AXIS_FG_FIFO/COMP_FIFO/xpm_fifo_base_inst/gen_sdpram.xpm_memory_base_inst/gen_wr_a.gen_word_narrow.mem_reg_0_51 (implemented as a Block RAM) might be sub-optimal as no optional output register could be merged into the ram block. Providing additional output register may help in improving timing.
---------------------------------------------------------------------------------
Finished Technology Mapping : Time (s): cpu = 00:00:23 ; elapsed = 00:00:31 . Memory (MB): peak = 2757.586 ; gain = 751.820 ; free physical = 37085 ; free virtual = 53444
---------------------------------------------------------------------------------
---------------------------------------------------------------------------------
Start IO Insertion
---------------------------------------------------------------------------------
---------------------------------------------------------------------------------
Start Flattening Before IO Insertion
---------------------------------------------------------------------------------
---------------------------------------------------------------------------------
Finished Flattening Before IO Insertion
---------------------------------------------------------------------------------
---------------------------------------------------------------------------------
Start Final Netlist Cleanup
---------------------------------------------------------------------------------
---------------------------------------------------------------------------------
Finished Final Netlist Cleanup
---------------------------------------------------------------------------------
---------------------------------------------------------------------------------
Finished IO Insertion : Time (s): cpu = 00:00:27 ; elapsed = 00:00:35 . Memory (MB): peak = 2757.586 ; gain = 751.820 ; free physical = 38869 ; free virtual = 55228
---------------------------------------------------------------------------------
---------------------------------------------------------------------------------
Start Renaming Generated Instances
---------------------------------------------------------------------------------
---------------------------------------------------------------------------------
Finished Renaming Generated Instances : Time (s): cpu = 00:00:27 ; elapsed = 00:00:35 . Memory (MB): peak = 2757.586 ; gain = 751.820 ; free physical = 38869 ; free virtual = 55228
---------------------------------------------------------------------------------
---------------------------------------------------------------------------------
Start Rebuilding User Hierarchy
---------------------------------------------------------------------------------
---------------------------------------------------------------------------------
Finished Rebuilding User Hierarchy : Time (s): cpu = 00:00:27 ; elapsed = 00:00:35 . Memory (MB): peak = 2757.586 ; gain = 751.820 ; free physical = 41678 ; free virtual = 58038
---------------------------------------------------------------------------------
---------------------------------------------------------------------------------
Start Renaming Generated Ports
---------------------------------------------------------------------------------
---------------------------------------------------------------------------------
Finished Renaming Generated Ports : Time (s): cpu = 00:00:27 ; elapsed = 00:00:35 . Memory (MB): peak = 2757.586 ; gain = 751.820 ; free physical = 41678 ; free virtual = 58038
---------------------------------------------------------------------------------
---------------------------------------------------------------------------------
Start Handling Custom Attributes
---------------------------------------------------------------------------------
---------------------------------------------------------------------------------
Finished Handling Custom Attributes : Time (s): cpu = 00:00:27 ; elapsed = 00:00:35 . Memory (MB): peak = 2757.586 ; gain = 751.820 ; free physical = 41679 ; free virtual = 58038
---------------------------------------------------------------------------------
---------------------------------------------------------------------------------
Start Renaming Generated Nets
---------------------------------------------------------------------------------
---------------------------------------------------------------------------------
Finished Renaming Generated Nets : Time (s): cpu = 00:00:27 ; elapsed = 00:00:35 . Memory (MB): peak = 2757.586 ; gain = 751.820 ; free physical = 41679 ; free virtual = 58038
---------------------------------------------------------------------------------
---------------------------------------------------------------------------------
Start Writing Synthesis Report
---------------------------------------------------------------------------------

Report BlackBoxes: 
+-+--------------+----------+
| |BlackBox name |Instances |
+-+--------------+----------+
+-+--------------+----------+

Report Cell Usage: 
+------+---------+------+
|      |Cell     |Count |
+------+---------+------+
|1     |CARRY4   |    67|
|2     |LUT1     |     4|
|3     |LUT2     |    99|
|4     |LUT3     |    51|
|5     |LUT4     |    86|
|6     |LUT5     |    84|
|7     |LUT6     |   940|
|8     |MUXF7    |   340|
|9     |MUXF8    |   160|
|10    |RAM64M   |   896|
|11    |RAMB36E1 |    53|
|13    |FDRE     |  2974|
|14    |FDSE     |    20|
+------+---------+------+
---------------------------------------------------------------------------------
Finished Writing Synthesis Report : Time (s): cpu = 00:00:27 ; elapsed = 00:00:35 . Memory (MB): peak = 2757.586 ; gain = 751.820 ; free physical = 41679 ; free virtual = 58038
---------------------------------------------------------------------------------
Synthesis finished with 0 errors, 0 critical warnings and 324 warnings.
Synthesis Optimization Runtime : Time (s): cpu = 00:00:25 ; elapsed = 00:00:33 . Memory (MB): peak = 2757.586 ; gain = 641.309 ; free physical = 41647 ; free virtual = 58006
Synthesis Optimization Complete : Time (s): cpu = 00:00:27 ; elapsed = 00:00:35 . Memory (MB): peak = 2757.586 ; gain = 751.820 ; free physical = 41647 ; free virtual = 58006
INFO: [Project 1-571] Translating synthesized netlist
Netlist sorting complete. Time (s): cpu = 00:00:00.06 ; elapsed = 00:00:00.07 . Memory (MB): peak = 2757.586 ; gain = 0.000 ; free physical = 41890 ; free virtual = 58262
INFO: [Netlist 29-17] Analyzing 1516 Unisim elements for replacement
INFO: [Netlist 29-28] Unisim Transformation completed in 0 CPU seconds
WARNING: [Netlist 29-101] Netlist 'caribou_top_axi_fifo_mm_s_1_0' is not ideal for floorplanning, since the cellview 'xpm_memory_base__parameterized0' contains a large number of primitives.  Please consider enabling hierarchy in synthesis if you want to do floorplanning.
INFO: [Project 1-570] Preparing netlist for logic optimization
INFO: [Opt 31-138] Pushed 0 inverter(s) to 0 load pin(s).
Netlist sorting complete. Time (s): cpu = 00:00:00 ; elapsed = 00:00:00 . Memory (MB): peak = 2757.586 ; gain = 0.000 ; free physical = 41552 ; free virtual = 57912
INFO: [Project 1-111] Unisim Transformation Summary:
  A total of 896 instances were transformed.
  RAM64M => RAM64M (RAMD64E(x4)): 896 instances

Synth Design complete | Checksum: 3aeb91f4
INFO: [Common 17-83] Releasing license: Synthesis
157 Infos, 126 Warnings, 0 Critical Warnings and 0 Errors encountered.
synth_design completed successfully
synth_design: Time (s): cpu = 00:00:34 ; elapsed = 00:00:43 . Memory (MB): peak = 2757.586 ; gain = 1169.246 ; free physical = 41469 ; free virtual = 57829
INFO: [Common 17-2834] synth_design peak Physical Memory [PSS] (MB): overall = 1949.137; main = 1657.326; forked = 328.161
INFO: [Common 17-2834] synth_design peak Virtual Memory [VSS] (MB): overall = 4381.105; main = 2757.555; forked = 1655.566
Write ShapeDB Complete: Time (s): cpu = 00:00:00.05 ; elapsed = 00:00:00.03 . Memory (MB): peak = 2781.562 ; gain = 0.000 ; free physical = 41462 ; free virtual = 57825
INFO: [Common 17-1381] The checkpoint '/home/pct/Caribou/MPW4_Helmut/MPW4/caribou-soc/caribou-soc.runs/caribou_top_axi_fifo_mm_s_1_0_synth_1/caribou_top_axi_fifo_mm_s_1_0.dcp' has been generated.
INFO: [Coretcl 2-1648] Added synthesis output to IP cache for IP caribou_top_axi_fifo_mm_s_1_0, cache-ID = 9d473929f76dde70
INFO: [Coretcl 2-1174] Renamed 47 cell refs.
Write ShapeDB Complete: Time (s): cpu = 00:00:00.05 ; elapsed = 00:00:00.02 . Memory (MB): peak = 2781.562 ; gain = 0.000 ; free physical = 42207 ; free virtual = 58601
INFO: [Common 17-1381] The checkpoint '/home/pct/Caribou/MPW4_Helmut/MPW4/caribou-soc/caribou-soc.runs/caribou_top_axi_fifo_mm_s_1_0_synth_1/caribou_top_axi_fifo_mm_s_1_0.dcp' has been generated.
INFO: [runtcl-4] Executing : report_utilization -file caribou_top_axi_fifo_mm_s_1_0_utilization_synth.rpt -pb caribou_top_axi_fifo_mm_s_1_0_utilization_synth.pb
INFO: [Common 17-206] Exiting Vivado at Mon Mar 24 09:28:40 2025...
